21 0 232 188 281 277 282 32 284 185 121 243 271 170 16 68 141 59 89 242 111 199 
23 296 166 174 53 214 230 29 102 244 204 82 50 11 207 48 101 181 12 106 265 112 272 97 
22 180 128 241 28 217 40 146 172 239 295 14 202 73 258 114 209 119 205 10 126 288 293 
27 216 157 222 64 254 122 158 26 27 236 268 3 86 177 160 197 237 190 70 25 201 142 152 131 43 208 278 
25 33 61 163 298 253 191 117 109 195 23 140 22 6 269 147 42 76 83 196 155 104 223 256 94 31 
27 167 283 90 235 93 287 138 98 5 81 118 139 124 219 248 35 45 291 20 292 71 297 176 143 262 135 145 
27 65 238 266 255 250 78 289 264 51 67 55 115 182 192 154 228 252 280 215 66 100 206 279 37 233 151 17 
22 54 30 120 251 47 186 231 1 240 229 123 69 194 189 178 270 49 46 153 84 257 183 
15 85 173 77 9 52 149 247 211 132 169 274 2 165 130 175 
1 168 
1 36 
1 116 
1 221 
1 234 
1 212 
1 108 
1 249 
1 87 
1 34 
1 275 
1 41 
1 179 
1 164 
1 184 
1 75 
1 99 
1 103 
1 80 
1 110 
1 88 
1 72 
1 259 
1 294 
1 148 
1 8 
1 4 
1 7 
1 162 
1 159 
1 134 
1 203 
1 161 
1 127 
1 13 
1 133 
1 246 
1 62 
1 260 
1 286 
1 299 
1 210 
1 276 
1 24 
1 95 
1 136 
1 92 
1 220 
1 58 
1 290 
1 137 
1 15 
1 227 
1 285 
1 273 
1 218 
1 193 
1 150 
1 107 
1 74 
1 105 
1 144 
1 213 
1 225 
1 18 
1 156 
1 171 
1 63 
1 56 
1 125 
1 187 
1 60 
1 19 
1 38 
1 261 
1 200 
1 263 
1 198 
1 57 
1 44 
1 245 
1 267 
1 79 
1 129 
1 226 
1 21 
1 224 
1 113 
1 96 
1 91 
1 39 
