2 9504 6517 
2 8890 5903 
2 2581 4796 
2 8670 8563 
2 2384 7206 
2 7468 9287 
2 7013 1855 
2 1135 5071 
2 8773 1880 
2 203 2887 
2 7227 6527 
2 2418 4027 
2 3654 2053 
2 8227 4941 
2 9121 4471 
2 7716 3560 
2 7270 1817 
4 6252 6544 5284 3286 
3 719 8306 9579 
2 2176 7433 
3 4679 8071 3767 
2 6321 5226 
3 563 3760 1546 
4 1178 8303 9750 1015 
2 3647 5441 
2 3321 7581 
3 7109 9954 9044 
2 7948 6753 
2 3578 1159 
3 3696 3936 7376 
3 6031 9483 7678 
3 9256 4411 9763 
3 5137 1381 4557 
3 9550 9925 2939 
3 6403 8192 3207 
3 2015 2212 6190 
2 6039 1339 
3 4829 9377 8599 
2 5991 1000 
3 7913 7444 820 
2 2736 978 
3 1105 3381 2758 
3 8758 1208 2528 
3 311 6879 1555 
3 7936 9252 6686 
3 9913 3614 7632 
2 7325 492 
2 3202 8824 
3 8878 9251 4469 
2 9459 1376 
3 9449 4717 4646 
3 5649 7464 8596 
3 8184 5371 3491 
4 3358 7909 3809 3795 
3 8965 8968 1143 
3 8578 4070 9824 
3 1563 3362 773 
3 7862 9349 7025 
3 3708 2288 8330 
2 8967 180 
4 549 7347 1067 1206 
4 1776 3291 7613 5562 
6 2735 8564 8189 7779 2346 4836 
4 4948 1002 872 2486 
3 1192 1844 7153 
2 9927 8727 
3 4644 4520 8730 
3 5480 1626 9636 
3 7575 5553 1922 
5 3580 2327 4352 7284 4793 
6 3090 7318 8086 7891 4048 3341 
5 768 3311 7379 4006 1344 
7 7957 8559 3564 4475 6150 3193 9868 
3 6912 1319 9723 
8 1209 8675 9291 3168 8290 2717 7122 7809 
7 1560 9187 789 5721 1529 3709 7910 
7 9313 9411 8271 6794 9920 1146 2430 
7 5934 6952 9670 3655 9985 7684 5059 
8 3055 5902 7711 7198 6740 233 8253 3119 
2 2573 7061 
10 6466 9207 610 3239 1724 4877 9090 8792 2751 5968 
9 5018 4098 2278 5402 1228 9402 6208 1023 5513 
8 4058 113 8029 3138 3334 7196 23 4483 
3 2297 9186 9803 
3 3608 2412 9520 
12 4758 1815 4882 6044 7709 1113 9463 4255 8719 4528 2110 1293 
8 1273 2507 1794 3257 3758 211 2866 4818 
3 666 3729 2445 
8 7929 1879 1492 7020 1421 9744 1246 4138 
9 8292 2429 8587 6662 2166 8073 5858 4588 9360 
10 4309 9020 9626 219 2589 8458 726 3739 9249 5886 
10 1867 6418 3667 2324 3990 2523 3557 4065 4301 8047 
10 2519 6361 6269 1447 3409 3651 6200 854 9019 9515 
9 6381 6900 2828 3245 7329 3104 5307 4838 7773 
10 5970 2313 6529 477 9649 4084 2112 9346 1061 1949 
8 9563 7064 1512 6735 7373 4629 7453 174 
10 6822 6767 3333 7864 3540 9503 5295 6744 8605 7097 
11 5324 3527 2531 3697 9046 8158 6884 3833 8546 6591 7432 
3 6377 6610 1190 
11 2465 554 5971 3410 2296 1384 902 5954 4830 3230 5478 
11 4078 8698 7849 3049 1860 8848 9845 1959 4450 7075 1785 
10 4435 9698 8787 8302 7210 1651 8254 2649 3086 3827 
12 187 4056 4536 6780 6843 1414 1024 8426 209 9109 3225 2951 
4 5983 7147 4052 6868 
5 3147 864 908 6515 9049 
10 1040 1332 9820 9935 2026 457 7314 2981 310 4317 
9 7657 7455 567 7114 4511 1177 9804 6238 5067 
12 6663 5881 394 7293 6654 3918 5491 7319 1970 5377 2541 9418 
11 4525 7186 6656 696 5615 6877 9267 332 5593 8788 4604 
5 2718 4329 389 7926 4702 
11 7070 8489 4984 5237 3826 1142 3396 9735 7239 6463 2265 
12 6689 1883 7188 5027 7810 1323 400 2495 6536 9289 8111 8402 
13 3629 1227 8213 7140 1838 4387 1013 6239 2074 6293 39 8553 5742 
13 4839 6502 3546 5218 8149 6135 9996 8892 9495 6245 6647 7990 6583 
3 7804 7972 9489 
13 6670 9733 6139 817 8459 7224 9011 318 313 5914 4420 3028 1123 
14 1757 9166 7028 7435 3236 9452 8586 1363 6430 3325 6076 5444 7483 2593 
12 88 6189 8024 3005 8557 6752 3773 4863 2825 2171 1027 4949 
12 474 8783 1407 2233 1406 4648 7546 6327 9702 8245 7506 2669 
12 8477 5227 4873 6485 7993 1773 7768 3430 7662 5679 5780 5281 
13 3607 3249 8932 7687 3276 4693 2436 8447 5920 4405 6825 8571 6960 
14 423 19 2603 6404 190 3640 8699 1697 8978 507 7152 7113 3824 7383 
14 1992 8630 3294 1170 1609 7156 2538 8566 4761 5711 5815 6484 1695 7362 
14 3371 1637 9405 658 1784 3197 8739 4635 2147 8348 7534 8373 1956 6600 
16 9847 5727 7612 9347 2738 2942 4537 6155 3779 6473 3566 6399 8028 5969 1706 4181 
12 2247 7889 1605 5387 4208 2426 1524 935 2896 6222 1140 1022 
14 2061 2424 4583 1438 3596 7320 8020 6053 4228 6340 5732 1459 943 7458 
14 303 3579 7398 8736 4781 2123 271 9385 2056 3433 5437 3751 2099 3705 
16 7005 7287 9406 8484 7180 5743 3849 493 4815 6645 2654 6197 3088 6319 6855 2349 
14 8175 5808 6849 8262 9052 1090 4624 2782 1102 1326 5124 384 7760 2088 
16 606 5213 3575 7230 2079 2536 9128 8021 874 47 1252 9138 2343 2359 6090 9732 
14 6412 7129 699 3148 8055 2742 4154 3368 212 6480 3507 5317 7015 9519 
14 9752 9852 7553 2714 5358 1734 5517 8224 8902 8035 8173 5382 1037 4325 
15 8731 7512 1372 739 4428 8104 6004 6409 5017 3778 379 8815 5979 9372 4355 
15 3549 2641 8425 6658 6123 2788 2512 7585 2642 3512 6173 1676 2693 5919 9530 
14 2009 9473 4260 5572 8435 1625 3354 6875 4482 4493 494 6762 5975 9910 
16 4071 8209 1630 6199 4885 5875 7846 5049 5887 1430 881 388 1433 4736 5250 5888 
15 1138 5359 4706 6110 2006 5654 442 5621 1046 4953 4709 8895 9914 9436 8572 
8 8711 6547 7380 1422 9613 4523 4868 5127 
17 9679 6329 5948 6558 109 627 2357 315 8370 8410 7934 1685 415 4559 9740 9754 6207 
16 9619 4414 3208 5034 2838 8376 8323 6851 4507 1186 5344 3694 137 2177 3635 4879 
16 2883 2899 7704 2748 4546 9246 965 8274 35 5662 1835 454 8244 641 4361 8803 
17 5335 3384 9137 1593 7471 1689 2915 3092 6765 977 3232 5557 5426 7609 5985 25 2481 
14 3442 9544 5990 2928 8774 6410 6669 2338 9737 9897 6333 613 7482 305 
18 5235 6747 3029 4959 3951 5113 6493 9191 7927 1564 5158 7438 8996 6548 2710 8422 9072 7824 
15 5868 4437 2791 7116 8449 5500 8207 6634 2031 3116 867 584 2977 2620 9569 
16 7965 7104 9851 5393 6457 7082 8715 7248 7102 5626 9071 2132 408 1411 923 3111 
18 1097 945 1984 1852 6924 7451 5744 8277 3910 3603 3740 984 3530 2480 8326 5573 5141 3075 
15 2917 7357 5698 9974 7677 1251 9556 435 9586 4913 1111 636 3163 7655 6665 
18 5440 3160 5818 5856 5487 2106 3196 4455 5710 3017 3050 3680 4205 657 7778 1736 693 9693 
13 5717 328 1100 1635 3176 481 4107 7277 767 2556 7068 2191 7621 
16 8950 9685 9768 3170 9691 6756 6420 5347 210 856 249 8830 576 7522 1416 925 
18 6277 513 842 4223 2422 5510 5112 9306 1588 2690 5425 6563 7174 3669 799 3145 1670 1284 
17 2720 3891 6304 2230 7428 5746 1674 9627 1267 7867 1755 7535 7579 3986 6622 6129 4417 
18 519 8629 2335 3572 9595 3329 2293 6168 1995 5540 6567 9751 6597 6904 3135 8031 1998 7599 
16 3167 3424 9412 9087 3976 4200 3865 730 4349 8940 9199 4636 8793 6143 4439 3878 
17 9409 2520 166 5466 4112 4170 892 2957 4080 4666 8995 2954 7176 5169 2760 2777 835 
18 2432 5060 3067 2963 6068 6786 3024 6164 1869 2783 8464 4704 8194 1721 7275 5008 3161 3861 
13 1269 8713 2784 6206 1218 8448 2470 7193 9381 6910 1016 3508 3367 
15 9003 8548 661 2143 8979 4184 9869 5816 533 4123 3315 3829 5909 4810 766 
15 7952 3459 8203 6741 3601 4164 3510 1260 9042 9497 2075 3685 8661 894 1545 
17 5693 6455 2975 7117 1530 5189 3188 3632 2382 6244 81 4068 8038 9541 5950 4321 2533 
17 3817 9274 4194 9666 2711 6159 3989 9255 150 9105 7557 5830 6247 6850 5910 2308 6018 
15 6541 2511 5890 3461 200 2401 839 4657 9179 6274 4744 350 4249 688 9359 
16 6901 1489 277 9401 4575 8573 4196 565 9030 6966 3398 952 4939 5134 4470 5578 
10 7108 5282 825 7884 8493 7150 6297 5140 2237 2709 
16 3307 6951 8786 2198 9965 3947 601 511 6475 1346 3439 7971 3227 6581 5589 8000 
17 9976 4935 4233 608 8832 9282 8440 7446 448 6550 643 5457 819 5658 684 1789 1114 
19 9514 7792 8328 5369 5006 1030 530 4661 7638 6125 7337 3445 9392 97 8780 9817 5000 1018 7359 
18 672 2455 4910 9469 5771 9316 1121 4421 6942 2216 3537 871 4862 7680 524 1682 4898 6834 
16 6198 6804 3068 1010 4630 3317 5516 9815 849 7342 7816 7501 1944 594 9848 3638 
18 2316 8574 9806 5748 2118 4848 9559 8588 7000 2754 3181 7679 8819 8099 742 8886 8994 7092 
21 5445 9813 206 5089 7406 5636 7648 2539 284 2881 3594 3022 8609 9229 5864 7650 6382 3272 9451 5891 4665 
19 1066 2566 5214 2657 4833 6202 409 1955 1221 497 8614 4940 7988 8667 1709 129 6114 9509 218 
11 1803 4705 7663 8167 189 5394 5211 2851 262 1713 2448 
16 375 482 4794 2626 7372 3426 3066 4973 1365 3169 1 8620 4043 3027 4419 3870 
20 2571 9320 9602 6003 6192 5541 9012 9890 428 1518 4404 4207 1553 5994 6562 3534 8857 3389 5498 240 
19 2695 8784 7631 3821 2681 245 720 4720 5686 933 4366 4819 1947 5064 5734 7528 852 3312 5254 
19 5192 6307 7430 9543 8462 5996 8040 3129 3991 951 6503 633 2706 8809 9687 9836 4772 798 89 
19 1900 2780 1313 9874 3403 502 8309 4673 2167 780 8188 2173 7316 2125 3292 9686 6801 3246 3288 
19 7561 6255 8198 9631 5285 8157 4807 3199 4854 9135 156 4824 680 9462 5705 264 9999 2007 1431 
22 1315 248 1804 697 5829 4109 1054 7249 4686 4088 7994 1474 5847 6416 5635 7037 8200 3774 3252 4390 9764 1312 
20 1515 5507 3541 9078 4502 7255 3830 1904 1628 3051 9100 2240 4433 4802 8958 2269 7280 8982 6520 1131 
21 6002 6265 5090 128 5025 5554 6450 326 9487 1777 3453 6133 7555 5021 624 5350 6692 6988 9663 7600 6362 
21 6263 7975 7637 8835 4299 41 3263 8536 5712 9464 2178 2527 7014 2882 3689 8048 7835 5325 1442 7519 4569 
21 7499 6296 1640 8382 498 8351 8346 1655 1986 9575 7668 2000 7643 8239 5556 6298 4100 5997 1821 8070 4438 
22 1335 3786 1908 9830 4875 7666 9286 718 8653 2551 6009 2368 5809 6462 1842 4135 7767 605 4022 8606 6320 8046 
21 7401 8915 1240 3490 199 4980 6922 267 6523 9364 1565 2984 550 5764 3650 1289 1316 4465 8139 3887 542 
21 9675 1276 4867 7086 5535 6711 7876 6220 7226 6575 5287 9158 7811 3940 6618 7940 600 1763 6499 4337 3388 
23 5300 9805 1223 3866 1830 2973 5120 5205 4826 9512 9819 7191 2857 4415 5062 6680 9403 4373 229 2678 5296 6363 3346 
21 700 7465 168 7574 5955 3073 1843 9353 656 8298 9232 3731 3432 9474 1513 6387 9258 4275 9048 6514 8726 
23 713 9640 1527 5699 3717 6836 2518 4153 439 7690 378 8110 9065 6062 141 7924 9658 8077 2582 3330 1427 0 8883 
21 48 2904 3200 3462 3475 9633 9382 5756 330 146 5724 2966 9833 7490 5171 6830 3178 3516 8679 2298 3552 
22 9084 8434 1200 9944 3544 6360 655 9705 4141 4245 921 3393 9478 230 5391 5561 8975 995 9601 8762 2510 7487 
25 8708 9485 9926 69 2605 3816 5757 5777 9297 3375 5054 2982 5660 9062 7019 6674 592 6995 3061 5168 3515 4580 9600 1478 9391 
24 4742 2440 9045 8816 7580 2399 6069 989 975 6413 9345 5650 6580 2406 9505 9160 4121 776 320 9021 8632 486 1652 7521 
24 6831 6718 6128 3083 4246 4285 9144 8338 7243 4225 7085 4020 7710 6089 5241 4584 2128 4235 7635 940 1666 8340 6397 8433 
23 7475 3411 1233 2537 3108 6012 8133 7236 95 2036 4656 9625 7682 553 3624 7267 7630 2670 4191 6072 2812 1586 8722 
22 6815 4733 8554 3105 1997 57 7870 4003 7434 4024 3502 105 5782 6699 5470 8107 5851 723 3926 8929 6365 265 
25 7429 9628 2305 5957 7602 8285 6058 6186 9696 3605 9524 8747 2473 7762 1537 9644 6248 6540 589 7997 6509 7218 6441 5604 4908 
23 7119 4920 6029 802 6021 5663 9549 4782 5602 7494 4481 6132 76 2680 4698 2805 8946 905 7703 2615 3265 1285 396 
24 3253 3875 9757 419 7874 615 4202 417 640 2937 5751 3205 6251 6907 2630 2768 4950 1533 3324 1286 1356 7771 9429 2862 
21 5497 135 8823 950 3602 4064 6474 7737 6903 9180 348 876 1561 2933 9880 1882 7536 4500 9055 2491 807 
22 1005 1500 8868 6338 3191 1994 290 3783 4914 6537 7558 4857 967 3722 8935 7753 884 4005 251 4727 5763 6494 
20 4214 1508 8991 9104 6710 3915 1977 9130 4017 9647 3278 8481 2893 581 6124 9748 9840 7844 3298 4998 
24 4094 2425 5182 9254 7554 3114 98 3966 9680 5668 9341 9576 4274 1239 2315 5094 194 285 2285 5152 2876 31 4144 437 
23 3693 8521 7572 3921 8856 9654 1723 8146 846 1634 6512 559 7344 2122 9810 928 9533 6226 6560 9921 3733 8119 9624 
26 2920 9947 6984 5212 2497 4703 1550 9657 1503 9562 3554 2916 9949 607 5674 377 6066 1428 7510 5072 2619 687 3091 5255 6914 3972 
24 622 956 4016 3938 4558 7683 1580 2934 4250 9002 9457 6729 3952 8820 6104 3570 3277 8986 8906 3828 8999 3337 5813 6564 
23 117 7312 2261 9634 3585 6000 830 8419 3840 6141 6078 7665 578 7078 9659 6602 7189 5664 9621 1216 9986 6911 946 
26 9707 7172 1873 4050 483 119 4410 5240 5156 9743 2333 376 4344 8851 8665 2645 6999 2021 5479 4573 9076 4412 7947 9862 1021 1234 
24 8329 9769 7567 8637 5892 2992 2967 6818 2686 5917 5690 7448 5465 5260 21 9894 3438 4925 5597 1893 3905 879 3903 1047 
22 568 2856 4602 3058 782 9557 4938 3615 982 354 382 6630 4074 6769 7368 7782 6495 9528 8998 4774 440 2476 
25 4601 4115 164 5566 6771 1729 6352 6749 3666 1792 172 1797 3583 1613 2790 8506 6301 5801 1229 9682 8357 3297 5802 71 3890 
25 5086 7787 6498 5719 4028 3220 9314 6856 1963 2731 2577 645 8529 3345 8798 7296 6974 6102 9083 9788 4763 558 6477 2463 5618 
24 5299 7686 6316 1272 2639 8085 9795 8766 596 506 6526 9273 5962 1282 4314 3216 2561 5877 7815 1610 5776 9865 3964 4823 
24 2135 9951 4957 4029 3036 9620 7323 3885 3906 6023 8412 4872 369 8237 8023 7363 8153 4051 7658 1426 5348 5147 7182 4841 
25 1305 266 5477 8791 4613 4658 8219 1460 8989 5234 4409 6313 5238 9639 9322 698 8344 5908 7330 5164 7556 8568 2502 9301 5867 
24 8640 6842 1201 5012 1627 3319 6454 2442 9064 2999 5366 3338 6596 880 2923 7195 813 2858 8202 6259 9548 7056 5639 5031 
26 8102 4376 8093 7190 8772 4869 9511 6742 1601 4137 2651 9681 6989 708 6946 4072 4128 7707 9153 8297 4572 1849 5272 1118 7904 7908 
25 4379 665 9871 6356 6764 6392 5620 1386 32 6425 1863 2323 2852 3122 1660 1051 8339 3699 155 1035 8881 7854 258 3320 5646 
26 8703 8682 3565 8681 5511 6615 3414 5779 5627 5107 7382 9182 8353 1864 2330 8097 938 2684 9784 4122 4175 4212 3633 2806 6217 5842 
25 3855 5303 2235 2570 8768 2663 9450 5539 5678 6538 2060 5495 7457 8610 3496 5373 5794 6543 6225 9929 8276 8394 1751 446 2521 
27 8310 2245 7698 3026 4291 152 9018 3616 8059 9190 5503 9118 8259 252 9151 1831 7498 5176 5532 8473 6894 1400 8061 9578 8080 6348 6763 
25 2949 3842 3542 9164 9477 7442 1175 5783 8796 8079 753 3802 5374 5298 2907 8334 3536 2063 9245 2214 9253 5898 9760 8251 1538 
23 7861 381 5351 4396 9738 3420 5352 7628 8155 5433 4645 5913 2407 5608 6306 4000 1322 5570 8845 9966 8913 2747 8278 
11 306 9231 8304 1525 4015 6582 8949 9648 2172 6 8776 
26 677 9712 208 1491 6119 1684 9872 6438 7685 3789 9410 5628 1768 6041 6389 4768 4840 5326 2142 7200 548 8934 8215 6322 4231 3646 
25 5860 895 4297 7492 761 2250 9492 1913 8187 7883 6402 7386 9156 7516 6013 1819 9376 78 5738 2549 5828 5197 6075 8885 1439 
27 6916 8795 2181 9116 8042 8128 6739 2635 6446 8034 6357 2409 6886 1181 4971 4639 979 8534 7094 26 1132 8822 4492 3703 9585 7146 3014 
23 4059 4101 3807 5291 2997 3047 6985 1693 4659 8937 3117 772 2121 7387 7142 8284 8471 1554 9672 3504 4385 609 1562 
24 4494 611 2041 3112 4035 2787 2180 2952 6261 3949 8785 8585 2192 7633 3323 1854 8231 2405 4992 1108 5138 4936 4811 1557 
25 9325 4587 8831 9037 5428 7211 2464 1222 1667 3701 8421 1762 4119 425 1891 4012 582 2546 1918 8704 9456 631 5811 7476 6889 
26 7956 7034 6927 2352 8575 4615 7922 8368 2140 6601 6969 4786 7847 3867 7488 8064 2769 7497 2461 1889 4952 1808 9708 3020 8397 3350 
26 4150 7246 2077 5601 4652 6703 8955 6398 5656 986 4595 7933 5087 3211 2115 9998 538 9933 991 620 5461 1385 6845 8581 8332 9217 
25 1543 1845 6034 4139 9527 992 3054 922 8445 5453 7253 5622 8761 9652 4561 1781 9739 5320 7898 7367 3056 8356 9609 3620 1836 
26 4008 241 1106 6305 2059 1910 3879 3270 6648 6048 2781 9068 353 8413 4496 2722 6116 8431 5080 2454 3519 6725 1935 2004 8702 1088 
24 9140 5135 7840 8615 9419 3370 832 823 6101 5088 2653 7729 1364 5306 6452 1034 9943 7720 1936 8759 5365 432 5533 3018 
25 6783 9538 3038 475 100 3818 3663 7209 2207 572 1281 3759 3429 7080 7727 7090 9238 9741 3296 4965 5346 3256 3702 4320 8753 
26 9888 3493 7882 1496 2799 1647 1465 9610 2600 3082 4403 9645 4441 5221 9379 9607 9397 8010 7125 588 4678 2487 6015 7899 2155 3340 
20 5245 1245 3468 5036 161 422 8806 629 7513 8843 6678 9826 539 3805 1119 5103 7511 1940 4530 3755 
28 9305 2741 4806 7208 9832 4585 66 6638 9209 5187 1884 3721 9127 4326 5279 2809 8182 7659 1818 7250 686 1623 2894 2759 4599 5294 6060 6881 
24 1978 9171 7759 4372 6652 102 3057 5799 9761 1487 5844 6426 6056 4539 4832 3173 1033 5840 9444 9257 4380 5404 8490 2279 
25 6807 2217 5267 5584 3194 7785 5228 6584 4318 7692 7479 4063 9731 2602 816 2729 134 9026 7930 7408 2499 3957 3742 4177 7279 
25 7928 7232 7364 92 5263 2033 8504 7203 6024 8379 9394 2979 7162 7903 5481 5380 4532 1253 4900 183 7059 6614 5669 2411 1163 
27 3156 3732 8854 4007 2105 1215 8530 4544 6380 6814 5375 8671 9159 8909 4147 8218 8108 7627 1551 3374 8828 324 1333 1354 8156 2337 3548 
24 6228 4990 8191 2119 6216 8367 6809 9202 942 595 1160 6178 5070 8767 3210 3844 5502 6371 8900 3810 9540 7053 4127 9683 
22 7399 7732 3366 3993 9375 9617 9537 1587 5409 1415 4503 5952 6566 9542 4204 4082 9588 4991 8525 2998 3134 6518 
28 3030 1324 8037 2927 8236 2776 6182 5069 1733 6272 3636 7901 1453 127 2702 3031 7392 9321 7352 4762 815 4358 2902 1007 6256 18 831 7402 
24 7040 1079 4764 3215 7477 1294 3435 7245 8876 2126 2675 6962 8505 5684 4625 8063 4152 3081 6431 8230 1615 7744 1642 3737 
29 3555 6705 671 4171 3477 1369 2585 751 4880 8112 9262 6336 1349 8190 4089 254 5941 7749 774 744 2431 9755 6935 2162 288 1077 7784 9471 1914 
27 3444 9923 8642 4713 225 8403 4643 529 7916 1352 1232 6967 8652 7010 7143 8160 1772 6325 4722 8009 1342 4436 3868 1847 8948 8718 728 
30 4618 8951 4485 4605 7912 7135 2696 5422 6346 169 2900 9678 2732 7096 3482 3524 9896 2246 1071 6146 4942 7672 7285 1703 8619 9642 4735 948 3864 8364 
27 273 1686 9033 2831 7636 6643 4749 1902 531 3190 2613 7041 444 2270 9849 5610 1747 7757 9919 7588 5136 9047 5812 784 441 8240 9310 
30 6695 6026 6270 9134 9710 2771 85 5642 9276 380 3970 552 7856 3102 990 9284 4924 3609 1979 7788 7699 8526 6972 3363 6687 4751 6616 4730 9895 3382 
25 8962 4555 8523 5837 7548 4593 8030 660 907 9242 6805 6832 6932 9513 3959 8904 5730 9664 9295 3682 6099 6501 6158 9184 9714 
26 837 8176 8882 3775 2209 8094 6280 7276 4607 4099 7425 8263 1475 9031 9822 216 243 2749 2283 3472 3917 2433 2263 2822 6887 2300 
26 2869 2919 4541 2745 4986 8973 617 8742 8595 9564 3784 9858 7274 4773 959 6880 5486 9697 8115 2462 8170 7242 7050 5412 362 2488 
28 6724 6196 9546 1331 46 300 5766 2385 5050 6896 853 1745 7263 1746 883 40 9143 8072 2037 1094 8565 1056 1894 2070 8411 5509 5151 6928 
29 3869 9981 4021 8555 1355 2482 5043 6639 8273 7282 704 1263 5838 5082 7315 9964 8500 4224 1875 2599 8576 1435 470 3001 9726 8201 2092 8441 3850 
24 734 5866 2304 9742 2434 9466 5579 1311 3958 4371 8782 5405 6243 3454 257 1486 80 2204 8914 2251 712 4931 9608 685 
27 9393 3513 5853 7730 4664 6871 7595 9561 1886 4256 8151 2404 120 5100 7830 2612 9270 3752 4173 4468 9903 7157 5762 2096 5198 7127 8095 
29 7463 9684 8116 292 4034 9842 2673 7043 7411 2578 7642 7777 7134 7066 7334 272 7842 4340 1814 5401 3788 4612 43 3980 8341 2698 9765 562 2363 
24 4855 6570 8938 1169 1256 2320 4930 5170 1436 7697 6677 3750 2694 6873 561 964 8549 2018 9058 6005 8891 1542 1663 8466 
29 8518 9475 9165 646 6213 3290 5701 2160 6698 775 3098 7278 2802 7941 6279 847 7503 2370 9029 3213 6813 8745 2124 9856 2071 1481 3676 8430 2946 
28 9216 896 9972 4966 2652 8118 1968 2930 3124 2011 7171 9481 9458 5400 3790 1096 6085 7101 7978 985 7741 7520 4174 5961 1180 2474 6717 6585 
20 6745 1441 9263 6589 3451 8272 5603 1299 6460 2154 2740 836 6755 8936 5518 4812 9653 1280 14 438 
26 84 6172 9570 1189 91 1250 6407 7256 1511 9177 709 3099 4828 2234 2557 3469 2478 8672 8359 5505 2342 8006 5248 5580 5484 1009 
25 4377 2291 1182 1152 1443 9035 3364 7808 9889 6719 7309 674 6672 1942 6157 2844 2765 4442 1321 7194 2889 5223 4172 4476 5376 
28 5769 5695 3326 2665 8695 6422 2044 8597 9846 2797 2076 2661 5116 3904 3434 9089 1679 8624 7192 9821 9363 4252 2202 6214 488 5883 962 1925 
28 920 7746 2394 6784 1846 8737 1509 5576 159 4384 2187 8860 9948 4477 6188 8987 1700 3597 3494 4608 5384 5330 3503 7450 6349 7836 2677 8622 
26 4637 1098 8300 115 2377 2817 7745 6716 4400 9952 9357 1779 4623 6681 1464 3968 9718 6823 1780 9615 5683 9547 762 4054 5322 9107 
27 769 8228 3062 2355 7693 8694 1494 9900 9070 1631 8970 3746 5193 5550 8266 8743 8150 1042 614 8121 6229 7259 7775 3889 6311 7610 6170 
10 4887 6793 3060 1895 3179 7623 6032 329 7524 4472 
26 4090 7456 8804 9962 5045 6657 4356 2753 2360 4724 5899 8014 1176 6696 8705 1702 5340 5980 7747 2715 3728 9211 3634 5637 1087 2555 
30 3988 177 1109 4756 1985 6359 6893 1862 2543 7118 3532 3531 4958 1081 1937 2290 7931 93 3186 5097 6513 2003 6264 412 6046 7892 8508 1645 7410 8235 
27 4307 8378 4798 9604 6956 843 4331 1325 2362 9265 3785 1583 461 9912 2057 6059 9103 5785 8437 4025 2524 9756 7071 8923 7291 3688 7601 
27 1833 1738 8101 1211 3839 4792 826 64 3418 6081 691 9539 2275 1859 6121 947 3293 7062 5520 9899 9102 1659 9883 3166 6817 8319 2310 
30 4842 2640 4300 5713 9234 3165 5861 4858 3793 178 403 6374 4497 374 4888 106 2525 7614 6898 3222 2762 6859 1423 1199 7688 9338 427 4286 3637 2983 
29 222 8990 6237 2386 4696 8220 7445 7761 6971 1412 4213 8324 3261 9812 3394 3476 3547 7872 1073 4876 6014 5181 654 2416 604 148 8389 3748 6203 
26 6706 5014 4328 74 9975 9101 546 5803 7466 1062 7769 8953 6925 7754 6820 9324 1041 1409 9152 1654 9924 7859 6936 6184 3741 7518 
27 5885 560 1168 2667 7629 9809 3465 6283 175 993 9195 397 2867 1791 235 6165 4073 7340 3360 2091 3852 73 6291 1303 702 9770 171 
28 6961 7187 6331 6082 6098 2505 3675 6737 6476 1725 5951 8485 8542 8687 5099 5201 153 6578 694 4092 870 1816 322 5834 7023 360 6384 5687 
28 957 969 3981 8827 7216 3770 949 4398 294 1523 6094 9928 2415 9054 777 3811 515 196 7265 8294 4381 4148 8199 2136 1225 5652 6795 5613 
29 4894 9132 2969 9963 1521 2453 3247 8243 2477 4130 8058 659 4270 4195 3901 1930 2548 7763 9798 8281 5098 9081 4345 5531 4261 9861 1204 7069 2621 
30 24 7048 244 4327 1110 6491 6902 8257 886 930 2924 4617 649 4045 6587 5632 4159 2052 2931 5268 1371 4198 5747 5010 9599 7850 4808 6309 8561 3848 
27 29 3657 8617 9641 1595 458 4278 9424 7576 462 6593 6344 138 1787 9790 3592 1568 9583 8387 6042 3209 8971 2483 3006 4510 6521 787 
28 1664 8018 8800 2260 2810 7169 8631 9655 1480 3735 2045 5995 8510 6864 3845 7009 2444 4852 4712 9843 1347 8821 1144 8666 535 2032 2592 3573 
28 297 1943 4227 9272 5310 147 4834 821 3373 9288 514 2292 6659 1476 4302 6106 1166 4244 1976 3359 2936 9453 1878 323 8468 1699 4844 9092 
25 2944 1644 4347 9440 3974 5792 2072 1455 7837 6268 1297 3271 2184 5379 1591 2284 2793 6145 5118 205 5066 8836 1633 4934 6465 
27 2356 3648 9028 8214 9075 9516 4944 5835 2884 2220 8486 4989 4236 1960 8662 2796 5117 8325 2334 7504 1126 5178 5895 3143 4820 3611 1957 
25 8204 1302 3623 3930 3896 5001 2107 9027 3203 6367 2388 2948 4209 2498 4937 5625 6617 6511 8623 651 9787 5475 6676 5334 5644 
14 8088 8345 1541 2364 1283 8165 3137 5820 2811 6355 3900 1579 3492 912 
31 5424 9133 1620 3228 459 4397 2314 2558 715 4552 8869 9264 8956 9408 3146 1872 4353 15 5559 4825 736 4365 1026 8365 4915 3736 6287 1219 9147 6470 4230 
27 268 7907 8560 5160 8981 1309 1710 2156 5967 9553 934 5702 2054 163 2439 355 2042 2144 9170 5850 6611 4600 179 7051 579 2637 3229 
29 2559 4699 7532 7515 3258 9612 8164 4884 6882 9566 7812 1458 4163 7764 9441 4221 1394 7718 5582 5104 3992 4985 9398 2795 7878 7989 1919 2815 4339 
28 961 1101 8407 1257 7562 7103 3622 2395 6727 9228 6163 8945 6393 7793 8293 9421 242 1806 5976 5736 5084 8056 4753 6035 301 2697 2469 3053 
27 9283 3798 8686 1259 9082 6161 7081 7984 2108 4775 711 286 987 8659 929 9038 6773 1749 6249 8335 5229 8633 1367 7295 143 6576 1129 
28 372 3909 4871 1004 352 8984 8062 2095 7829 9077 4105 2842 3754 7794 3782 6775 5786 6262 7046 9448 7706 3118 7478 2629 5489 2326 8538 7733 
27 1888 1912 2885 4895 4776 3305 3621 5033 9222 2035 7271 5514 4113 5933 6571 5417 5167 9661 6282 1432 6010 7233 6761 33 4364 3441 4241 
29 2986 2515 6579 5526 5915 7604 6746 3155 7915 6865 4117 4638 4491 7770 3044 8007 8004 4351 7790 8721 996 850 5810 367 717 8469 9484 4069 8067 
27 8520 2875 5452 4969 4677 5009 2648 5123 6156 3133 9388 5564 8864 2402 5619 9205 3625 5689 223 9961 1462 7589 4972 7962 5053 3771 7036 
29 8342 7301 7197 2164 7715 8288 7569 508 1338 9248 5824 8645 8296 9729 5105 8229 7065 6281 5166 1358 8248 2413 54 9567 2970 4779 6840 393 521 
29 8840 3895 7234 509 1752 2565 6218 5770 8801 9496 8316 7805 2467 1820 8051 6683 484 4136 4614 7917 8720 8016 8162 1764 165 2428 1536 2773 3139 
11 2591 8598 6572 5590 9175 5 2668 763 926 5821 7461 
21 1874 5356 4247 3466 7691 1790 8026 3079 1946 9225 8917 1933 2381 9299 4672 750 4004 5430 5638 4281 3113 
29 541 599 5219 1220 3499 2972 5451 3946 2906 9268 4907 1429 2547 4449 9192 2835 8540 4272 9939 2451 7130 6759 8678 7420 3427 9580 5431 7393 1559 
26 1194 118 4206 4767 7873 4498 4594 3843 2921 4800 9911 6386 6848 9358 1905 5396 10 6545 8081 291 2726 4956 652 4140 722 5047 
30 445 1643 8664 2025 9632 2898 4853 1504 2174 4653 1716 4714 7724 1531 1393 8918 3174 3221 2087 7047 3919 2676 8512 9699 1156 6323 5749 9878 6895 3804 
29 3281 833 8075 7207 2374 1391 5998 7415 2048 4046 2989 2568 9526 1589 4114 7381 9303 3714 9112 2995 4333 5506 706 8805 6445 4752 5536 4210 9380 
30 9523 8644 2206 516 8401 716 7843 6757 9844 6067 7592 485 9438 2264 6134 6883 2596 2244 3813 7560 9780 9989 8270 7121 8837 5949 191 6212 5020 1653 
28 9799 9701 1008 3157 6751 3505 9980 1117 5907 7564 9623 5101 5700 5074 808 7164 6824 3487 4947 2500 9978 45 4176 6300 1582 8838 8888 6127 
31 2008 121 5567 7817 2393 9837 3085 4031 8952 193 1193 6930 3859 1048 9073 1104 1639 6235 6312 9534 7802 3395 647 7919 418 6303 6792 3304 7496 2922 4220 
30 8395 1330 4689 865 1179 6379 8312 1466 8033 8444 7366 5879 1069 2397 402 4426 1715 5143 4715 2567 7923 5648 6768 4548 5190 1813 7992 3347 8870 6635 
14 476 3776 6038 973 2682 510 5383 3273 1759 1049 4431 6112 1341 9715 
31 3149 7370 9482 9789 7573 8638 5709 7361 342 523 1799 3874 1045 9370 5076 1248 5878 1448 4701 1590 9056 6790 4835 2380 1298 351 7031 5378 9146 312 2872 
14 1399 1320 1604 8432 6224 5827 2911 226 3158 2258 756 9552 5293 5004 
29 4143 3421 2043 1292 3691 365 544 9950 1271 3425 52 6885 9167 2248 8193 5804 65 4388 8729 9460 3700 2820 4577 7452 1802 7673 6481 828 4367 
29 3471 7145 1417 7167 3314 1896 1197 5386 7822 8103 9859 2023 5959 1198 1981 7918 5005 6891 7351 198 8126 8757 9053 269 5345 4901 2608 5819 998 
20 1778 5630 30 4406 9987 7796 1499 3686 4232 116 2913 220 9124 3419 1769 259 6335 5146 6019 6827 
31 55 5708 9823 5323 6179 6838 387 3584 4293 7474 7339 4784 9992 9319 6915 1264 9157 936 8551 495 7100 6020 6530 293 2968 2849 7577 8249 5003 6152 4262 
31 5341 1539 2958 6909 7508 4866 7493 1392 281 2040 7726 6808 7221 5462 7894 4019 612 3595 1424 1396 2016 6947 748 7397 4542 3730 3794 4977 3591 9973 4460 
27 9864 4211 3765 7654 130 2065 8533 897 9611 1348 4892 2366 9221 918 9230 5247 361 6064 8522 4932 6555 6899 1092 5563 2379 5977 3506 
29 6115 3997 1584 4921 2910 5372 9584 6103 6921 9074 5725 3231 8691 9592 9433 6722 1921 916 7288 5416 3599 5823 1712 9582 6427 9839 4401 1213 416 
31 2912 8159 6391 8416 4111 1203 3710 1603 2534 1532 280 6120 9667 1934 1638 7866 5092 8343 7743 5258 2311 9587 6561 5676 6766 4691 8391 3327 9004 3533 8834 
31 4687 8760 536 1368 5534 215 2766 8603 9226 8494 3862 3372 3673 1692 7414 5188 4394 2078 8492 8475 7328 8922 5184 3642 1362 1754 822 188 1408 1456 8931 
34 2576 9106 3851 4564 7045 4104 8562 4062 4634 4856 9882 8148 890 862 3498 2622 6800 3450 9298 6201 3846 5314 3413 1058 9946 4423 9040 2302 3322 9336 7154 3571 6405 7421 
20 5332 4628 7998 5302 9724 6451 8017 3356 3300 3447 3630 3598 4748 1766 5327 7705 7241 844 7713 913 
27 5598 275 4282 1871 2086 4167 8550 3007 7422 9838 9720 7542 4087 1688 9908 4335 3593 6131 3820 7945 4427 6417 911 5338 1899 6994 528 
27 6913 7857 2846 9362 6905 7222 8746 2082 1188 2104 8928 2229 4453 4654 4060 5733 8258 8246 4362 4142 6028 4258 4668 4162 3791 1705 4215 
26 4788 3799 8446 5569 7987 8186 1461 9208 4734 2468 5329 8988 6406 2935 2299 2186 3013 1853 4240 9119 3034 5703 7634 764 7736 6917 
32 4346 6443 4675 857 463 1389 2179 6140 4787 2373 6211 9881 2417 8366 9694 4821 5208 2319 3847 9163 8532 6679 1457 3448 3074 1707 6108 2196 3180 770 464 158 
30 157 2901 8871 3509 9420 9001 1861 4456 7920 8901 6641 8502 1598 9328 1924 6684 5670 5364 1308 1786 1296 3235 1732 6720 5773 5316 3023 2865 4996 2509 
12 7110 9366 4280 456 5946 3159 6976 7437 690 9660 5653 8611 
23 1973 8109 2034 8027 5256 9000 1748 9219 3039 9508 467 9435 450 5945 2587 6169 556 5960 5048 7426 7789 5758 8577 
30 5161 7407 2241 319 586 1612 395 4086 6345 7712 8491 4667 1470 6223 4690 2713 2580 6953 6945 5052 8233 2050 3187 3431 1490 8451 9057 2100 7563 9982 
13 5982 6378 3738 3223 3387 4238 7800 4968 5599 3136 3718 5737 2213 
28 4495 6181 6437 9734 4981 8799 5289 1656 9141 7525 4642 8125 202 5527 4582 4964 4626 6874 4166 2447 505 8418 7584 8295 6482 707 1473 1437 
29 3103 7806 5301 2272 4550 893 3757 9015 2141 6253 8450 9574 6839 6866 8307 7807 3973 9630 5106 4899 5215 3125 1446 8354 5624 8959 9307 7667 2116 
32 6160 7900 6642 7624 5901 4685 8134 7120 7967 8511 2089 2607 6036 3854 7647 4085 6963 5210 9333 4906 4647 8314 1535 2763 9389 8839 5236 8825 9960 4603 6603 5230 
33 9581 7389 3561 2874 7341 7305 7949 4566 4499 6987 2281 9240 9934 2829 7823 3308 8926 9968 5041 8460 1307 5577 3613 9431 471 9455 9278 336 3280 7290 5232 7228 9829 
30 1735 9300 4263 7149 5040 133 1774 3285 8807 2332 9800 7231 5163 3127 4125 7651 4997 5482 1262 28 2514 1811 6787 4757 804 9493 6074 6688 8065 9688 
31 6965 2737 5768 4014 2601 3761 2513 9368 2383 7004 3121 2938 1907 8826 3269 1317 3154 8903 5640 6117 4218 9447 4850 2792 5634 5450 8657 3042 4169 4799 6604 
31 1866 9155 5519 5692 4266 6605 8741 6821 5039 1800 5305 4343 2479 8814 1967 9302 5385 1519 855 9395 2148 1243 3996 4182 2987 8658 1858 2908 5485 2277 4448 
32 6424 9006 8225 1810 2804 3463 2228 9785 1771 953 2309 5154 7006 6619 7594 9330 7502 7077 1383 2443 9593 9665 5925 6626 6516 9422 9275 5130 669 1064 8113 7151 
29 2941 2636 5155 255 8963 1911 6519 9479 2375 793 3924 5278 83 724 3925 4443 5357 2978 3076 7247 5414 5912 8322 1795 3681 5544 1060 8331 7087 
31 5716 2 501 3443 4651 6806 6708 1255 490 8911 2841 4096 1897 1012 3556 1756 9779 5016 8749 3567 3004 5257 1397 3935 6432 1915 1187 8355 4570 1939 6468 
31 580 7205 3967 8650 2909 4711 8105 8627 3474 3295 6713 3501 8646 779 1840 9361 4777 714 6459 173 4322 5132 7671 3941 5493 8663 7165 3853 2991 3046 5647 
30 585 4718 4533 7262 3645 6726 5026 2438 3963 2151 7266 1420 670 5583 3574 6728 7701 889 201 9945 2378 3485 3407 7960 2993 1350 5893 5889 7467 4023 
22 499 3610 8547 6857 3070 67 543 9758 9671 8299 6977 8927 7675 5363 7403 3558 3856 944 6065 6644 6350 4660 
29 8406 4515 8764 5133 5411 3436 2808 3428 3672 7384 2863 7689 4916 2345 7587 3449 1982 634 3877 1622 3526 8483 3590 7390 2877 1526 9294 3679 5612 
28 2020 1980 9085 4378 1741 3550 2535 4473 3282 5472 1681 2051 8755 7148 4279 8933 6983 6142 7095 6276 6318 1744 1868 8206 9668 8641 8947 7937 
15 2660 8976 3234 8954 6847 5761 7622 6054 919 3063 2529 16 898 6241 6095 
29 5381 5073 7440 4009 4219 6292 866 9407 338 6447 754 6231 4357 3267 3404 4093 8590 1310 9958 3551 3927 42 6154 4447 2133 3835 3390 2819 413 
33 7141 2526 4486 4248 3948 9778 3328 6240 8428 4330 1592 7755 3661 8289 6625 7462 9994 9983 4055 9879 6396 126 1606 752 6736 5918 3911 6435 8516 13 2376 8032 9197 
28 7799 2504 7865 5523 9351 4747 8688 1876 8974 4669 9139 4851 2959 518 2344 4710 8247 7591 6802 1690 1927 3015 5496 6958 9507 2964 3619 9169 
34 8728 4562 11 4033 8916 3753 8136 5880 2633 6138 8383 4002 8268 5042 3772 7620 4038 8291 2501 2859 5872 2017 8842 7999 8417 4671 5793 4298 8011 8752 455 5825 1923 7044 
30 8179 6375 3977 7547 7566 7132 5473 8212 9043 7645 5262 8693 399 3999 7021 7507 8177 2139 1351 8221 8141 904 1241 3464 1484 5549 4134 8808 8374 745 
32 9979 695 692 5083 6730 8960 3377 6290 9022 683 6888 3339 4692 575 3470 5464 6353 1624 1753 1078 9239 2236 34 4030 1975 7756 8893 1086 6093 6788 2840 4110 
31 3008 4893 5353 2218 1328 3 6810 3077 4106 6779 2945 9941 2850 639 9110 7791 800 9716 517 1668 9835 1765 5339 4680 1788 6554 1238 5432 298 1085 2609 
32 7640 5023 3606 5172 5992 9378 6743 2137 9023 282 6920 8400 8140 5694 7626 7935 3907 5122 7615 7735 5349 2739 5530 5633 1214 2918 6535 1074 5937 8503 1028 6892 
29 6607 1395 7394 7220 1029 5442 5929 2614 7879 924 1337 6908 90 4988 5767 405 7106 2354 6812 487 5186 2131 4983 4700 1479 1983 3690 6631 3009 
34 9901 5999 9722 37 689 618 7091 2341 151 1720 9247 7178 2631 5651 3182 304 4264 6234 6423 7286 9337 9194 7160 6869 3704 7139 6037 79 2466 4284 4563 6991 2516 4348 
34 7911 2452 6488 8692 6772 9114 4290 7750 3894 434 4487 8545 8748 9884 5704 8470 8261 9490 4590 4770 6897 5019 4001 3525 207 1877 4632 1149 6621 2550 4157 805 7996 1314 
32 3457 4688 1130 1783 2024 4843 4543 1822 2153 6047 9136 122 8775 3902 9150 8872 274 7529 2994 9867 6176 970 2572 9807 5185 6949 5897 9801 7625 3719 7968 9977 
24 7346 112 6415 6926 283 3115 5139 4591 6043 356 4565 3763 1990 3563 2002 8608 3600 7530 4995 5202 9290 4683 2926 9343 
31 3743 4457 2506 2390 5180 9783 7570 9498 2837 5537 6799 7298 3123 6444 2400 2437 3052 4032 7798 8181 4754 7853 2347 4395 2069 7038 6531 1594 3284 6191 5765 
14 3539 5420 3142 2027 5203 3796 7304 2249 5024 6096 3219 8275 4479 2703 
30 6456 8601 9706 3416 4168 1031 8616 6712 5389 9113 4845 7007 6982 4489 238 7944 5862 4560 1770 2351 1025 3881 5331 829 5993 9745 7057 6242 6113 2545 
34 5406 2268 4809 3392 2595 5911 4682 5313 9767 740 3065 5715 6326 5032 887 678 9709 2205 5529 7734 2947 3962 9423 3376 4961 6929 9891 2353 4928 8849 6978 9010 4061 3310 
30 3025 3251 1236 1217 1534 8074 4312 1471 6939 9142 1468 4547 6167 9292 1075 3351 3455 2197 3342 8161 3096 4254 9594 5754 101 1413 9501 8879 2134 4197 
19 364 5191 2861 6682 732 4251 9193 8689 1566 217 2903 1258 7902 4967 6624 6051 4976 6324 4042 
25 873 4440 6970 2175 3316 5587 4979 9384 7781 2109 1649 1235 5852 5035 2127 334 7168 6284 7358 4551 6302 4556 4108 2530 7820 
31 7229 7237 17 4368 5958 366 8649 6366 527 9355 8750 9816 1767 5243 279 6542 3016 2721 2552 8844 5217 2348 9367 167 1231 869 2001 2940 4049 8122 2138 
31 7088 8264 5981 1988 6171 6863 239 9917 278 357 3893 5600 1154 1870 7024 6816 453 2634 5943 2215 888 8584 3662 9791 6506 5930 6148 673 4926 1987 9304 
33 489 3011 9213 863 4044 4518 6861 2955 2854 256 1834 909 6862 5061 1501 5102 4746 6083 6785 261 7551 7871 473 7201 2111 3019 2350 9266 7416 8082 7436 7731 7322 
30 3692 6339 232 9955 6940 9428 1387 958 386 8544 2532 1832 8961 6187 9554 4549 1964 1493 8583 8810 3955 6577 7419 9713 7970 1694 1599 4040 9827 9721 
33 6649 3473 8242 9643 6609 4075 6522 1277 2159 2129 1761 3808 4620 2340 5904 103 6122 5233 859 3266 6376 4974 2553 5286 9991 185 5707 289 9099 6250 2329 8078 4081 
30 2774 2756 8127 4407 6774 4805 3201 3150 537 6778 3072 9571 6436 1714 5308 8817 3101 4461 8969 1237 6938 9904 4766 1991 2886 1095 1760 2203 4432 1345 
34 8509 8725 1050 1516 3241 5216 3141 1402 3045 5986 7326 8811 8593 9988 5259 5292 9480 8833 4430 9930 7786 7661 340 9399 7388 9236 2262 1495 8487 3792 5787 1931 5051 8690 
31 583 2990 2960 6833 6442 4190 5249 8993 4429 8169 1629 8415 1275 733 7538 3489 4464 6948 1672 875 4076 5483 8409 6388 2716 1737 3612 9413 7343 5896 2890 
33 61 1065 1953 9183 8591 6574 2231 6629 6858 6846 7819 3212 3832 512 9185 6414 8997 77 8673 125 803 8438 6267 7240 2083 9400 9984 9997 4416 6594 7297 7954 759 
31 5343 9148 4217 1597 6505 8621 4978 4993 6733 5512 5002 433 999 3979 4459 6105 4237 9828 7273 2254 339 4239 8944 564 2929 8195 9154 6980 6819 7136 790 
33 5304 4912 6612 6137 6486 9250 7353 8129 276 22 7860 7260 8025 3406 8656 5565 2956 8841 8813 9674 1839 2242 8778 6180 5126 8866 6709 4341 317 82 6087 5750 60 
30 6694 8166 4265 4919 7016 7552 9967 8049 9331 4881 2325 7454 4890 1357 6655 4567 9863 8476 1945 1572 2685 4817 4306 1112 6606 6627 9061 9555 6653 3399 
31 6633 2039 6565 9470 3233 6006 4316 6798 7018 4903 9727 1266 809 4188 3913 4067 663 8863 2358 9957 4505 3481 2579 5030 3071 1444 2098 6782 3766 8862 5011 
33 741 1850 6714 5778 6130 2611 2062 1145 4878 8524 8539 8513 3078 9237 333 9224 6205 4369 3756 5093 7179 4963 96 2517 8852 1380 2194 5469 1641 5973 7017 8478 7252 
18 4011 6975 9335 2084 3237 9079 2772 2093 75 9437 2624 9178 7669 7523 8260 5159 1059 7858 
32 1528 7708 4359 4970 9091 812 2644 3939 2189 4454 9162 3747 4789 6308 6539 7321 2414 3495 1920 7646 8829 5463 9050 5745 574 2503 7880 9689 9123 5361 7700 5614 
33 5222 149 414 6061 9080 7939 3262 8669 214 5309 7217 3660 9442 7331 731 9877 4259 260 9244 9651 2834 6086 4165 8651 5115 8600 7181 7980 2836 9024 9129 8083 8751 
33 1993 547 914 5548 6829 7914 2632 1116 806 1857 7505 8250 3130 6008 186 1340 4663 9774 3299 8873 1382 2485 1124 7333 3764 4116 2392 9465 7722 7742 9656 5836 9596 
23 368 1926 8361 4382 4323 8855 1999 877 1727 1824 8336 8286 9039 1155 2692 988 7942 1014 2830 5078 5978 2287 4795 
32 4586 1796 6204 9269 1743 7582 3674 4982 6608 5220 5729 6552 2396 5956 8197 9902 1291 2950 1827 7365 1618 9060 8498 5671 4386 785 1388 1969 9439 2827 2460 7115 
34 8420 8143 8779 771 7177 1450 7531 72 5552 7583 4578 449 5157 8992 2190 6025 5274 2398 4621 5849 8495 6758 1671 6588 5427 664 140 9206 3343 1506 8279 8238 1304 9280 
32 1353 5575 6996 3841 8068 5558 7137 9886 3484 2700 8628 1932 534 7417 9704 3242 7292 4535 8381 5870 4234 7674 8528 3822 2120 8643 1153 4193 8790 1390 5471 7011 
15 5091 9348 7354 363 1775 9728 2744 2266 9373 5926 7863 6449 5900 7758 5108 
23 7355 801 7099 6556 6854 6803 1072 5728 184 7605 6372 8436 3365 1268 7244 4294 9445 8053 7983 5312 4697 5714 8172 
24 4467 6707 6776 8283 2068 7653 997 3982 4521 9629 974 2728 4053 1083 6369 2778 7979 5114 593 2564 4079 9885 1837 644 
35 7877 1125 8390 3152 3568 5675 5068 545 2996 8360 3010 9212 1901 4874 4804 2943 5722 3397 1567 7076 5421 6478 738 1183 3953 4488 1556 5807 7833 5928 6661 7906 6118 7459 7105 
34 4066 3553 6332 7875 6483 7886 2563 6923 7385 4902 6734 4512 8569 786 5805 3352 9218 7405 5360 7797 1463 972 4336 7897 6525 3303 2750 4529 2182 5596 6368 7268 1805 4716 
