2 8890 6517 
2 8670 5071 
2 2384 7206 
2 7468 2887 
2 7013 1855 
2 1135 1880 
2 8773 5903 
2 7227 6527 
2 2418 4941 
2 3654 9287 
2 8227 4471 
2 9121 3560 
2 7716 5226 
2 6252 4027 
4 719 1817 4476 8775 
2 2176 7433 
4 4679 8306 4390 1594 
2 6321 7581 
2 563 4796 
4 1178 6544 5891 8308 
2 3647 8563 
2 3321 2528 
3 7109 8071 7376 
2 7948 6753 
2 3578 2053 
4 3696 5441 9569 1823 
3 6031 9483 7678 
3 9550 9925 2939 
3 6403 3760 5067 
3 2015 2212 820 
3 6039 6190 6521 
3 4829 8303 9489 
2 5991 1339 
3 7913 3936 4818 
2 2736 978 
3 1105 8192 3491 
3 8758 3381 6686 
3 311 4411 3207 
3 9913 7444 492 
2 7325 7632 
2 3202 8727 
3 8878 9252 8596 
2 9459 1159 
3 9449 3614 8824 
3 5649 7464 8730 
3 8184 1381 4557 
2 3358 1000 
3 8965 9377 3246 
3 8578 9251 4793 
3 1563 3362 773 
3 7862 1208 4646 
3 3708 1376 6441 
2 8967 1555 
4 549 7779 4070 9803 
6 1776 8271 4475 4352 9763 1344 
6 2735 6952 8086 8290 9349 4469 
3 4948 1002 2758 
3 1192 7909 446 
2 9927 1626 
3 4644 4717 9868 
4 5480 1844 3809 6467 
4 7575 8968 9451 8345 
7 3580 610 9291 7711 7891 4520 7025 
9 3090 9207 9187 5902 6794 6150 4048 3341 8572 
6 768 3311 5562 2288 3111 4700 
7 7957 3168 9670 3655 9985 5371 5513 
3 6912 7284 9723 
7 1209 3239 4098 1879 789 3193 9824 
6 1560 1724 8029 9920 1319 180 
9 9313 2278 113 4877 9090 4836 1146 2486 7519 
8 5934 1815 2507 1228 5721 1206 872 7809 
8 3055 2429 8587 2589 6740 2717 7122 1190 
2 2573 2445 
9 6466 4882 5402 219 2324 9463 7379 9044 9520 
9 5018 9020 9626 6044 7709 1113 8073 1529 2346 
8 4058 6418 6662 2166 6884 6208 7684 5059 
3 2297 1023 7773 
4 3608 7613 9750 1015 
9 4758 3667 1794 2296 9402 8792 7196 1067 6600 
8 1273 6361 6269 1492 7020 1421 233 8253 
3 666 2751 2430 
8 7929 6900 5971 7198 8458 9636 5553 9360 
9 8292 2313 2828 3245 7329 3104 5307 9186 5478 
8 4309 6529 7064 477 3990 3334 4006 9515 
10 1867 6767 3333 3257 3758 5954 8719 1061 4337 3440 
8 2519 3527 8787 5858 6239 9579 4528 9359 
10 6381 2531 3410 567 1512 6735 7373 3729 174 6665 
12 5970 554 8698 7849 9698 1447 3409 3651 7319 211 2866 4483 
9 9563 4536 7455 8302 7210 6200 854 1246 5886 
11 6822 4056 6780 1332 9046 8158 4084 7314 4065 4301 8330 
10 5324 6843 5881 3049 9649 2026 457 2112 4588 6960 
3 6377 9346 641 
10 2465 394 9820 3697 3540 8024 9011 4629 9249 9693 
10 4078 7293 6654 3918 9935 1860 1959 9702 23 2951 
9 4435 7186 8489 817 5491 5295 3557 9019 2265 
10 187 1414 6656 696 5615 4511 4255 9289 4838 7621 
4 5983 8605 3028 8490 
7 3147 864 8546 6591 389 5272 5659 
8 1040 4984 7114 1323 3430 3739 2412 8553 
9 7657 1883 7864 726 7768 9744 1143 8402 7264 
11 6663 7188 1227 7810 7993 1773 8892 4830 6744 7147 3286 
13 4525 5027 8213 7140 1838 6502 3249 4387 3138 9495 2649 7453 4949 
3 2718 6610 7458 
12 7070 3546 1384 5218 8149 8459 7224 7248 4863 908 6515 9049 
12 6689 9733 6139 9166 8783 8557 9996 874 9385 5377 3230 7482 
10 3629 7028 1407 7156 2538 8566 9845 1177 7075 7760 
11 4839 6189 7435 5227 2233 1406 2523 4624 7662 1785 6143 
3 7804 8788 1022 
11 6670 4873 3005 3236 4693 400 493 6536 4450 3225 2620 
12 1757 6485 8932 7687 3276 9347 8739 4635 6245 2981 310 835 
12 88 19 2603 6404 190 3640 8055 5237 1363 6430 3086 7362 
11 474 6135 8630 3294 3826 6877 209 3833 4493 6238 4417 
13 8477 1170 1609 1637 9405 3197 7320 8426 8902 9804 5593 1922 766 
12 3607 658 5727 1784 7612 9052 8020 6053 9109 8173 2541 9530 
14 423 2738 7889 1605 5387 4208 2123 7546 6327 6825 5914 4138 8397 143 
11 1992 2424 4583 1438 1024 4648 1970 9503 7239 6463 8000 
13 3371 3596 3579 7398 7287 4781 902 6304 2742 2074 6293 4329 2709 
11 9847 8736 9406 1013 2942 8586 2642 318 313 8111 7972 
12 2247 8484 5808 7180 5743 1651 5572 5887 1252 6076 4317 1140 
13 2061 6849 8262 3575 8848 6851 1524 5920 4405 8245 7990 1706 4181 
12 303 5213 7230 2079 9452 2426 9267 332 9735 5382 9418 3870 
14 8175 2536 7129 699 3148 9852 7553 6752 3773 47 1430 39 5444 1284 
13 606 2714 7512 1372 739 5358 1734 5517 212 5711 6647 1027 218 
12 6412 4428 2641 8425 2436 315 3092 4507 7097 5679 5780 5573 
12 9752 6658 8104 6123 2788 2512 8447 8254 1102 7534 8571 1545 
13 8731 9473 9128 4260 8021 1625 3354 4815 6645 2654 7383 6090 5127 
15 3549 1090 8209 1630 6199 4885 6110 7585 8274 3396 507 7152 7113 7506 2669 
14 4071 5875 5359 4706 2006 5654 1142 2896 935 6274 2171 3709 9921 8543 
16 1138 4537 6329 5948 6558 627 7846 1697 4154 3368 8348 379 4420 4052 8278 7437 
5 8711 1186 6222 3824 9914 
15 9679 109 8699 2357 4414 3208 3384 513 6004 5732 3566 388 7061 9600 4922 
14 9619 5034 2838 8376 8435 2748 6155 3779 6473 2495 6762 3507 5968 7713 
14 2883 2899 8323 7704 9246 5500 8224 2056 3433 5437 3751 6583 229 5618 
14 5335 4546 9137 1593 7471 1689 9544 3849 5540 6567 881 1676 1695 8047 
12 3442 5990 2928 6747 8774 442 5621 3512 6173 9737 1956 2448 
16 5235 3029 4959 3951 5113 6493 4437 2791 1852 965 1326 7934 9613 415 384 3827 
13 5868 7116 7104 9191 2915 3865 6669 6340 3778 454 5969 3926 7600 
15 7965 8449 9851 5393 6457 7082 8715 3910 3603 977 1835 5557 5426 943 89 
14 1097 945 1984 271 6924 7451 8277 2147 9071 3325 7816 1433 3088 8994 
15 2917 5744 7357 5698 9974 7677 6875 7102 5626 6244 9897 4559 2099 5325 8433 
16 5440 3160 5818 5856 5487 8978 1251 9556 435 9586 1685 2825 6319 7015 5597 2851 
14 5717 2106 3196 4455 5710 481 2782 3398 8035 1459 8895 5979 7844 1713 
13 8950 328 1100 1635 3176 1267 5017 5158 5169 8373 9436 4736 3755 
17 6277 9685 9768 3170 842 9691 4223 5466 6410 4228 2382 5124 636 408 5975 8722 204 
15 2720 2422 5510 5112 3891 9306 2230 8370 2690 1111 4482 657 137 5919 7522 
17 519 7428 5746 8629 2335 3572 9595 1674 6756 6420 1949 9138 2343 2359 9740 2463 9350 
16 3167 3329 2293 3424 9412 3976 3510 6475 7277 3740 2480 7068 6548 4868 722 1950 
16 9409 9087 4200 2520 166 5049 4112 7927 1564 8614 2031 3116 867 584 8599 923 
20 2432 4170 5060 6168 3067 2963 892 6068 3024 6206 6409 8410 7579 7535 8028 6904 2177 8048 2032 2363 
11 1269 6786 8713 6164 5425 6563 7174 4709 6850 1037 4325 
14 9003 2784 8548 661 2143 4164 8588 7000 8940 9199 3694 3767 5985 4580 
15 7952 8979 4184 3459 8203 6741 9627 3017 2132 1046 4953 1016 5317 3161 3861 
13 5693 1588 3601 6455 3989 4080 5829 7380 1977 4636 8244 4523 8422 
18 3817 2957 2975 7117 1530 9274 4194 9666 8832 8448 4107 4704 3530 2977 613 7655 1087 1662 
14 6541 2711 6159 2511 9255 150 1260 9042 4913 8780 249 3635 6129 1998 
16 6901 5890 3461 5189 277 1995 533 7446 7438 6484 3986 8830 576 5742 8913 5857 
8 7108 8803 35 5662 8996 8815 3145 3367 
16 3307 1489 200 9401 4575 2401 3947 601 6634 1365 6597 643 3135 8031 9372 6018 
14 9976 8573 6951 8786 2198 2216 9179 6399 2075 3685 8326 594 1546 8364 
16 9514 4196 4935 9965 4233 608 9869 5347 210 9497 6197 4744 350 3508 4321 6063 
16 672 9282 1869 7792 8328 5369 5006 9030 8207 3537 5344 1721 7275 7483 3389 5578 
14 6198 1030 6547 530 4661 825 856 8995 2954 7176 8661 1411 1736 1018 
15 2316 6765 7638 2455 4910 9469 3188 6125 7337 3680 4205 5764 8793 2693 1114 
16 5445 8440 5771 9316 6804 1121 4421 4630 4761 8464 3232 3315 2191 3163 894 6834 
17 1066 730 3068 1010 3317 8574 9806 2566 4720 3594 984 7988 8038 9229 5864 5909 4604 
11 1803 4666 9100 767 2556 7680 2760 3650 7153 5281 3536 
15 375 5748 2118 4848 9813 5636 2783 3066 8194 6480 6333 4802 8958 8200 9910 
17 2571 9559 206 5089 7406 7648 2539 5282 7557 1755 494 7971 6297 5140 4810 1763 3638 
17 2695 5214 4349 2657 4833 6202 1218 3199 2754 3468 3669 799 4470 1670 798 7432 7641 
18 5192 409 482 4794 2626 7372 3426 7867 6550 6966 5457 9836 4772 6581 4950 1289 1821 3705 
16 7561 9320 9602 1955 6003 6192 5541 933 3022 8609 952 81 7778 2308 9509 240 
17 1315 9012 9890 8784 428 3821 9105 2338 3502 7342 7037 4939 2710 4135 4438 5950 5254 
19 1515 7631 1221 2681 245 720 1313 3632 378 4862 7019 4123 819 6692 693 6801 9999 2007 6995 
20 6002 6307 7430 9543 8462 565 5996 8040 9874 6220 7884 4940 6618 9392 97 8998 5168 2237 3516 3288 
20 6263 3129 2780 3991 5516 3403 6265 8536 849 559 6009 5782 8099 5556 6298 4419 264 8139 8606 1285 
20 7499 502 8309 6255 8198 9631 5285 1804 5816 4657 8298 9232 3731 5134 7501 5589 1610 4361 6499 6687 
21 1335 248 697 4109 1054 5507 3541 9078 9815 1628 2167 951 7643 4249 9644 7924 940 4898 3272 3252 5821 
20 7401 4502 7255 3830 5090 4673 5554 326 4973 6575 1422 5910 2125 7599 5705 262 8982 6520 1131 2038 
20 9675 2881 128 5025 6450 8157 284 448 3445 7193 9381 1947 3278 4698 3027 8679 7280 5296 3887 9380 
19 5300 7975 7249 7637 839 8835 4807 267 2470 7686 7150 5008 688 6855 9258 4465 1356 0 9601 
21 700 4299 41 3263 4207 6296 1518 4404 7994 1474 3439 6062 8620 6495 1316 4373 3312 6988 9663 2502 5037 
18 713 1640 8382 498 8351 9487 1904 1 9341 2706 9817 852 5635 5350 8632 9519 1586 8119 
20 9084 6942 8346 4686 1655 9830 5955 5156 4854 9135 6247 5021 8809 9687 1789 605 4022 8070 9614 2862 
21 8708 3786 1908 4875 7666 9286 8915 9485 6503 9512 4366 4819 6910 320 581 2582 3330 2812 6830 3388 1327 
18 4742 718 1240 3050 3490 1986 1777 3453 6133 7555 4433 9474 9541 2269 6072 1427 6514 4432 
20 6831 199 4980 1276 6922 4867 7876 497 9464 2178 5830 5064 8819 9403 6622 7835 7854 8946 9840 5646 
24 7475 7086 5535 6711 9805 1223 3866 1830 2973 5120 5686 6141 7663 2406 230 3227 5658 684 905 7703 1442 4275 1478 1652 
22 6815 5205 4826 7465 168 7574 3073 1843 3375 2000 5287 2984 9478 3722 2805 285 5498 8340 9732 2593 2298 8907 
21 7429 4665 4088 9640 1527 5699 3717 2518 780 5650 7191 2857 4415 5062 4043 3178 9021 995 5813 6365 438 
19 7119 6836 4153 2904 3200 3462 5712 656 4024 7682 2966 7940 4121 1035 6560 9076 7218 5669 807 
20 3253 3475 9633 9382 8434 1200 9944 3544 9575 7668 8188 578 7609 9754 3689 5997 7767 6207 6911 4054 
22 5497 6360 439 655 9926 69 2605 3816 57 4141 8110 2240 524 9810 6462 1842 6382 4500 8762 5828 437 1680 
23 1005 5757 5777 2440 9045 8816 7580 9297 4705 2686 5917 1553 5994 6562 3534 1682 129 4191 5072 3324 3265 3633 1293 
23 4214 2399 9353 6069 989 975 6718 4285 6413 2982 633 156 6066 8667 1709 9880 9686 3337 1882 7056 3298 251 8865 
24 4094 6128 3083 4246 9144 8338 9705 7243 4225 2537 5602 5054 6580 921 8851 8857 6680 2777 7635 8886 879 9048 7997 3224 
20 3693 3411 1233 3108 6012 7226 7690 376 1565 3829 4068 698 589 600 6509 7771 1021 9301 5294 9484 
23 2920 8133 7236 4733 95 8554 3105 1997 5957 5668 6523 1346 871 1561 5211 680 4824 4100 3515 4492 6914 1642 6935 
21 622 9628 7870 2305 7602 8285 7085 6186 8653 2551 141 5241 7679 4773 8935 7753 8975 1216 2491 6477 2615 
24 117 4003 6058 9696 4920 3605 6029 802 6021 5663 3114 1797 7811 3940 6114 2122 1513 8153 4051 2678 3964 9986 6348 5130 
23 9707 9549 3875 9757 419 7874 615 4202 9625 2916 9130 4017 2527 7014 2882 938 6540 6397 4015 486 31 7904 1562 
22 8329 135 8823 950 3602 417 4064 6474 2731 1634 2937 5847 6416 624 776 9862 7930 2481 631 1751 1322 4445 
20 568 1500 8868 2036 640 1508 9002 9065 6078 967 3211 5176 5734 7528 5639 3890 8251 3504 6 1020 
24 4601 6338 3191 511 1994 7737 8991 290 3783 7710 2473 5724 4584 2128 5171 3905 5561 884 4005 8885 1118 3134 5331 1653 
24 5086 9104 6710 2425 5182 9254 3915 7554 4020 9680 4602 8747 6089 9273 5962 6907 2630 5908 7330 3061 3810 8929 7476 6889 
24 5299 98 3966 4782 8521 7572 3921 8856 9654 9657 3051 4029 3169 2368 6699 6301 5801 5851 4572 2619 9760 2806 8726 3620 
24 2135 1723 8146 9947 6984 6903 5756 2497 846 3220 6402 5690 2115 189 5394 5391 9533 6226 4212 8999 5664 8581 6152 4095 
24 1305 5212 4703 1550 5888 1503 9562 3554 956 4016 3972 2333 7494 4481 5809 8239 6868 7926 6320 6564 9528 5348 5147 7182 
24 8640 3938 9524 4558 7683 1580 2934 4250 7312 9634 4938 4245 9949 6630 1660 8334 7610 8822 9848 9966 4774 4412 3903 3277 
22 8102 2261 3585 6000 830 8419 3840 7434 982 354 5815 3952 2680 4012 1286 3805 7815 362 2747 7784 5653 2830 
24 4379 7172 1873 4050 483 119 4410 5240 2967 506 6526 772 6537 2790 880 2923 7195 2876 9748 1936 2858 1426 4823 1439 
24 8703 9743 9769 7567 8637 5892 2992 6818 2856 4115 146 9819 1537 9833 607 2021 7707 9055 1666 3296 6015 7899 9648 8569 
25 3855 3058 782 9557 9345 164 5566 6771 1729 3583 6119 8167 1864 2330 2063 8481 8881 9245 8473 8986 2070 2155 9253 7496 9931 
25 8310 6352 6749 3666 1792 7787 6498 5719 172 4028 4957 753 5660 9062 8798 6104 2933 2768 7510 5164 1615 4925 5883 3703 6518 
24 2949 9314 6856 6316 1272 1963 2639 8085 9795 4409 9037 348 876 4857 5260 8906 3828 5255 9788 4763 3864 8230 4811 8923 
26 7861 8766 596 9951 3036 9620 7323 3615 3885 8791 6454 8937 3117 3345 8820 21 9462 7497 9471 1333 5326 440 9714 8080 784 9069 
10 306 9231 8493 4936 5384 7688 7050 5842 5138 3020 
24 677 266 5477 3795 4613 3906 4656 4658 2442 6512 9158 1768 3624 7267 7630 1428 3432 5570 8845 8356 8704 1633 7368 479 
25 5860 8219 1460 6842 2577 1201 8989 5012 1627 6729 7386 3802 9576 7316 5373 9542 2684 9153 1538 5898 548 8934 8215 3733 9915 
28 6916 3319 4376 8093 7190 8772 4869 9511 6742 1601 9064 8681 9751 708 4274 9180 8904 1431 4569 1229 4573 71 8702 488 9642 4320 8753 7855 
30 4059 4137 665 9871 6356 6764 6392 5620 1386 32 5234 6425 1863 7492 9712 4615 9151 1282 6769 5941 3216 5094 4727 6363 8276 712 4931 9608 685 632 
25 4494 8682 3565 5511 6615 3414 5779 5627 5107 2323 7665 3181 8610 3496 2645 9894 3438 3519 4175 6371 5776 9865 702 2300 5225 
24 9325 5303 2235 7382 2570 8768 2663 9450 2651 9681 5366 3338 9647 6566 592 7659 1889 5470 6256 6543 1481 6616 7146 3014 
25 7956 5539 5678 2245 7698 3026 4291 152 9018 5503 2999 645 6251 4872 8182 7259 9658 8077 5980 7658 1385 1400 6124 432 1599 
23 4150 3119 3616 8059 9190 3842 3542 9477 4645 5913 3393 9741 6674 4561 742 9682 5330 5000 7720 5533 1659 2487 4023 
25 1543 9164 7442 1175 330 5783 8796 9182 8079 381 9457 5674 8909 2173 1875 9376 946 5532 5802 9903 7788 8240 9184 8201 6060 
24 4008 5351 4396 9738 3420 5352 7628 8155 4914 2464 6648 5088 4971 2907 2670 8237 26 1918 5098 7367 5197 3702 2698 8949 
24 9140 208 2060 1491 6538 1684 9872 6438 761 8529 8259 1415 377 9160 7627 1551 9456 558 5152 8900 3492 6158 6717 7053 
26 6783 7685 895 4297 2250 9492 1913 5495 8187 7883 5291 8665 9645 4965 1891 7164 6146 928 8471 5763 5346 3256 8341 6322 4177 8654 
25 9888 8795 2181 9116 8042 8128 6739 2635 6446 6023 6357 2852 3122 9364 3210 7296 4235 9929 7782 134 1808 6725 5604 2172 7181 
21 5245 8034 3789 2409 4101 3807 1693 7479 3205 2809 76 4496 538 1416 1034 2510 3091 9659 9726 8948 2983 
25 9305 2997 3047 6985 9118 6886 4659 611 2041 3112 5433 6132 369 1944 2407 194 7125 9621 9624 8568 1007 8107 2454 4127 1258 
24 1978 4035 2787 2180 2952 4587 8831 5428 7246 9068 4119 425 5099 5380 4074 9083 2142 9047 3889 9257 1847 1663 8718 5973 
25 6807 7211 1222 1667 3701 7034 6927 2352 8575 8421 5751 7448 382 8339 9379 1772 6325 813 6075 9588 4991 8619 2337 8622 9439 
25 7928 7922 8368 2140 6601 2077 5601 4652 6703 8955 6261 3949 7387 550 7490 7650 9444 1854 8394 4000 8891 4751 2677 6792 3289 
25 3156 6969 6398 5656 1845 6034 986 4139 9527 8445 5628 4503 5952 353 6306 9026 9943 4082 4144 9883 2902 5762 2411 5461 2554 
26 6228 992 3054 922 241 1106 6305 7847 2059 1910 5453 8353 5374 5298 4072 9270 3752 6974 723 6894 5412 8389 4812 7059 7992 8789 
24 7399 3879 3270 6048 5135 7253 7840 8615 475 1613 7558 7762 8097 1071 2246 6102 43 1554 3297 5151 4122 8561 8319 5003 
23 3030 9419 3370 832 9410 823 9538 2781 3818 4639 6946 2612 1979 9321 9826 8061 2476 2499 7189 3548 5811 4735 948 
24 7040 3038 6101 100 3663 7209 2207 3493 3082 8191 9127 3434 6248 8218 9784 7363 1033 5840 8525 2136 1623 6311 4069 7733 
26 3555 7882 1496 572 2799 1647 1465 1281 9610 2600 1245 9761 4326 8761 9652 5608 4358 4730 8297 2433 7200 1056 1354 8156 831 2764 
24 3444 4595 5036 161 2741 4806 7208 9832 4585 66 3194 8412 7143 4532 1051 3323 836 3774 2092 609 6845 9878 1088 6227 
25 4618 422 6638 9209 5187 1884 9171 7759 3721 4372 5799 4063 1239 3867 3570 4840 4992 1781 3320 6259 6099 258 6614 6349 1931 
27 273 6652 102 3057 2653 2217 5267 5584 1557 7785 5228 7364 4344 7010 7078 816 105 2461 1818 25 9664 4174 5961 3844 2998 2134 8196 
27 6695 6584 4318 7692 7232 92 5263 2033 8504 7092 7203 6024 7916 8806 3759 3429 7633 4128 7090 155 2004 7408 8565 3957 5877 1579 7918 
25 8962 4403 3732 8854 4007 2105 1215 8785 8379 6989 5279 7498 7516 2599 8284 8335 9739 5320 3552 2283 4753 5812 8113 2579 2090 
25 2869 8530 4544 6380 6814 5375 4990 7162 1487 8671 7096 9156 2270 8506 7727 3699 5080 1533 2162 2549 9585 1542 5637 1559 1825 
26 6724 6313 2119 6216 8367 6809 9202 942 7732 3993 9375 1762 9458 3609 9639 9322 3173 6387 985 4625 5365 5509 6145 4530 8430 8971 
26 3869 3366 9617 9537 1587 1324 4786 8037 2927 8236 2776 5409 252 5465 9238 6056 8431 686 8828 7511 4952 7450 3503 5652 4678 8866 
23 734 6182 5069 1733 6272 3636 1079 7901 4764 3215 2602 8413 7488 7142 257 7536 2263 3081 5223 2474 9398 4599 5334 
25 9393 127 7477 1294 3435 7245 8876 6705 671 4171 1369 5238 5844 6426 8843 6678 694 470 7699 78 1849 1225 5404 8825 5376 
26 7463 3477 2585 751 4880 8112 9262 6336 9923 8642 4713 3102 5622 2315 6460 7757 5481 6116 687 288 7672 5505 2342 5895 5198 5467 
26 4855 595 1349 225 8403 4643 529 1352 1232 1181 6967 5405 6832 979 2557 5610 243 5479 1525 9756 8344 654 5683 6214 3611 8275 
29 8518 8951 4485 4605 7912 7135 2696 5422 6346 169 2900 9678 2732 7856 8094 9505 6657 5306 6452 2694 5502 8170 4152 4380 4808 8411 7524 8304 998 
26 9216 1686 9033 2831 7636 6643 4749 1902 531 3190 2613 3482 3524 9896 1096 9089 991 9548 8526 7747 588 5178 1367 8202 3850 6080 
22 6745 6026 6270 9134 9710 2771 1453 9159 8585 2192 7080 9324 7094 2405 4762 815 3056 2822 7836 579 7601 3517 
26 84 85 5642 9276 380 3970 552 4555 8523 5837 4593 4371 8782 7457 7392 1819 8004 7250 9607 6431 1108 2749 9580 4900 6291 706 
26 4377 7548 8030 660 907 8176 8882 9242 2126 3775 2209 7344 8272 6999 7334 272 7588 9919 8064 5103 2894 3911 4172 3959 8538 8441 
24 5769 6280 7276 4607 4099 2919 7041 4541 2745 8190 4355 7274 6596 582 2546 7872 8357 9933 2202 7127 8095 2310 5850 6127 
27 920 7425 4986 9394 8973 617 8742 8595 9564 6196 9546 6805 5603 7830 1199 4224 1132 7352 1925 5820 2811 3868 2629 2251 7813 3559 8925 
24 4637 1331 8652 46 300 3784 5766 2385 5050 9742 1436 6013 6121 561 3494 2478 539 5484 8010 4468 1280 3742 2516 7410 
28 769 6896 853 9981 1745 4021 8555 1355 7263 1746 2482 5043 6639 7282 6172 5684 3469 4832 6602 2561 6225 4915 80 2204 2879 1077 7436 4241 
10 4887 6793 1780 8936 2759 7744 7242 7069 8837 7374 
28 4090 8273 704 9429 1263 5838 5866 2304 2434 9466 5579 3513 5400 2702 6243 3454 5221 8115 2462 3006 4768 1893 4998 148 5531 6603 5230 1507 
28 3988 1311 3958 5853 5082 7730 4664 6871 7595 9561 1886 4256 8116 9731 7513 6681 1464 6880 4204 3293 9755 964 7842 9540 9567 3637 1341 4286 
27 4307 8151 9684 292 4034 2404 9842 2673 7043 7411 2578 7134 8263 1299 4441 1591 9072 4173 2524 9578 8006 5489 9599 5949 7978 8666 914 
24 1833 7642 990 7777 6570 8938 9858 1169 1256 2320 1160 542 8505 3031 614 1435 441 1806 4722 323 5141 8838 6817 3848 
28 4842 4930 5170 2979 9475 9165 646 6213 3290 5701 2160 6698 775 9964 40 2121 8150 8063 6059 2285 6282 9672 1703 7892 8508 1645 762 4220 
27 222 3098 7278 896 9972 2802 4966 553 7941 2652 8118 1968 6279 847 7503 2370 9029 4942 870 6362 6887 8056 5580 5248 329 6170 7834 
25 6706 2930 3124 2011 7171 9481 1441 9263 6589 3451 9570 3531 883 7754 9849 3186 8549 4340 1423 620 4672 6217 926 165 2509 
26 5885 1189 120 91 1250 6407 7256 1511 9177 444 629 7693 6178 1831 3292 4314 1342 2003 7623 9211 9653 6032 73 2819 3741 3931 
26 6961 2291 1182 1152 1443 9035 7933 3364 7808 6719 709 7729 7903 4924 2729 8160 7520 5738 2018 4436 4612 4972 301 2697 4716 3456 
28 957 9889 7309 5695 3326 2665 8695 6422 2044 8597 9846 2076 3062 2675 6962 9822 2444 8917 8576 3919 9363 7521 8759 4252 5322 4820 3229 7989 
25 4894 2797 2661 7315 5116 7746 2394 5087 3904 674 6672 1942 8743 8767 5268 6513 9295 6229 5518 7947 9336 6019 9787 6644 1403 
28 24 6784 1846 8737 1509 5576 159 4384 2187 8860 9948 4477 1098 397 6582 1679 7749 2431 5747 6928 9899 2889 7706 6005 18 2196 8862 2816 
25 29 8300 115 2377 2817 7745 6716 4400 9952 8694 8827 4244 9143 2722 4608 9798 322 291 1654 2844 4261 1064 9765 6795 2755 
27 1664 8228 2355 1494 9900 9070 1631 8970 7456 3746 9357 1779 4623 6041 6389 2931 5810 9092 6720 2091 179 1144 2637 1462 1699 562 7820 
25 297 5193 8804 9962 5045 4356 2753 2360 4724 177 4756 7629 8023 6932 3811 515 4442 1094 1486 3363 7736 3179 360 6384 1009 
24 2944 1109 1985 6359 6893 1862 2543 7118 1081 1937 8500 2052 5794 4539 510 5383 8281 5475 1347 4230 6761 3023 6465 5825 
27 2356 3532 4958 4089 8378 4798 9604 6956 843 4331 1325 2290 8510 6134 6883 6165 4073 3682 4333 3917 3634 3001 3728 8249 2795 5536 2610 
25 8204 2362 9265 3785 1583 1738 7066 8101 1211 3839 461 9284 5001 9998 744 774 2214 9978 6427 9708 2815 1085 1935 2773 7460 
14 8088 7194 3992 7285 1358 3980 651 4367 4401 1213 7878 9058 1705 2223 
31 5424 4792 826 64 3418 254 5100 6081 691 9539 2640 4300 1859 5713 3165 2415 9054 1700 2154 2740 3968 9718 3374 6972 6768 4548 7295 3571 8633 6470 5179 
27 268 2275 9234 5861 1475 4858 3793 6188 178 403 374 3099 4828 2234 8534 8745 2765 8294 7265 7023 4210 7518 1303 1894 1919 6355 2814 
28 2559 6374 2110 4497 8990 4888 6237 2386 4696 8220 7445 7761 4328 1364 6727 4221 2715 5520 5793 5136 3209 8914 7478 6014 1156 6323 5749 8331 
28 961 6971 1412 4213 8324 3261 5014 74 9975 9101 546 5803 106 2525 7614 7898 1702 5340 7101 6755 3472 351 7031 4956 652 3688 2936 4545 
25 9283 7466 1062 560 1168 2667 9809 7697 3465 6283 3675 4884 8214 5201 5486 6042 7556 7340 1026 6578 427 4231 9146 6840 2096 
30 372 175 7769 993 9195 7187 6331 6082 6098 2505 6737 6476 1725 5951 5899 8014 1176 6696 6085 2057 7062 6264 7071 7775 7291 1321 1744 4140 8641 7036 
28 1888 8485 969 3981 9812 7216 3770 949 4398 294 1523 6094 3735 5031 2498 8624 7192 9821 7121 198 9615 5834 7233 6010 2376 7467 1452 6828 
27 2986 9928 8542 9132 2969 9963 1521 2453 3247 8243 2477 8058 4397 1297 3271 5250 9697 4712 9843 9453 8199 6046 8893 6035 4691 4779 4846 
27 8520 4130 659 4270 4195 7048 244 4327 1110 8687 6491 6902 5995 3790 9513 9397 242 736 8325 2334 7800 3166 7157 1795 828 8468 464 
29 8342 8257 886 930 2924 4617 649 4045 3657 6587 8617 9641 1595 4278 9553 2548 6157 1590 4198 748 8922 3060 1895 5506 756 4510 7789 1878 5538 
26 8840 458 9424 7576 462 6593 6344 8018 8800 5070 1480 9031 235 6820 1814 4852 1786 2380 647 1759 324 3441 7577 6545 6212 5175 
11 2591 5284 3973 5430 8469 5401 1940 1479 1983 3347 9770 
20 1874 2260 2810 5632 3228 5933 959 3592 8009 9583 8387 1298 2071 393 6300 8663 2100 54 5010 9891 
27 541 7169 8631 9655 2867 3901 2045 1943 4227 9272 5310 147 8987 947 7793 6898 4614 7917 850 2483 45 8678 3676 763 7051 1473 1437 
24 1194 4834 821 8953 3373 9288 9912 514 2292 2893 5559 6925 153 8258 1371 3419 2567 7589 8270 6335 8888 535 4577 6342 
27 445 6659 1644 4347 9440 3974 5792 2072 1455 7837 3648 9516 9264 8051 4937 3213 2793 7741 1092 2416 604 6501 750 2836 3771 8947 8046 
28 3281 9028 5550 9075 4944 1476 5835 2884 2220 4879 8486 8945 6268 9038 2037 2042 2144 9170 3158 9895 8931 6611 4600 6576 1129 2922 9097 8850 
27 9523 1302 3623 4989 3930 3896 2107 9027 3203 6367 9133 7532 3146 1930 6064 1166 8492 6262 4439 8365 312 3273 3533 3304 5159 5232 7228 
29 9799 2388 1620 459 2314 8266 2558 715 4552 8869 8956 4147 9408 1872 2264 1568 7065 8721 1253 6184 6759 9856 450 3280 7859 6631 1764 7954 3858 
28 2008 7907 8560 5160 2948 8981 1309 1710 2156 5967 934 5702 2054 163 3750 9421 3222 2762 6859 6617 6511 2088 6899 9338 188 7393 9024 7603 
30 8395 4699 7515 3258 9612 8164 6882 9566 7812 1458 4163 4353 1101 8407 3394 3476 3547 4209 5582 7718 4025 1119 4427 5338 1126 9147 4996 298 2326 1076 
13 476 8598 2016 3776 7420 6773 5053 8623 5493 6895 770 6241 5931 
27 3149 1257 7562 7103 3622 2395 9228 6163 3798 8686 1259 9082 6106 8918 1747 8475 2364 1283 1073 4715 5638 5327 7705 7241 6676 5471 3042 
13 1399 1320 1042 5785 5166 6561 207 5378 6482 8522 3853 4281 4622 
28 4143 6161 7081 7984 2108 4775 711 286 3909 4871 1004 352 6677 2439 2374 5117 7130 4092 3700 2820 5590 5736 5084 1408 2993 1858 6087 4378 
29 3471 8984 8062 3646 2095 7829 9077 4105 2842 7764 3754 1912 2885 4302 4159 6775 5730 1296 3235 495 1816 5066 9661 3143 5431 5977 973 1456 124 
21 1778 4895 4776 3305 7794 3782 4453 5314 6722 9547 6572 9961 3794 14 191 5215 898 9552 5293 2617 391 
28 55 3621 396 4236 6393 5033 9222 2035 7271 2515 5514 4113 987 4472 3597 4628 8359 4985 3788 6555 1976 205 6074 226 5316 5463 9668 5753 
30 5341 6579 5526 5915 7604 6746 3155 7915 6865 4117 4638 4491 2875 7770 8864 1960 8662 2796 5092 1572 6823 6679 7667 6936 8162 2865 3359 6112 7943 6113 
22 9864 5452 4969 4677 2184 5009 2648 4114 9299 3428 3714 9221 996 1769 6945 2911 6688 9124 4364 269 1350 5020 
29 6115 5123 6156 138 3133 9388 5564 7301 7197 2164 7715 8288 7569 1338 8801 8659 929 6873 5396 8437 42 4603 9448 33 1049 4968 5599 5819 5758 
31 2912 508 9248 5824 8645 8296 9729 3895 7234 509 1752 2565 6218 5770 9496 2972 1639 7763 9230 7560 9780 8672 5181 4148 9713 3630 5946 4162 3791 4799 8463 
29 4687 8316 7805 2467 5619 5356 4247 3466 7691 599 5219 1220 1790 2025 3845 15 9534 9630 223 5379 4385 5549 4240 3322 6445 4752 3679 6191 6246 
29 2576 3499 5451 3946 2906 9268 4907 1429 2547 118 4449 4206 4767 1393 1791 202 6824 6281 3455 4322 2413 6530 7919 418 9057 8082 2258 6994 2908 
21 5332 7873 1820 4498 2921 4689 8072 8551 9205 5625 4850 8081 6790 4176 7426 5676 3327 4977 3591 9004 8054 
27 5598 4594 3843 4800 9911 1643 8229 7931 8664 9632 2898 4853 3044 8007 216 5976 6813 8016 1836 2872 4647 5703 9609 5687 2926 4042 9005 
29 6913 1504 2174 4653 1716 4714 7724 833 8075 7207 1531 1391 5998 7415 9303 93 6921 7009 9175 8432 6224 717 6516 6976 5634 1446 1204 1060 2450 
30 4788 2048 4046 5105 2989 2568 9526 1589 8644 2206 516 8401 716 7843 6751 4426 412 7807 4351 7790 8749 2428 5648 1219 3431 1813 8083 7731 7290 1425 
29 4346 6757 9844 6067 7592 485 9438 9701 1008 9441 3157 1541 3505 1466 7381 5804 2596 173 7743 9119 5416 1712 6766 4516 3523 6958 9507 2964 3619 
29 157 9980 1117 5907 7564 9623 5101 5700 121 5567 7817 2393 5074 9837 808 4406 9056 6038 4345 4004 4381 5739 1811 5960 6249 3681 7288 3427 9829 
11 7110 8121 2676 3852 3063 4169 6028 1074 7673 7968 6917 
21 1973 3085 4031 8952 193 6386 6848 355 1308 9908 4335 7351 6891 9081 8418 911 4272 3180 2608 4901 5836 
28 5161 1193 6930 3859 1048 9073 1330 865 1179 6379 8312 8033 8444 1368 1688 1307 4701 2451 3796 6531 3187 1933 6108 220 8839 5563 962 160 
12 5982 2913 4835 4748 2995 4626 2970 8322 5190 9721 4339 7568 
31 4495 7366 5879 1069 2397 7370 9482 9789 7573 8638 5709 7361 342 523 1787 9192 2835 1946 3137 8307 6117 8126 8757 5 5912 5773 3343 8503 707 8959 7980 
31 3103 1799 3874 1045 9370 5076 1104 1248 3421 5878 2043 1292 3691 365 544 5630 9433 9790 7100 3813 5247 361 3900 3118 6417 2877 5893 5889 5118 3478 8120 
26 6160 9950 1271 3425 777 52 8026 6885 9167 7145 7167 5386 10 2373 8755 8165 1409 6947 6037 1766 8836 6606 16 3613 2550 6350 
30 9581 1417 3314 1896 1197 7822 8103 9859 402 2023 5959 1198 30 5708 2248 8193 4654 3079 1982 7461 7504 787 6142 9989 1362 4193 2592 3125 455 7951 
30 1735 9823 5323 6179 6838 387 3584 4293 7474 7339 4784 9992 9319 1539 1264 6571 4365 4060 1604 9447 9460 8805 2381 7390 9358 4134 289 9764 8740 9250 
31 6965 6915 2958 6909 7508 4866 7493 1392 281 2040 7726 6808 7221 5462 7894 4019 612 3595 6312 5258 2682 5496 6303 2763 3598 4668 1969 869 7017 8019 7851 
30 1866 4211 3765 7654 130 2065 8533 897 9611 1348 4892 3997 1584 4921 1981 2534 4856 1041 8532 3738 1535 4238 3387 4431 9861 8658 4563 8374 8078 4501 
28 6424 2366 2910 5372 9584 6103 9074 5725 3231 6683 8691 9592 8159 6391 2402 2332 3748 6203 3360 9053 1765 3407 5257 1397 5897 3718 5745 2840 
31 2941 8416 4111 1203 3710 1603 1532 280 6120 9667 1934 1638 8760 536 5534 65 7823 9103 1383 3447 34 5992 1749 1905 6432 2726 9307 6093 6065 5174 2163 
33 5716 215 2766 8603 9226 8494 6864 3862 3372 3673 1692 7414 9106 3851 4564 7045 4104 9298 4394 936 5689 3856 7397 5786 6626 367 2148 764 8451 6978 4157 2609 3819 
31 580 2769 8562 5188 4062 4634 9882 8148 890 862 3498 2622 6800 3450 7998 9838 7004 7626 3593 4845 3395 752 8065 5236 8478 5787 944 4570 1939 1086 3978 
26 585 5302 1715 9724 275 6451 4282 1871 2086 4167 9987 8550 6201 9157 183 3525 339 9924 5612 5185 9154 6782 669 1961 690 3857 
22 499 196 3007 7422 9720 7542 484 1396 916 5104 3356 3300 556 8354 7634 6535 3941 7756 4298 9960 1722 5944 
29 8406 7857 4087 2846 9362 6905 7222 8746 2082 1188 2104 8928 2229 2034 3847 9163 5097 1622 3736 1519 3730 8483 9373 2703 3046 4766 4759 8414 5266 
28 2020 3799 3075 8446 5569 7987 8186 1461 9208 4734 2468 6443 4675 5210 9333 1394 201 3448 3074 1707 8248 3485 4757 804 5485 2277 6405 9532 
14 2660 9152 4423 8720 2344 2991 3558 3927 5644 4284 4142 3690 5361 8217 
33 5381 5329 1448 857 463 1389 2179 8293 6140 4787 6211 9881 2417 8366 9694 4821 7866 5527 6406 5184 2311 9431 471 9455 9973 2517 2968 336 9010 3835 9294 9465 1958 
32 7141 2901 8871 3509 9420 8988 9001 1861 4456 7920 8901 6641 8502 1598 9328 5208 395 8027 6447 3221 2087 7047 2668 5229 4974 1927 3015 9791 7057 6242 5633 616 
31 7799 1924 6684 8109 5256 9000 7407 1748 2241 319 586 1612 4086 6345 8491 9734 9240 1424 4136 8247 4165 9389 5925 3413 788 6435 1262 3792 7154 1923 3035 
27 8728 7712 4667 1470 6223 6181 6437 4981 5670 8017 8799 1656 9015 1499 4947 1566 3154 2447 4362 2354 564 1732 259 1636 5048 3284 79 
29 8179 5289 4690 9141 7525 4642 8125 7806 5301 2272 4550 893 3757 8450 3121 4899 5167 8299 3935 5132 7671 528 3076 5432 2069 9977 3012 4133 9736 
29 9979 2141 6253 9574 6839 6866 6235 3846 7900 6642 7624 5901 9219 4685 7647 8460 9225 2299 1058 2124 3506 2514 28 2353 1187 5831 3612 4363 976 
30 3008 8134 7120 7967 8511 2089 2607 6036 3854 912 4085 9508 6963 7389 9934 5154 7149 8903 6874 9422 9275 3599 5823 1754 8355 9555 3390 4239 7459 7986 
33 7640 3561 2874 7341 7305 7949 4566 4499 6987 2281 2829 3308 8926 9968 9300 5041 4263 5040 133 9006 5385 1914 8141 8512 9699 2739 6154 4447 1390 2131 13 9831 7115 
28 6607 1774 3285 8807 2078 9800 7231 5163 3127 3174 2737 4125 5768 1317 7651 1921 3404 8729 2466 9587 7247 5414 9501 8879 9220 805 7996 5459 
31 9901 4014 2601 3761 2319 2513 9368 2383 2938 1907 8826 3269 9155 5519 8883 7796 6625 2850 9879 8540 4001 1243 6309 2849 5146 140 4983 7343 3223 2203 6524 
30 7911 2713 6378 5692 4266 6605 8741 6821 5039 1800 5305 4343 2479 8814 4651 9758 8650 8246 116 8954 6847 5761 7304 1788 8053 5544 6481 2940 4049 6073 
33 3457 8225 1810 2804 3463 2228 1967 9785 1771 3039 953 2309 7006 6619 7594 9330 7502 2375 8646 9278 8590 1310 3136 5852 2500 5126 5450 2529 3642 8384 5900 7758 5362 
21 7346 2636 5155 255 8963 4718 4825 4747 1964 4876 7923 6506 5930 7452 1802 6302 9290 5937 9178 9834 8269 
31 3743 1911 6519 9479 793 3924 5278 83 724 2 2935 501 3443 6806 490 4533 5005 9867 6176 5019 1690 4166 3034 1028 7850 2827 5011 9711 6051 6869 4695 
14 3539 7962 9945 4280 2469 2378 9040 2987 3998 4967 6624 1526 664 7283 
29 6456 6708 1255 3925 2621 8911 2841 4096 1897 1012 6953 3556 7205 1756 9302 7999 5482 714 3004 7942 2672 1694 9148 3526 4542 8685 7038 6250 2329 
32 5406 3967 2909 4711 8105 8627 3474 3295 6713 3501 779 1840 9361 7262 3645 4777 6726 7077 5016 4232 6318 6736 3820 7945 3018 1490 8790 1014 5707 8808 6991 8594 
29 3025 5026 2438 918 3963 2151 7266 1420 670 5583 3610 8547 6857 3070 67 543 6459 8933 5052 8233 9435 919 1484 822 1180 2488 424 2530 5244 
20 364 4515 8764 5411 9779 4964 7879 887 3013 1853 5203 4030 2050 3206 5671 9413 4242 5896 6148 1962 
23 873 5133 3574 3436 2808 3672 7384 8108 4443 2443 9593 6267 4932 7584 4680 1954 7027 4108 5978 2287 4332 1377 1173 
29 7229 2863 7689 4916 2345 7587 1980 9085 6728 7701 1741 3550 5143 4279 7132 4906 7798 5357 2978 8944 6812 2127 1231 8487 7669 2457 4040 9885 4446 
29 7088 2535 4473 3282 5472 1681 2051 7148 5073 7440 4009 4219 6292 866 8516 5364 4710 7802 1606 829 5993 9745 9660 2133 75 1380 9061 1646 231 
35 489 9407 338 3449 754 6231 4357 3267 8976 2526 4486 4248 3948 9778 3328 6240 8428 4330 3661 4093 467 1753 1025 7328 9807 6232 1083 5750 673 6788 3965 4554 5918 994 8163 
31 3692 1592 7755 8289 5417 7462 9994 9983 2504 4055 7865 5523 9351 8688 1876 8974 2580 9366 6539 8127 1839 2242 8778 4671 4934 1868 3310 9129 737 9454 6750 
32 6649 4669 9139 4851 2959 4582 4562 11 889 4033 8916 3753 8136 5880 2633 6138 8268 2501 732 3016 634 6131 5363 7828 8032 5420 5345 9493 8964 9676 3954 7700 
31 2774 8383 4002 8705 518 5042 3772 3877 7620 4038 8291 6375 3977 7547 7566 7645 9716 9939 3234 305 6787 9958 8927 8752 9423 4556 8295 8238 7906 9461 7739 
29 8509 5473 8212 126 9043 5262 9671 8693 399 3999 695 7021 5004 4692 7615 6020 8842 2587 2721 8651 5115 4754 2249 5024 6096 4479 4341 8870 4662 
29 583 692 5083 6730 8960 3377 6290 9022 683 6888 3339 575 3470 5464 6353 3625 3902 970 4258 5106 1770 167 1877 1899 3041 7165 3113 3975 247 
33 61 4893 5353 2218 1328 3 6810 3077 4106 2859 6779 2945 9941 639 9110 7791 5023 5172 1047 4388 3142 3704 1236 6938 9904 8206 7607 4551 9656 2730 9123 1359 7586 
34 5343 1123 3606 9378 6743 2137 9023 282 6920 8400 800 8140 5694 7935 3907 3340 5122 2139 2437 3052 4032 3962 6376 9050 1432 9206 1987 1760 8260 5121 1495 2097 4416 9404 
30 5304 1395 7394 5640 7220 1029 5442 5929 2614 924 1337 6908 8177 90 4988 5767 2017 4632 9665 5754 8875 5349 340 4182 6086 2976 7136 4116 9067 4891 
34 6694 5999 9722 37 689 6983 618 7091 2341 151 1720 9247 7178 2631 5651 3182 304 4264 6234 9113 3686 9967 6802 7106 904 1241 5354 571 3248 5202 6661 1149 5044 4490 
35 6633 2452 6488 8692 6423 6772 9114 4290 2116 7750 3894 5872 434 4487 8545 8748 9884 5704 8470 1130 4368 1078 7960 2027 1957 4262 6180 2182 4061 7833 7358 6964 3264 4158 6419 
35 741 8261 9490 4590 4688 1783 2024 4843 4543 1822 2153 1624 6047 9136 122 4770 9150 8872 274 1468 7286 7046 8584 2215 5186 6276 2392 3662 9266 7416 5551 3837 2098 392 6533 
20 4011 112 6415 6926 283 3159 5577 7388 8286 1990 3563 2002 8608 3600 7530 8226 4269 7375 2691 4795 
33 1528 3115 5139 4457 4591 2506 2390 2244 5180 7529 9783 7570 9498 7507 2837 5537 7298 3487 4997 3763 6478 7160 5945 6577 2379 4926 8195 7979 3405 2929 1095 9304 452 
31 5222 6799 3123 6444 2400 9337 8601 9706 3416 4168 405 1031 8616 6712 5389 4489 356 9194 8015 3376 2197 334 7168 3567 2624 6653 5078 7095 5616 3184 7472 
33 1993 7007 6982 2268 238 4809 3392 2595 5911 4682 5313 9767 740 3065 5715 6326 5032 678 9709 4746 4430 217 2903 2572 574 4975 9399 8657 7983 5030 7742 4683 7252 
22 368 2205 3251 1217 5529 1534 8074 1668 6612 855 9801 9957 4461 1413 5943 1153 2886 3019 2492 6819 8943 410 
30 4586 4312 1471 6939 9142 4547 6043 6167 8343 9292 517 1075 5191 2861 6970 5243 5002 9946 7853 7591 1351 1556 8264 8417 844 5339 4540 7310 3928 8618 
32 8420 6682 4440 2175 3316 5587 4251 4979 9384 8067 7781 2109 7237 17 5958 366 8750 3101 6948 8161 745 185 2792 6557 5928 3171 5095 3687 8716 4697 5714 3626 
33 1353 8649 3573 6366 527 9355 9816 1767 279 293 6542 5981 1988 6171 6863 239 9917 3893 3351 456 2552 8844 5217 9445 875 7625 8495 2750 5737 4961 1115 9281 8265 
15 5091 5904 8314 8436 8476 3590 2855 3071 932 6314 5035 82 3719 4292 4987 
22 7355 278 357 5600 1154 1870 6897 473 3756 1672 2236 1975 7734 6949 988 7544 3464 5845 9034 1573 1726 5063 
24 4467 7024 6816 1649 3011 9213 863 4044 4518 2955 261 7551 9594 5336 1214 2918 785 7244 1268 7297 7268 7722 7235 4192 
34 7877 6861 7403 2854 256 1834 909 6862 5061 1501 5102 6083 453 6785 6339 2947 232 2994 5862 1277 3551 7622 5483 2685 4817 7970 2083 3644 1837 3898 7201 8279 3825 5592 
32 4066 9955 6940 9428 1387 6396 958 386 3009 8544 2532 1832 2213 8961 6187 9554 3808 5733 8863 2358 505 6525 3481 5153 3766 2064 8756 5286 4079 9827 5312 7814 
31 8564 4549 3473 8242 9643 6609 4075 6522 2159 2129 1761 4620 2340 103 2756 6122 1235 3266 4076 8241 1124 7240 8011 6287 1059 593 2564 1137 6388 3914 630 
33 7318 4407 728 6774 4805 3201 3150 537 6778 3072 5233 9571 6436 1714 5308 8725 4660 1050 9112 7786 3342 7590 3764 8349 3268 8880 4375 8221 4488 4649 8057 8122 913 
35 8559 1516 3241 5216 3141 1402 1314 3045 8817 5986 7326 8811 8593 9988 3139 5259 5292 9480 8169 9183 3489 9470 2350 8829 9991 2001 860 3822 341 333 6621 4218 8625 1641 8700 
26 7347 8833 2990 2960 6833 6442 4190 5249 8993 4429 1629 1065 7735 7875 9102 9239 2801 363 9772 6468 2194 7606 1080 7863 9673 590 
33 8189 8415 1275 733 7538 7944 1953 8591 6574 4464 2231 6629 6858 6846 7819 3212 3832 1597 999 9400 4565 6588 6554 1238 5469 2226 3797 4189 9259 5474 6559 4592 8499 
34 8675 512 9185 6414 8997 77 8673 4217 6505 8621 4978 4993 6733 5512 1345 7402 859 433 3979 7353 9079 4963 9688 8846 9367 8611 4928 5022 2120 7427 8507 9909 1805 9525 
21 6879 6604 4459 6105 4237 4912 6137 8129 3939 1945 3881 1388 9582 9535 6183 9997 4785 2890 2594 1304 5501 
26 3291 6486 276 22 7860 7260 8025 3406 8656 5565 2956 8841 8689 2102 727 1657 6929 915 5264 8765 8391 9747 5855 176 888 2888 
30 3564 2284 8166 4265 2634 4919 7016 7552 8049 9331 4881 2325 7454 4890 1357 2611 3553 4053 7871 4708 8405 8777 9689 8409 9606 9792 6368 1195 9677 7405 
18 9954 6655 2039 9335 7273 2254 1775 9728 2744 2266 3660 5926 5596 5410 9210 7202 2019 5047 
32 2327 4567 6565 3233 9863 6006 9193 4316 6798 7018 4903 9727 1266 809 4188 3913 4067 5778 6977 972 4336 4505 6372 8537 2716 6230 4183 421 5696 8501 5661 3745 
34 9411 663 1850 6714 6130 3053 171 2062 1145 4878 8524 8539 8513 3078 9237 9224 6205 4369 4460 2644 7653 2279 7897 1457 3365 8336 5759 1044 2946 7413 4640 3899 3408 8147 
