23 0 1 2 3 4 5 6 7 8 9 10 11 12 13 14 16 17 18 20 49 56 142 757 
16 15 19 21 22 23 25 26 27 28 30 31 36 44 54 58 2625 
22 24 29 32 33 34 35 37 38 39 40 42 43 45 46 51 53 59 60 68 70 73 144 
24 41 47 50 52 55 57 62 63 64 65 66 67 71 72 75 77 78 79 82 86 108 124 165 263 
20 61 69 74 76 80 81 83 85 87 89 94 96 99 101 103 107 136 143 160 8499 
24 84 88 90 91 92 93 95 97 98 104 105 106 110 111 114 115 121 123 129 131 132 140 148 1452 
29 100 102 109 112 113 116 117 118 119 120 122 125 126 127 130 133 134 135 139 145 149 153 163 170 176 181 182 204 325 
22 128 137 138 141 146 147 150 151 152 154 155 158 162 167 171 178 179 184 185 188 224 226 
16 156 157 159 161 164 166 168 169 172 173 174 198 205 207 221 229 
16 175 177 180 183 186 189 191 192 195 197 201 220 231 234 295 9476 
15 187 190 193 194 196 199 202 208 209 213 214 215 217 218 247 
16 200 206 210 211 212 216 219 223 227 228 232 235 236 237 238 240 
16 222 225 230 233 239 241 242 243 244 246 251 255 257 262 270 431 
23 245 248 249 250 252 253 254 256 258 259 260 261 264 265 267 269 274 276 281 289 304 392 1207 
24 266 268 271 272 273 275 277 278 279 280 282 283 285 286 287 288 291 294 296 298 299 302 390 9931 
18 284 290 292 293 297 300 301 305 307 308 309 310 312 316 321 343 383 480 
11 303 306 319 322 323 324 327 329 336 391 452 
14 311 313 314 315 317 318 330 331 333 341 361 366 393 406 
21 320 326 328 332 334 335 337 338 339 340 344 345 346 347 349 351 360 371 395 398 1107 
19 342 348 350 352 353 354 355 356 357 358 359 362 363 367 373 386 389 410 616 
5 364 365 368 436 437 
17 369 370 372 374 375 376 377 378 379 382 384 401 411 418 421 868 1336 
25 380 381 385 387 388 394 396 397 399 402 403 404 405 407 408 409 412 413 414 416 420 424 430 432 630 
20 400 415 417 419 422 423 425 426 427 428 429 433 434 438 440 441 443 446 455 2038 
22 435 439 442 444 447 448 449 450 451 453 454 456 460 464 465 466 469 471 472 479 573 2770 
21 445 457 458 459 461 462 463 467 468 470 473 475 478 481 484 486 488 495 504 526 840 
5 474 476 490 491 492 
22 477 482 483 485 487 489 493 494 496 498 500 503 505 510 517 522 534 538 566 579 638 749 
19 497 499 501 506 507 508 509 512 514 515 520 525 528 532 535 556 557 611 632 
27 502 511 513 516 518 519 521 523 524 527 529 531 536 537 539 540 542 543 544 546 547 548 559 562 587 626 1293 
21 530 533 541 545 549 550 551 552 554 555 558 561 564 569 570 571 590 593 648 653 746 
13 553 560 563 574 576 577 581 592 597 605 644 667 1288 
19 565 567 568 572 575 578 580 582 584 586 588 591 594 595 598 603 662 664 2363 
18 583 585 589 596 599 600 601 602 604 607 608 609 613 619 623 631 635 690 
17 606 610 612 614 615 617 618 620 621 622 624 625 628 634 637 640 641 
22 627 629 633 636 639 642 643 645 646 647 650 651 652 654 669 673 675 679 685 702 729 758 
24 649 655 656 657 658 659 660 661 663 665 668 670 671 674 676 678 680 681 684 712 722 731 737 1038 
16 666 682 683 686 687 688 689 692 695 703 705 706 707 710 747 4399 
23 672 677 691 693 694 696 697 698 699 701 704 708 709 714 716 717 721 725 727 736 755 763 790 
17 700 711 713 715 718 720 723 724 730 739 741 742 744 754 764 765 766 
16 719 726 728 732 733 735 738 740 743 745 748 750 752 756 759 762 
12 734 751 753 760 761 767 770 771 773 796 797 980 
20 768 769 772 774 775 776 777 778 781 782 783 784 785 787 791 792 794 795 805 818 
20 779 780 786 788 789 793 798 799 800 801 803 804 806 807 810 811 828 831 899 901 
11 802 808 809 812 813 814 815 816 817 819 820 
19 821 822 823 824 825 826 827 829 830 832 833 834 835 836 845 858 869 900 1120 
24 838 839 841 842 843 844 846 847 848 849 850 851 852 855 857 859 860 861 866 879 906 910 913 1680 
14 853 854 856 862 863 864 865 867 870 871 872 926 953 955 
16 873 874 875 876 877 878 880 882 884 885 888 898 911 914 925 939 
21 881 883 886 887 889 890 891 892 893 894 895 897 902 903 904 905 907 909 912 915 923 
22 896 908 916 917 918 919 921 922 924 927 928 929 930 931 932 936 937 940 944 948 1242 2210 
17 920 933 934 935 938 941 942 943 954 958 959 960 962 966 971 973 1003 
20 945 946 947 949 950 951 952 956 957 963 964 965 968 969 972 974 976 977 994 995 
11 961 967 970 975 978 981 983 998 1001 1006 1052 
15 979 982 984 985 986 987 988 989 990 991 993 996 997 999 1000 
15 992 1002 1004 1005 1007 1008 1009 1011 1014 1015 1019 1020 1043 1055 1082 
11 1010 1012 1013 1016 1017 1018 1021 1022 1087 1089 1972 
9 1023 1024 1025 1026 1027 1035 1060 1064 1306 
20 1028 1029 1030 1031 1032 1033 1034 1036 1037 1039 1042 1044 1049 1056 1059 1080 1085 1086 2103 2563 
15 1040 1041 1045 1046 1047 1048 1050 1051 1053 1057 1058 1061 1088 1134 1254 
16 1054 1062 1063 1065 1066 1067 1068 1069 1070 1071 1073 1074 1076 1083 1084 1115 
22 1072 1075 1077 1078 1079 1081 1090 1091 1092 1093 1094 1095 1096 1098 1099 1103 1112 1116 1118 1127 1137 1575 
9 1097 1100 1101 1102 1104 1105 1106 1108 1114 
23 1109 1110 1111 1113 1117 1119 1121 1122 1123 1124 1125 1126 1128 1129 1130 1131 1133 1136 1139 1141 1147 1150 1173 
3 1132 1135 1140 
20 1138 1142 1143 1144 1145 1148 1149 1151 1152 1153 1154 1155 1156 1157 1158 1161 1164 1174 1202 9005 
7 1146 1159 1172 1191 1210 1212 8594 
24 1160 1162 1163 1165 1166 1167 1168 1169 1170 1171 1175 1176 1177 1179 1180 1182 1183 1184 1185 1187 1195 1204 1226 3664 
7 1178 1181 1186 1188 1190 1304 2853 
13 1189 1192 1196 1197 1203 1205 1213 1225 1230 1244 1247 1249 1360 
11 1193 1194 1198 1199 1201 1208 1214 1216 1290 1301 1573 
21 1200 1206 1211 1215 1217 1218 1219 1220 1224 1229 1231 1234 1236 1238 1258 1259 1261 1277 1425 1507 2090 
17 1209 1221 1222 1223 1227 1228 1232 1233 1235 1237 1239 1241 1243 1246 1366 1403 1472 
24 1240 1245 1248 1250 1251 1252 1253 1255 1256 1257 1260 1262 1264 1265 1266 1268 1270 1274 1278 1279 1280 1285 1374 1691 
15 1263 1267 1269 1271 1272 1275 1276 1281 1282 1283 1284 1295 1300 1375 1653 
19 1273 1286 1287 1289 1291 1292 1294 1296 1297 1298 1299 1302 1303 1308 1312 1318 1322 1327 1577 
22 1305 1307 1309 1310 1311 1313 1314 1316 1317 1320 1321 1325 1328 1329 1333 1334 1341 1343 1347 1350 1404 1410 
10 1315 1319 1323 1324 1330 1331 1337 1338 1342 1344 
7 1326 1332 1339 1351 1354 1356 1359 
23 1335 1340 1345 1346 1348 1349 1352 1353 1355 1357 1358 1361 1362 1365 1367 1368 1370 1373 1377 1378 1379 1380 1439 
13 1363 1364 1369 1371 1372 1376 1411 1418 1419 1426 1456 1662 6828 
16 1381 1382 1383 1385 1387 1388 1389 1390 1391 1395 1397 1398 1400 1408 1437 1950 
12 1384 1386 1392 1393 1394 1396 1399 1481 1488 1510 1547 1549 
21 1401 1402 1405 1406 1407 1409 1412 1413 1414 1415 1416 1417 1420 1421 1423 1427 1445 1446 1454 1473 1552 
15 1422 1424 1428 1429 1430 1431 1432 1433 1434 1435 1440 1442 1462 1478 1540 
25 1436 1438 1441 1443 1444 1447 1448 1449 1450 1451 1453 1455 1457 1458 1459 1461 1463 1464 1467 1468 1476 1479 1483 1495 1558 
22 1460 1465 1466 1469 1470 1471 1474 1475 1477 1480 1482 1484 1485 1486 1487 1490 1497 1506 1514 1522 1542 1602 
23 1489 1491 1492 1493 1494 1496 1498 1499 1500 1501 1502 1504 1505 1508 1509 1516 1517 1519 1526 1536 1559 1569 2650 
17 1503 1511 1512 1513 1515 1518 1520 1521 1523 1524 1525 1531 1532 1533 1535 1544 1545 
9 1527 1528 1529 1534 1537 1538 1539 1541 1546 
11 1530 1543 1548 1550 1551 1553 1554 1555 1562 1570 1636 
14 1556 1557 1560 1561 1563 1566 1567 1571 1572 1574 1576 1579 1619 2322 
20 1564 1565 1568 1578 1580 1581 1582 1583 1584 1585 1586 1588 1590 1591 1594 1599 1607 1614 1615 4277 
28 1587 1589 1592 1593 1595 1596 1597 1598 1600 1601 1603 1604 1605 1606 1608 1610 1611 1612 1616 1617 1618 1621 1622 1623 1624 1633 1718 2252 
14 1609 1613 1620 1625 1626 1629 1631 1632 1638 1641 1642 1643 1645 1658 
24 1627 1628 1630 1634 1635 1637 1639 1640 1644 1646 1647 1648 1649 1650 1651 1652 1654 1656 1659 1661 1663 1677 2169 4795 
20 1655 1657 1660 1665 1666 1667 1668 1669 1670 1671 1672 1673 1675 1678 1679 1682 1683 1694 1698 1699 
18 1664 1674 1676 1681 1684 1685 1686 1687 1688 1689 1690 1692 1695 1696 1701 1703 1704 1708 
19 1693 1697 1700 1702 1705 1706 1707 1709 1711 1712 1713 1719 1720 1722 1726 1730 1731 1740 5175 
21 1710 1714 1715 1716 1717 1721 1723 1724 1725 1727 1728 1732 1733 1736 1737 1739 1744 1748 1751 2544 2909 
24 1729 1734 1735 1738 1741 1742 1743 1745 1746 1747 1749 1750 1753 1754 1758 1759 1760 1762 1764 1786 1809 1823 1931 2273 
21 1752 1755 1756 1757 1761 1763 1765 1766 1767 1768 1769 1770 1772 1775 1780 1782 1788 1792 1798 1808 1962 
14 1771 1773 1774 1776 1777 1778 1802 1806 1812 1813 1841 1848 1868 1887 
14 1779 1781 1783 1784 1785 1787 1789 1793 1795 1801 1805 1858 1881 2170 
16 1790 1791 1794 1796 1797 1799 1800 1803 1807 1811 1814 1818 1820 1822 1837 1939 
14 1804 1810 1815 1816 1817 1824 1825 1826 1829 1851 1865 1892 1898 1948 
22 1819 1821 1827 1828 1830 1831 1832 1833 1834 1836 1838 1839 1840 1846 1847 1849 1877 1878 1882 1903 1923 2208 
13 1835 1842 1843 1844 1850 1853 1859 1894 1895 1901 1905 1929 2130 
9 1845 1852 1854 1855 1969 1971 1974 1976 2134 
25 1856 1857 1860 1861 1862 1863 1864 1869 1870 1871 1872 1873 1875 1876 1885 1886 1890 1893 1899 1906 1909 1951 1958 2185 8012 
5 1866 1867 1874 1879 1880 
22 1883 1884 1888 1889 1891 1896 1897 1902 1904 1907 1910 1911 1913 1914 1915 1916 1917 1919 1925 1927 1928 1935 
17 1908 1912 1918 1920 1921 1922 1924 1926 1932 1933 1934 1936 1938 1952 1961 1966 9334 
16 1930 1937 1940 1941 1942 1943 1944 1945 1946 1947 1953 1954 1955 1956 1982 4186 
15 1949 1957 1959 1960 1963 1964 1965 1967 1968 1973 1983 1987 2002 2010 2055 
18 1970 1975 1977 1979 1980 1981 1984 1985 1986 1988 1989 1990 1991 1996 1998 2516 2521 2658 
20 1978 1993 1994 1995 1997 1999 2000 2001 2003 2004 2005 2007 2011 2013 2019 2022 2029 2030 2032 2276 
16 1992 2006 2008 2012 2014 2015 2016 2024 2027 2028 2034 2046 2049 2059 2073 2114 
21 2017 2018 2020 2021 2023 2025 2026 2031 2033 2035 2037 2039 2040 2041 2043 2044 2047 2050 2064 2069 2100 
9 2036 2042 2045 2048 2051 2052 2053 2258 2269 
20 2054 2056 2057 2058 2060 2061 2062 2063 2065 2066 2067 2068 2070 2071 2075 2080 2083 2094 2096 2117 
21 2072 2074 2076 2077 2078 2079 2081 2082 2084 2085 2086 2087 2088 2091 2095 2097 2098 2113 2133 2138 2163 
17 2089 2092 2093 2099 2101 2102 2104 2109 2111 2120 2124 2127 2131 2136 2145 2165 2307 
20 2105 2106 2107 2108 2110 2112 2115 2116 2118 2119 2121 2122 2125 2137 2139 2144 2148 2152 2175 2628 
23 2123 2126 2128 2129 2132 2140 2141 2142 2143 2146 2149 2150 2151 2153 2154 2155 2157 2158 2161 2172 2188 2196 2280 
19 2135 2147 2156 2159 2160 2162 2164 2167 2168 2171 2173 2182 2189 2192 2193 2197 2200 2202 2318 
7 2166 2174 2176 2204 2226 2249 2251 
18 2177 2178 2179 2180 2183 2186 2187 2190 2191 2194 2195 2199 2201 2203 2211 2221 2225 2243 
18 2181 2184 2198 2205 2206 2207 2209 2212 2215 2218 2219 2223 2224 2227 2238 2253 2671 7509 
23 2213 2214 2216 2217 2220 2222 2228 2229 2230 2231 2232 2233 2234 2236 2237 2239 2242 2255 2257 2259 2267 2271 2321 
18 2235 2240 2241 2244 2245 2246 2247 2248 2250 2254 2256 2260 2261 2262 2263 2265 2843 4023 
20 2264 2266 2268 2270 2272 2274 2275 2277 2279 2281 2282 2283 2284 2285 2286 2287 2289 2294 2298 2300 
13 2278 2288 2290 2291 2295 2299 2301 2302 2306 2308 2310 2312 2329 
17 2292 2293 2296 2297 2303 2304 2309 2311 2317 2325 2326 2331 2334 2337 2421 2441 2508 
22 2305 2313 2314 2315 2316 2319 2320 2323 2324 2327 2328 2333 2336 2339 2340 2342 2344 2347 2349 2353 2358 2540 
13 2330 2332 2335 2338 2341 2343 2345 2346 2354 2361 2373 2410 4732 
21 2348 2350 2351 2352 2355 2356 2357 2359 2360 2362 2364 2365 2367 2368 2369 2370 2371 2372 2376 2389 2408 
27 2366 2374 2375 2377 2378 2379 2380 2381 2382 2383 2386 2387 2388 2390 2391 2392 2394 2396 2400 2403 2406 2409 2411 2454 2457 2493 2659 
12 2384 2398 2404 2405 2422 2423 2427 2437 2449 2450 2488 2862 
11 2385 2393 2395 2397 2399 2401 2402 2407 2412 2413 2430 
15 2414 2415 2416 2417 2424 2426 2428 2429 2431 2434 2435 2438 2440 2443 2445 
9 2418 2419 2420 2425 2433 2456 2463 2597 2746 
16 2432 2436 2439 2442 2444 2446 2447 2448 2451 2452 2458 2459 2460 2469 2475 2487 
19 2453 2455 2461 2462 2464 2465 2466 2467 2468 2470 2471 2472 2473 2474 2476 2481 2491 2492 2499 
15 2477 2478 2479 2480 2482 2483 2484 2485 2486 2489 2490 2494 2502 2509 3041 
23 2495 2496 2497 2498 2500 2501 2503 2504 2505 2506 2510 2513 2514 2517 2518 2522 2529 2530 2550 2554 2579 2606 8036 
12 2507 2511 2512 2515 2519 2520 2523 2524 2525 2526 2527 2528 
15 2531 2532 2533 2534 2535 2536 2537 2539 2541 2545 2553 2555 2564 2593 2610 
21 2538 2542 2543 2546 2547 2548 2549 2551 2552 2556 2557 2558 2560 2561 2562 2569 2575 2583 2586 2604 2617 
10 2559 2565 2566 2567 2568 2570 2571 2572 2573 5953 
13 2574 2576 2577 2578 2580 2582 2584 2585 2587 2588 2589 2590 2591 
22 2592 2594 2595 2596 2598 2599 2600 2601 2602 2605 2607 2608 2609 2611 2612 2615 2616 2618 2623 2627 2664 8163 
18 2603 2613 2614 2619 2620 2621 2622 2624 2626 2629 2630 2631 2637 2638 2643 2677 2691 2816 
19 2632 2633 2634 2635 2636 2639 2640 2641 2642 2644 2645 2646 2647 2649 2654 2655 2656 2666 2669 
10 2648 2651 2652 2653 2657 2660 2698 2704 2724 3035 
21 2661 2662 2663 2665 2667 2668 2670 2672 2673 2674 2675 2676 2678 2679 2682 2683 2685 2689 2692 2693 2697 
18 2680 2681 2684 2686 2687 2688 2690 2694 2695 2699 2700 2701 2702 2703 2705 2707 2708 2709 
19 2696 2706 2710 2711 2712 2713 2714 2715 2716 2717 2719 2721 2723 2725 2727 2728 2730 2750 2824 
10 2718 2722 2726 2732 2733 2734 2739 2747 2752 2755 
9 2720 2729 2731 2735 2736 2845 2873 2878 3097 
22 2737 2738 2740 2741 2742 2743 2744 2745 2748 2749 2753 2754 2756 2757 2759 2761 2763 2764 2767 2772 2773 2820 
7 2751 2758 2775 2786 2794 2795 2818 
21 2760 2762 2765 2766 2768 2769 2771 2776 2777 2778 2779 2780 2785 2789 2792 2798 2801 2806 2813 2814 3185 
22 2774 2781 2782 2783 2784 2787 2790 2791 2793 2796 2799 2800 2803 2804 2807 2808 2811 2815 2819 2821 2822 2848 
19 2788 2797 2802 2805 2809 2810 2812 2817 2823 2825 2826 2827 2830 2832 2833 2836 2839 2840 2868 
21 2828 2829 2831 2834 2835 2837 2838 2841 2842 2844 2846 2847 2849 2850 2851 2852 2855 2858 2865 2897 3984 
17 2854 2856 2857 2859 2860 2861 2863 2864 2866 2870 2871 2872 2876 2880 2886 2914 5449 
11 2867 2869 2874 2875 2877 2879 2881 2882 2884 2885 2887 
20 2883 2888 2889 2890 2891 2892 2893 2894 2895 2896 2898 2899 2901 2902 2905 2908 2922 2926 2953 3000 
22 2900 2903 2904 2906 2907 2910 2911 2912 2913 2915 2916 2918 2921 2923 2925 2929 2932 2933 2936 2940 2961 3048 
15 2917 2919 2920 2924 2927 2928 2930 2931 2934 2935 2937 2938 2939 3313 3386 
14 2941 2942 2943 2944 2945 2946 2947 2948 2950 2951 2964 2968 3012 3110 
25 2949 2952 2954 2955 2956 2957 2958 2959 2960 2962 2963 2965 2966 2969 2970 2971 2974 2976 2978 2980 2983 2985 2987 3021 5037 
21 2967 2972 2973 2975 2977 2979 2981 2982 2984 2988 2990 2991 2993 2994 2995 2998 3002 3010 3014 3713 8674 
22 2986 2989 2992 2996 2997 2999 3001 3003 3004 3006 3007 3008 3009 3011 3013 3015 3018 3019 3020 3023 3026 3032 
19 3005 3016 3017 3022 3024 3025 3027 3028 3031 3033 3034 3037 3039 3040 3042 3043 3059 3063 3064 
23 3029 3030 3036 3038 3044 3045 3046 3047 3049 3050 3052 3053 3054 3056 3058 3060 3062 3069 3070 3076 3080 3084 8850 
23 3051 3055 3057 3061 3065 3066 3067 3068 3071 3072 3073 3074 3075 3078 3079 3081 3087 3091 3093 3094 3111 3140 3569 
12 3077 3082 3083 3085 3086 3088 3095 3098 3099 3107 3115 3517 
23 3089 3090 3092 3096 3100 3101 3102 3104 3105 3106 3108 3109 3113 3114 3116 3120 3125 3126 3128 3132 3204 3346 3378 
23 3103 3112 3117 3118 3119 3121 3122 3123 3124 3127 3130 3131 3134 3135 3137 3142 3143 3151 3153 3162 3172 3189 3218 
20 3129 3133 3136 3138 3139 3141 3144 3145 3146 3150 3152 3154 3155 3158 3161 3198 3206 3223 3237 3277 
18 3147 3148 3149 3157 3159 3160 3163 3164 3165 3166 3171 3175 3179 3180 3184 3229 3286 3458 
21 3156 3167 3168 3169 3170 3173 3174 3176 3177 3178 3182 3183 3186 3187 3192 3214 3224 3238 3254 3264 3712 
9 3181 3188 3190 3191 3193 3194 3195 3201 3207 
14 3196 3197 3199 3200 3202 3242 3244 3250 3255 3275 3279 3287 3380 3931 
21 3203 3205 3208 3209 3210 3211 3212 3213 3215 3216 3217 3219 3221 3226 3227 3234 3235 3240 3246 3402 4271 
9 3220 3222 3225 3228 3230 3243 3256 3259 3274 
25 3231 3232 3233 3236 3239 3241 3245 3247 3248 3249 3251 3252 3258 3260 3261 3262 3265 3268 3273 3280 3284 3289 3302 3349 6934 
16 3253 3257 3263 3266 3267 3269 3270 3271 3272 3278 3282 3283 3285 3288 3656 5456 
14 3276 3281 3290 3291 3292 3293 3295 3296 3297 3298 3301 3305 3310 3412 
18 3294 3299 3300 3303 3304 3306 3307 3308 3309 3311 3312 3315 3318 3320 3322 3324 3337 3812 
11 3314 3316 3317 3319 3321 3327 3330 3335 3336 3344 3347 
14 3323 3325 3326 3328 3329 3331 3332 3334 3338 3339 3340 3341 3350 3626 
17 3333 3342 3343 3345 3348 3351 3352 3353 3354 3355 3356 3357 3359 3360 3361 3363 3367 
11 3358 3377 3382 3389 3390 3392 3400 3405 3407 3413 3780 
15 3362 3364 3365 3366 3368 3369 3372 3374 3376 3379 3383 3385 3387 3388 3631 
17 3370 3371 3373 3375 3381 3391 3395 3397 3399 3401 3408 3415 3417 3422 3427 3456 4013 
23 3384 3393 3394 3396 3398 3403 3404 3406 3414 3416 3419 3421 3423 3428 3429 3431 3434 3441 3447 3480 3497 3500 4018 
21 3409 3410 3411 3418 3420 3424 3425 3426 3430 3432 3433 3436 3437 3438 3440 3448 3449 3452 3455 3464 3478 
24 3435 3439 3442 3443 3445 3446 3450 3451 3453 3454 3459 3460 3461 3462 3465 3467 3472 3479 3481 3484 3485 3488 3492 3514 
16 3444 3457 3463 3466 3468 3469 3470 3473 3474 3475 3476 3482 3483 3486 3489 3491 
21 3471 3477 3487 3490 3493 3494 3495 3496 3498 3499 3501 3502 3503 3504 3505 3506 3507 3518 3520 3522 3523 
19 3508 3509 3510 3511 3512 3513 3515 3516 3519 3521 3525 3526 3528 3529 3533 3535 3543 3545 4185 
17 3524 3527 3530 3531 3532 3534 3536 3537 3538 3547 3548 3551 3552 3558 3559 3562 3571 
12 3539 3553 3554 3561 3563 3567 3568 3576 3581 3586 3588 3618 
10 3540 3541 3542 3544 3546 3549 3550 3555 3556 3560 
25 3557 3564 3565 3566 3570 3573 3574 3575 3577 3579 3582 3583 3584 3587 3589 3590 3591 3592 3594 3595 3600 3604 3611 3617 3781 
15 3572 3578 3593 3597 3598 3599 3602 3609 3610 3612 3613 3619 3620 5127 8196 
10 3580 3585 3596 3601 3603 3605 3606 3608 3634 3638 
14 3607 3614 3615 3621 3623 3624 3627 3628 3630 3633 3637 3642 3643 3644 
23 3616 3622 3625 3629 3632 3635 3636 3639 3640 3641 3645 3646 3648 3649 3650 3652 3653 3658 3676 3677 3681 3684 3688 
12 3647 3657 3659 3660 3661 3662 3665 3670 3671 3679 3698 3727 
11 3651 3654 3668 3673 3674 3678 3683 3687 3690 3711 5179 
17 3655 3663 3666 3667 3669 3672 3675 3680 3682 3685 3686 3689 3694 3695 3700 3702 3723 
9 3691 3692 3693 3696 3701 3703 3705 3737 9766 
14 3697 3699 3704 3706 3707 3708 3726 3734 3736 3741 3742 3745 3749 3897 
15 3709 3710 3714 3715 3716 3717 3718 3719 3720 3724 3725 3728 3730 3733 3762 
13 3721 3722 3729 3731 3738 3744 3747 3750 3752 3755 3797 3850 3880 
18 3732 3735 3739 3740 3746 3748 3751 3753 3756 3757 3759 3761 3766 3800 3804 3825 3836 3838 
14 3743 3754 3758 3760 3763 3764 3769 3771 3787 3791 3792 3819 3858 4783 
20 3765 3767 3768 3770 3772 3773 3774 3775 3776 3777 3782 3784 3788 3801 3814 3820 3835 3837 3848 3857 
23 3778 3779 3783 3785 3786 3789 3790 3793 3794 3796 3798 3799 3802 3803 3805 3806 3809 3853 3856 3860 3863 3871 4129 
18 3795 3807 3808 3810 3811 3813 3815 3816 3817 3818 3822 3823 3824 3872 3883 3884 3886 3889 
12 3821 3826 3827 3828 3829 3831 3832 3834 3841 3844 3854 3861 
17 3830 3833 3839 3840 3842 3843 3845 3846 3847 3849 3851 3852 3859 3862 3864 3868 3870 
23 3855 3865 3866 3867 3869 3873 3874 3875 3876 3877 3878 3879 3881 3882 3887 3888 3890 3892 3896 3898 3899 3902 3950 
22 3885 3891 3893 3894 3895 3900 3901 3903 3904 3905 3906 3908 3909 3911 3914 3916 3920 3922 3923 3927 4160 4296 
24 3907 3910 3912 3913 3915 3917 3918 3919 3921 3924 3925 3926 3928 3929 3930 3932 3933 3934 3935 3941 3942 3943 3945 4124 
14 3936 3937 3938 3939 3940 3944 3948 3953 3954 3956 3959 3965 3969 4203 
24 3946 3947 3949 3951 3952 3955 3957 3958 3960 3961 3962 3963 3964 3967 3968 3971 3975 3977 3978 3983 3985 3987 3994 4040 
21 3966 3970 3972 3973 3974 3976 3979 3980 3981 3982 3986 3989 3992 3995 3996 3998 4000 4005 4047 4049 4178 
16 3988 3990 3991 3993 3997 3999 4001 4002 4003 4004 4006 4009 4010 4015 4042 4778 
14 4007 4008 4011 4012 4014 4016 4019 4022 4032 4041 4054 4057 4103 4122 
10 4017 4020 4021 4024 4025 4026 4027 4191 4193 4239 
23 4028 4029 4030 4031 4033 4034 4035 4036 4037 4038 4039 4043 4044 4045 4046 4050 4051 4052 4061 4067 4069 4077 4091 
14 4048 4053 4055 4056 4058 4060 4062 4064 4065 4082 4126 4127 4133 5266 
13 4059 4063 4066 4068 4070 4073 4075 4076 4079 4081 4095 4116 4120 
20 4071 4072 4074 4078 4080 4083 4084 4085 4086 4087 4089 4092 4096 4097 4102 4108 4118 4142 4165 4177 
21 4088 4090 4093 4098 4099 4100 4101 4104 4105 4106 4107 4110 4114 4123 4131 4132 4134 4140 4145 4156 4374 
20 4094 4109 4111 4112 4113 4115 4117 4119 4121 4125 4128 4135 4137 4144 4146 4148 4149 4151 4157 4158 
15 4130 4136 4138 4141 4147 4152 4155 4161 4162 4166 4168 4172 4180 4181 4197 
23 4139 4143 4150 4153 4154 4159 4163 4164 4167 4169 4170 4173 4174 4175 4176 4179 4182 4183 4188 4189 4192 4554 7855 
25 4171 4184 4187 4190 4194 4195 4196 4198 4199 4200 4201 4202 4204 4209 4210 4211 4212 4215 4216 4218 4220 4236 4241 4308 4319 
21 4205 4206 4207 4208 4213 4217 4219 4221 4222 4223 4224 4226 4229 4230 4231 4234 4237 4240 4242 4243 4268 
23 4214 4225 4227 4228 4232 4233 4235 4238 4244 4245 4246 4248 4250 4251 4252 4253 4254 4257 4261 4267 4269 4393 4719 
22 4247 4249 4255 4256 4258 4259 4260 4262 4263 4264 4265 4266 4270 4272 4273 4275 4280 4281 4284 4286 4305 4315 
20 4274 4276 4278 4279 4282 4283 4285 4287 4288 4289 4290 4291 4292 4293 4294 4295 4297 4298 4299 4301 
16 4300 4302 4303 4304 4306 4307 4310 4311 4312 4313 4314 4316 4317 4320 4324 5434 
13 4309 4318 4321 4322 4323 4325 4332 4333 4337 4338 4348 4378 5399 
16 4326 4327 4328 4329 4330 4331 4334 4335 4336 4339 4340 4341 4350 4354 4363 4392 
16 4342 4343 4344 4345 4346 4347 4349 4351 4352 4356 4357 4361 4364 4401 4424 4445 
22 4353 4355 4358 4359 4360 4362 4365 4366 4367 4368 4369 4370 4371 4372 4373 4375 4380 4383 4390 4484 4695 4841 
22 4376 4377 4379 4381 4382 4384 4385 4386 4387 4388 4389 4391 4394 4395 4397 4398 4402 4403 4408 4412 4416 4538 
14 4396 4400 4404 4405 4406 4407 4409 4410 4411 4418 4432 4446 4473 4474 
15 4413 4414 4415 4417 4419 4422 4425 4427 4434 4438 4458 4504 4509 4531 5407 
14 4420 4421 4423 4426 4429 4430 4431 4436 4442 4444 4447 4448 4451 4476 
23 4428 4433 4437 4439 4440 4441 4443 4449 4450 4452 4453 4454 4456 4457 4459 4460 4461 4462 4463 4479 4488 4490 4501 
10 4435 4455 4464 4465 4466 4467 4468 4472 4480 4483 
3 4469 4470 4471 
21 4475 4477 4478 4481 4482 4485 4486 4487 4489 4491 4492 4493 4496 4497 4498 4500 4505 4506 4510 4530 7405 
28 4494 4495 4499 4502 4503 4507 4508 4512 4513 4514 4515 4516 4517 4518 4519 4521 4522 4524 4527 4534 4540 4542 4545 4553 4563 4568 4803 8925 
16 4511 4520 4523 4526 4529 4533 4535 4543 4547 4548 4556 4564 4570 4577 4592 5874 
12 4525 4528 4532 4537 4539 4541 4546 4549 4550 4551 4552 4557 
22 4536 4544 4555 4558 4559 4560 4561 4562 4565 4566 4567 4569 4571 4572 4573 4574 4576 4578 4579 4580 4649 4729 
18 4575 4581 4582 4583 4584 4585 4586 4587 4588 4589 4590 4596 4597 4598 4599 4600 4622 4883 
16 4591 4593 4594 4595 4601 4602 4603 4604 4606 4609 4610 4611 4614 4626 4641 4691 
24 4605 4607 4608 4612 4613 4615 4616 4617 4618 4619 4620 4621 4623 4625 4627 4631 4632 4633 4640 4650 4662 4683 4865 5111 
11 4624 4628 4629 4630 4634 4635 4636 4638 4639 4645 4646 
17 4637 4642 4643 4644 4647 4651 4654 4655 4660 4668 4669 4670 4671 4672 4676 4678 4726 
24 4648 4652 4653 4656 4657 4658 4659 4661 4663 4664 4666 4667 4674 4675 4680 4681 4684 4688 4692 4697 4700 4702 4716 4951 
18 4665 4673 4677 4679 4682 4685 4686 4690 4694 4701 4707 4721 4723 4725 4728 4747 4750 4918 
20 4687 4689 4693 4696 4698 4699 4703 4704 4705 4708 4710 4712 4715 4738 4740 4743 4745 4752 4757 4759 
17 4706 4709 4711 4713 4714 4717 4718 4722 4727 4731 4735 4737 4741 4751 4861 4908 5398 
18 4720 4724 4730 4733 4734 4736 4739 4746 4748 4753 4754 4755 4760 4765 4766 4779 4790 4955 
18 4742 4744 4749 4756 4758 4761 4762 4763 4764 4768 4769 4771 4773 4780 4785 4799 4811 4817 
14 4767 4770 4772 4774 4775 4776 4777 4781 4782 4784 4786 4789 4791 4793 
8 4787 4788 4792 4794 4796 4808 4812 4891 
18 4797 4798 4800 4801 4802 4804 4805 4806 4807 4809 4810 4813 4814 4816 4818 4823 4929 5592 
18 4815 4819 4820 4821 4822 4824 4825 4826 4827 4828 4830 4831 4835 4837 4844 4846 4900 5264 
9 4829 4832 4834 4838 4927 4945 4962 4972 5230 
21 4833 4836 4840 4843 4845 4847 4849 4850 4851 4852 4853 4856 4858 4859 4860 4862 4864 4886 4898 4909 5046 
18 4839 4842 4848 4854 4855 4857 4863 4866 4867 4868 4917 4923 4925 4971 4993 5002 5029 8013 
28 4869 4870 4871 4872 4873 4874 4875 4876 4877 4878 4879 4880 4881 4884 4889 4890 4892 4893 4896 4897 4901 4904 4905 4911 4916 4922 4926 4931 
10 4882 4885 4887 4943 4946 4961 4976 4994 4996 5110 
24 4888 4894 4895 4899 4902 4903 4906 4907 4910 4912 4913 4915 4919 4920 4921 4924 4928 4932 4933 4934 4936 4977 4987 5055 
10 4914 4930 4935 4937 4938 4939 4940 4941 5575 6273 
12 4942 4944 4947 4948 4949 4950 4952 4956 4967 4968 4978 4983 
21 4953 4954 4957 4958 4959 4960 4963 4964 4965 4966 4970 4974 4975 4979 4982 4991 4995 4998 5003 5020 5065 
21 4969 4973 4980 4981 4984 4985 4986 4988 4989 4990 4992 4997 4999 5000 5004 5007 5010 5011 5024 5030 6448 
25 5001 5005 5006 5008 5009 5012 5013 5014 5015 5016 5017 5019 5021 5022 5023 5026 5028 5033 5035 5039 5044 5047 5048 5063 7105 
21 5018 5025 5027 5031 5032 5034 5036 5038 5040 5041 5042 5043 5045 5050 5051 5052 5053 5056 5057 5058 5059 
14 5049 5054 5060 5061 5062 5064 5066 5067 5068 5072 5073 5077 5078 5125 
8 5069 5070 5071 5075 5084 5095 5108 5150 
22 5074 5076 5079 5080 5081 5082 5083 5085 5087 5088 5092 5093 5094 5096 5097 5098 5109 5118 5119 5130 5149 5244 
11 5086 5089 5090 5091 5099 5100 5115 5117 5138 5144 8942 
20 5101 5102 5103 5104 5105 5106 5107 5112 5114 5116 5120 5121 5122 5126 5128 5129 5131 5141 5142 5147 
19 5113 5123 5124 5132 5133 5134 5135 5136 5139 5140 5145 5146 5148 5151 5153 5157 5159 5162 5224 
19 5143 5152 5154 5155 5156 5158 5160 5161 5163 5164 5165 5166 5168 5170 5173 5174 5176 5202 6111 
22 5167 5169 5171 5172 5177 5178 5180 5181 5182 5183 5184 5185 5186 5190 5191 5195 5197 5198 5203 5225 5269 5273 
24 5187 5188 5189 5192 5193 5194 5196 5199 5200 5201 5204 5206 5207 5208 5209 5210 5211 5215 5216 5217 5232 5233 5248 5265 
13 5205 5212 5213 5214 5218 5219 5220 5221 5222 5223 5226 5463 5493 
20 5227 5228 5229 5231 5234 5235 5236 5237 5238 5239 5240 5242 5243 5246 5247 5249 5251 5252 5253 5254 
19 5241 5245 5250 5255 5256 5257 5258 5259 5260 5261 5267 5270 5271 5272 5274 5275 5280 5286 5312 
19 5262 5263 5268 5276 5277 5278 5279 5281 5283 5284 5288 5290 5293 5294 5296 5311 5333 5395 5415 
21 5282 5285 5287 5289 5291 5292 5295 5297 5298 5301 5302 5303 5305 5307 5315 5316 5318 5342 5354 5390 7950 
20 5299 5300 5304 5306 5308 5309 5310 5313 5314 5317 5319 5320 5321 5322 5325 5326 5328 5331 5334 5432 
15 5323 5324 5327 5329 5330 5332 5336 5337 5338 5339 5344 5345 5348 5361 5362 
19 5335 5340 5341 5343 5346 5347 5349 5350 5351 5352 5353 5355 5357 5363 5364 5368 5370 5373 5376 
16 5356 5358 5359 5360 5365 5366 5367 5369 5371 5374 5378 5388 5389 5392 5404 5618 
18 5372 5375 5377 5379 5380 5381 5382 5383 5384 5385 5396 5397 5401 5408 5410 5412 5414 5524 
25 5386 5387 5391 5393 5394 5400 5403 5405 5409 5411 5413 5416 5418 5419 5420 5421 5422 5423 5429 5431 5435 5438 5439 5443 8046 
18 5402 5406 5417 5424 5425 5426 5427 5428 5430 5433 5436 5442 5444 5446 5454 5476 5499 6750 
12 5437 5440 5441 5447 5448 5450 5455 5458 5459 5460 5461 5467 
16 5445 5451 5452 5453 5457 5462 5464 5465 5466 5468 5469 5470 5471 5474 5475 5478 
10 5472 5473 5477 5479 5480 5485 5489 5490 5501 5504 
20 5481 5482 5483 5484 5486 5487 5488 5491 5492 5494 5495 5496 5498 5505 5506 5508 5512 5515 5536 5538 
15 5497 5500 5502 5503 5507 5509 5511 5513 5518 5521 5531 5542 5543 5544 5555 
21 5510 5514 5516 5517 5519 5520 5522 5523 5525 5526 5527 5528 5529 5530 5532 5533 5545 5547 5549 5551 5616 
16 5534 5535 5537 5539 5540 5541 5546 5548 5550 5552 5553 5560 5561 5563 5586 5629 
13 5554 5556 5557 5558 5559 5562 5564 5565 5568 5570 5571 5572 5573 
19 5566 5567 5569 5574 5576 5577 5578 5579 5580 5581 5585 5587 5588 5591 5594 5595 5596 5599 5798 
19 5582 5583 5584 5589 5590 5593 5597 5600 5604 5605 5606 5607 5609 5612 5613 5623 5631 5633 5784 
18 5598 5601 5602 5603 5608 5610 5611 5614 5617 5619 5621 5622 5624 5625 5630 5637 5647 7281 
20 5615 5620 5626 5627 5628 5632 5634 5635 5636 5638 5639 5640 5641 5642 5643 5644 5645 5646 5652 5723 
16 5648 5649 5650 5651 5653 5655 5656 5657 5659 5661 5664 5665 5666 5669 5672 7681 
21 5654 5658 5660 5662 5663 5667 5670 5671 5673 5674 5675 5676 5677 5680 5681 5682 5683 5685 5687 5697 5775 
19 5668 5678 5679 5684 5686 5688 5689 5690 5691 5692 5694 5696 5701 5703 5705 5707 5714 5718 6524 
25 5693 5695 5698 5699 5700 5702 5704 5706 5708 5709 5710 5715 5720 5722 5724 5725 5726 5728 5731 5732 5735 5741 5745 5749 8648 
18 5711 5712 5713 5716 5717 5719 5727 5729 5730 5733 5734 5736 5737 5739 5740 5750 5753 5758 
17 5721 5738 5742 5743 5746 5747 5748 5752 5754 5755 5759 5760 5762 5767 5773 5778 5790 
25 5744 5751 5756 5757 5761 5763 5764 5765 5766 5768 5769 5770 5772 5774 5776 5779 5781 5785 5786 5787 5788 5791 5814 5817 5848 
17 5771 5777 5780 5782 5783 5789 5792 5793 5795 5796 5797 5800 5805 5806 5811 5812 5836 
17 5794 5799 5801 5802 5803 5804 5807 5808 5809 5810 5813 5819 5820 5821 5825 5828 7204 
21 5815 5816 5818 5822 5823 5824 5826 5827 5829 5830 5831 5832 5833 5834 5839 5840 5841 5842 5850 5854 5944 
22 5835 5837 5838 5843 5844 5845 5846 5847 5849 5851 5852 5855 5857 5859 5863 5865 5867 5869 5871 5873 5876 5877 
19 5853 5856 5858 5860 5861 5862 5864 5866 5870 5872 5875 5878 5880 5882 5883 5884 5889 5891 8308 
13 5868 5879 5881 5885 5886 5893 5894 5895 5896 5900 5916 5931 5939 
10 5887 5888 5890 5892 5897 5898 5899 5901 5902 5903 
18 5904 5905 5906 5907 5908 5909 5910 5911 5912 5913 5914 5917 5918 5923 5924 5926 5935 5937 
21 5915 5919 5920 5921 5922 5925 5927 5928 5929 5930 5932 5936 5938 5940 5942 5943 5945 5946 5949 5950 6690 
25 5933 5941 5947 5948 5951 5952 5954 5955 5956 5957 5958 5959 5960 5961 5963 5964 5965 5966 5972 5973 5974 5977 5978 5988 6193 
7 5934 5962 5967 5968 5969 6154 6185 
10 5970 5971 5975 5976 5979 5980 6005 6011 6019 6330 
11 5981 5982 5986 5987 5989 6007 6010 6016 6045 6073 8569 
4 5983 5984 5985 6099 
10 5990 5991 5992 5993 5997 6014 6022 6032 6080 6136 
17 5994 5995 5996 5998 5999 6000 6001 6002 6003 6006 6008 6009 6013 6015 6017 6018 7834 
23 6004 6012 6020 6021 6023 6024 6025 6026 6027 6028 6029 6030 6033 6034 6035 6036 6037 6040 6046 6049 6050 6051 6060 
16 6031 6038 6041 6042 6043 6047 6052 6054 6055 6056 6057 6063 6065 6088 6093 6104 
13 6039 6059 6061 6064 6070 6071 6072 6074 6079 6084 6087 6096 6113 
16 6044 6048 6053 6058 6062 6066 6067 6068 6075 6077 6078 6081 6082 6083 6086 6090 
22 6069 6076 6085 6089 6091 6092 6094 6095 6097 6098 6100 6102 6103 6105 6106 6107 6108 6112 6124 6127 6285 6492 
14 6101 6109 6110 6114 6116 6117 6118 6120 6121 6122 6126 6129 6130 6143 
22 6115 6119 6123 6125 6128 6131 6132 6133 6134 6137 6138 6140 6142 6144 6145 6146 6147 6148 6151 6152 6153 7264 
23 6135 6139 6141 6149 6150 6155 6156 6157 6158 6159 6162 6163 6164 6166 6170 6174 6175 6176 6177 6191 6246 6260 6390 
21 6160 6161 6165 6167 6168 6169 6171 6172 6173 6178 6179 6180 6183 6184 6187 6194 6195 6209 6210 6212 6221 
11 6181 6182 6186 6188 6189 6190 6215 6217 6226 6227 6241 
20 6192 6196 6197 6198 6199 6200 6201 6202 6203 6204 6205 6207 6211 6214 6224 6229 6230 6233 6242 6770 
21 6206 6208 6213 6216 6218 6219 6220 6222 6223 6225 6231 6232 6234 6235 6236 6249 6250 6257 6258 6271 6288 
13 6228 6237 6238 6240 6243 6245 6251 6253 6256 6266 6281 6291 6300 
20 6239 6244 6247 6248 6254 6255 6259 6261 6262 6263 6264 6267 6275 6278 6286 6289 6294 6295 6302 6311 
13 6252 6268 6270 6272 6274 6276 6277 6282 6303 6318 6323 6339 6364 
20 6265 6269 6279 6280 6283 6284 6287 6290 6292 6297 6298 6299 6301 6306 6310 6314 6315 6317 6322 6342 
19 6293 6296 6304 6305 6307 6308 6309 6312 6313 6319 6320 6341 6343 6347 6349 6351 6354 6355 9203 
11 6316 6321 6324 6325 6328 6334 6335 6348 6350 6433 8684 
21 6326 6327 6329 6331 6332 6333 6336 6337 6340 6344 6345 6346 6352 6353 6357 6358 6363 6365 6368 6417 6439 
25 6338 6356 6359 6360 6361 6362 6366 6367 6369 6370 6371 6372 6373 6374 6375 6376 6383 6384 6391 6396 6400 6401 6405 6467 6507 
13 6377 6378 6380 6382 6385 6386 6388 6394 6411 6419 6423 6434 6441 
21 6379 6381 6387 6389 6392 6393 6395 6397 6398 6406 6407 6408 6413 6415 6416 6421 6428 6432 6470 6477 6993 
14 6399 6402 6403 6414 6420 6427 6429 6435 6436 6444 6445 6453 6458 6623 
23 6404 6409 6410 6412 6418 6422 6424 6425 6426 6431 6437 6440 6442 6443 6446 6447 6449 6454 6460 6461 6464 6465 7641 
16 6430 6438 6450 6451 6452 6455 6457 6459 6462 6463 6468 6479 6481 6487 6490 6494 
22 6456 6466 6469 6471 6472 6473 6474 6475 6476 6478 6480 6482 6483 6486 6488 6489 6495 6496 6499 6500 6505 6518 
18 6484 6485 6491 6493 6497 6498 6501 6502 6503 6504 6506 6508 6509 6510 6511 6514 6520 6521 
5 6512 6513 6515 6516 6517 
11 6519 6522 6523 6525 6526 6527 6528 6533 6534 6539 6631 
12 6529 6530 6531 6532 6535 6536 6537 6538 6540 6542 6543 6544 
19 6541 6545 6546 6547 6548 6549 6550 6551 6552 6553 6554 6555 6557 6559 6568 6569 6573 6612 6613 
20 6556 6558 6560 6561 6562 6563 6564 6565 6566 6567 6572 6576 6577 6585 6586 6589 6606 6624 6632 9637 
14 6570 6571 6574 6575 6578 6579 6580 6581 6582 6583 6588 6592 6595 6603 
13 6584 6587 6590 6591 6593 6594 6598 6599 6600 6611 6614 6616 6675 
15 6596 6597 6601 6602 6604 6605 6608 6609 6610 6617 6621 6626 6637 6650 6667 
20 6607 6615 6618 6619 6620 6622 6625 6627 6628 6629 6635 6636 6640 6644 6646 6651 6653 6661 6676 7611 
20 6630 6633 6634 6638 6639 6641 6642 6643 6648 6655 6659 6660 6664 6665 6666 6673 6685 6687 6700 6702 
20 6645 6647 6649 6652 6657 6658 6662 6668 6669 6671 6672 6674 6679 6682 6684 6691 6693 6701 6715 6721 
10 6654 6656 6663 6670 6677 6678 6680 6681 6683 6686 
25 6688 6689 6692 6694 6695 6696 6697 6698 6699 6703 6704 6705 6707 6708 6709 6712 6714 6717 6720 6723 6725 6731 6748 6761 6918 
19 6706 6710 6711 6713 6716 6718 6719 6722 6726 6727 6728 6729 6730 6732 6733 6734 6736 6737 6753 
15 6724 6735 6738 6739 6740 6741 6742 6743 6744 6754 6759 6760 6766 6768 6840 
18 6745 6746 6747 6749 6751 6752 6755 6756 6758 6763 6769 6773 6775 6779 6781 6782 6817 7568 
27 6757 6762 6764 6765 6767 6771 6772 6774 6776 6777 6778 6784 6785 6787 6788 6789 6790 6791 6792 6795 6796 6819 6827 6844 6853 6870 7049 
24 6780 6783 6786 6793 6794 6797 6798 6799 6800 6801 6802 6803 6806 6808 6810 6812 6823 6837 6847 6867 6869 6872 6890 6944 
17 6804 6805 6807 6809 6811 6813 6814 6815 6816 6818 6820 6821 6824 6826 6829 6830 6834 
25 6822 6825 6831 6832 6833 6835 6836 6838 6839 6841 6842 6843 6845 6846 6852 6854 6859 6860 6861 6876 6878 6881 6895 6911 6919 
20 6848 6849 6850 6851 6855 6856 6857 6858 6862 6863 6864 6866 6868 6880 6886 6889 6914 6917 6964 8980 
16 6865 6871 6873 6874 6875 6877 6879 6883 6887 6891 6892 6899 6931 6933 6935 7002 
23 6882 6884 6885 6888 6893 6894 6896 6897 6898 6900 6902 6904 6905 6906 6915 6926 6928 6936 6941 6943 6959 6991 7391 
21 6901 6903 6907 6908 6909 6910 6920 6921 6923 6925 6929 6930 6932 6937 6938 6945 6948 6955 6958 6976 7042 
12 6912 6924 6927 6939 6940 6946 6947 6949 6950 6951 6954 6960 
