2 8890 6517 
2 8670 5071 
2 2384 7206 
2 7468 2887 
2 7013 1855 
2 1135 1880 
2 8773 5903 
2 7227 6527 
2 2418 4941 
2 3654 9287 
2 8227 4471 
2 9121 3560 
2 7716 5226 
2 6252 4027 
2 2176 7433 
4 719 1817 4476 8775 
4 4679 8306 4390 1594 
2 6321 7581 
2 563 4796 
4 1178 6544 5891 8308 
2 3647 8563 
2 3321 2528 
3 7109 8071 7376 
2 7948 6753 
2 3578 2053 
4 3696 5441 9569 1823 
3 6031 9483 7678 
3 9550 9925 2939 
3 6403 3760 5067 
3 2015 2212 820 
3 6039 6190 6521 
3 4829 8303 9489 
2 5991 1339 
3 7913 3936 4818 
2 2736 978 
3 1105 8192 3491 
3 8758 3381 6686 
3 311 4411 3207 
3 9913 7444 492 
2 7325 7632 
2 3202 8727 
3 8878 9252 8596 
2 9459 1159 
3 9449 3614 8824 
3 5649 7464 8730 
3 8184 1381 4557 
2 3358 1000 
3 8965 9377 3246 
3 8578 9251 4793 
3 1563 3362 773 
3 7862 1208 4646 
3 3708 1376 6441 
2 8967 1555 
4 549 7779 4070 9803 
6 1776 8271 4475 4352 9763 1344 
6 2735 6952 8086 8290 9349 4469 
2 1192 2758 
4 4948 1002 9044 7809 
2 9927 7909 
3 4644 4717 9868 
4 5480 1844 3809 6467 
4 7575 8968 9451 8345 
7 3580 610 9291 7711 7891 4520 7025 
9 3090 9207 9187 5902 6794 6150 4048 3341 8572 
6 768 3311 5562 2288 3111 4700 
7 7957 3168 9670 3655 9985 5371 5513 
3 6912 7284 9723 
7 1209 3239 4098 1879 789 3193 9824 
6 1560 1724 8029 9920 1319 180 
9 9313 2278 113 4877 9090 4836 1146 2486 7519 
8 5934 1815 2507 1228 5721 1206 872 1190 
8 3055 2429 8587 2589 6740 2717 7122 7458 
2 2573 1626 
10 6466 4882 5402 219 2324 9463 7379 7613 9750 1015 
9 5018 9020 9626 6044 7709 1113 8073 1529 2346 
8 4058 6418 6662 2166 6884 6208 7684 5059 
3 2297 1023 7773 
3 3608 1067 6600 
9 4758 3667 1794 2296 9402 8792 7196 4006 4483 
8 1273 6361 6269 1492 7020 1421 233 8253 
3 666 2751 2430 
8 7929 6900 5971 7198 8458 9636 5553 2445 
9 8292 2313 2828 3245 7329 3104 5307 9186 5478 
9 4309 6529 7064 477 3990 3334 2112 8719 9360 
8 1867 6767 3333 3257 3758 5954 3729 9515 
8 2519 3527 8787 5858 6239 9579 4528 9359 
9 6381 2531 3410 567 1512 6735 7373 1246 5886 
12 5970 554 8698 7849 9698 1447 3409 3651 7319 211 2866 9520 
11 9563 4536 7455 8302 7210 6200 854 4588 1061 7713 913 
3 6377 9346 641 
11 6822 4056 6780 1332 9046 8158 4084 7314 4065 4301 8330 
11 5324 6843 5881 3049 9649 2026 457 9503 9249 174 5334 
10 2465 394 9820 3697 3540 8024 9011 4629 23 6960 
4 5983 8605 3028 8490 
10 4078 7293 6654 3918 9935 1860 1959 9702 9019 2951 
4 3147 7097 4838 9693 
9 4435 7186 8489 817 5491 5295 3557 1143 8402 
11 187 1414 6656 696 5615 4511 4255 9289 6744 7147 5127 
7 1040 4984 7114 864 3739 2412 8553 
9 7657 1883 7864 726 7768 9744 8546 6463 8000 
10 6663 7188 1227 7810 1323 3430 318 908 6591 8994 
13 4525 5027 8213 7140 1838 6502 3249 4387 3138 9495 2649 7453 2265 
3 2718 6610 5573 
12 7070 3546 1384 5218 8149 8459 7224 7248 4863 2981 6515 9049 
12 6689 9733 6139 9166 8783 8557 9996 8892 4830 4450 7075 4604 
10 3629 7028 1407 7156 2538 8566 9845 1177 3230 7972 
11 4839 6189 7435 5227 7993 1773 6877 209 3833 1785 7621 
3 7804 8788 1022 
11 6670 4873 3005 3236 4693 400 493 6536 6293 3225 7482 
12 1757 6485 8932 7687 3276 2233 8739 2523 6245 5732 3086 7760 
12 88 19 2603 6404 190 3640 8055 5237 1363 6430 6238 4949 
11 474 6135 8630 3294 9347 1406 4648 1970 5377 2541 7362 
13 8477 1170 1609 1637 9405 3197 7320 8426 8902 9804 5593 310 835 
11 3607 658 5727 1784 3826 2512 2742 9109 8173 1922 766 
15 423 7612 2738 7889 1605 5387 6849 2426 9267 332 9735 5914 4138 8397 2822 
12 3371 4208 2424 4583 4781 2123 271 9385 2056 6076 4329 2709 
10 1992 1438 1024 1013 8848 7546 6327 6825 8111 6090 
13 9847 3596 3579 7398 7287 2942 8586 6304 4507 1186 7662 4317 1140 
12 2061 8736 9406 8484 5808 7180 902 2642 5711 6647 7990 3870 
14 2247 5743 8262 5213 9052 8020 6053 2074 3325 7239 9418 389 5272 5232 
12 303 1651 3575 7230 9452 6851 1524 5920 4405 39 5444 240 
13 8175 2079 2536 7129 699 3148 9852 8104 2147 8348 7534 1027 5578 
14 606 7553 2714 7512 5358 1734 5517 212 6340 3778 8245 4420 229 9350 
13 6412 1372 739 4428 2641 1090 6004 6155 3779 9071 379 5780 218 
14 9752 8425 2436 6658 6123 2788 6752 3773 47 1252 6645 2654 8571 1284 
14 8731 9473 9128 4260 8021 1625 3354 4815 4107 415 2171 3709 9921 8106 
13 3549 5572 8209 1630 6199 4885 315 8370 2495 7934 1676 7383 8047 
13 4071 5875 5359 4706 6110 3029 2928 8448 3566 7152 5679 7506 2669 
6 8711 977 1835 5557 3824 9914 
15 9679 2006 4537 6329 5948 6558 109 2357 8447 8254 2825 9613 7113 7061 446 
13 1138 627 8699 4414 5034 513 3368 601 7579 5344 1459 5968 7641 
15 9619 3208 7846 2838 8376 8435 1697 4154 6634 1326 6762 3507 6583 1706 4181 
14 2883 2899 8323 7704 3384 4635 2690 7277 1685 313 6319 5969 6665 1293 
14 5335 2748 4546 9246 9137 5654 1689 6410 3396 507 6399 4493 1695 9530 
12 3442 1593 7471 9544 9191 1142 2896 935 6274 7068 1956 3367 
16 5235 5990 6747 4959 3951 5113 6493 4437 7585 5887 1430 881 388 943 9048 6520 
14 5868 2791 7116 7104 8774 874 7102 4624 6222 2693 3088 4052 8278 1377 
15 7965 8449 9851 5393 6457 7082 2915 3092 3603 2031 3116 867 384 3827 3286 
15 1097 945 1984 3849 1852 6924 8715 3910 481 2132 1046 5382 408 7015 2463 
15 2917 5500 7451 5744 7357 5698 6875 6420 5158 7438 9737 1433 2099 4337 3388 
16 5440 9974 7677 8277 3160 5856 3865 3017 3050 3512 6173 4913 8373 5979 9600 1131 
16 5717 5818 5487 8978 1635 4455 965 8274 35 5662 7816 3694 3767 4736 3755 5538 
13 8950 2106 3196 328 9691 442 6669 2338 8035 5437 3751 9740 5296 
14 6277 1100 9685 9768 1251 3170 3176 5049 8207 9586 767 8028 1037 4325 
17 519 842 4223 5710 2422 5510 5112 3891 6756 8224 8940 9199 4636 8244 5975 8722 3887 
16 2720 9306 2230 7428 5746 8629 1674 3976 5017 6409 8995 3530 8895 613 2177 7844 
16 3167 2335 3572 9595 3329 2293 6168 1564 5621 2754 7535 584 2977 4868 5597 1562 
12 1269 3424 9412 9556 5540 6567 6480 952 81 4523 2620 1452 
17 9409 9087 4200 2520 166 5466 4112 892 7927 5425 4482 657 4953 4709 5919 923 2038 
18 2432 4170 5060 3067 2963 6068 6786 8713 2143 2511 1267 7867 7380 1949 6484 3986 8599 7522 
14 7952 3024 2784 8548 661 2957 4080 4666 2000 3232 454 6548 2359 1998 
16 9003 8979 4184 6164 3459 8203 2782 7446 448 3433 9897 4559 5985 1713 8364 3984 
10 7108 8803 856 5169 2556 8326 594 8422 1322 8163 
14 5693 6206 6741 1588 4164 3510 4228 5626 6244 2343 6333 3163 7655 4492 
18 3817 3601 6455 2975 7117 1530 9274 9666 1995 533 1102 1365 9138 8038 9436 5742 5325 831 
14 6541 4194 2711 6159 3989 9255 150 1260 7174 4854 8996 8815 3145 6143 
14 6901 5890 3461 5189 277 8573 435 2198 2470 7193 4819 137 2191 4417 
16 3307 1489 9627 200 9401 4575 2401 6765 4207 3398 9497 5124 636 1736 1411 3861 
15 9976 6951 8786 4196 4935 1869 6473 8410 498 2984 494 8830 576 3508 1546 
15 6198 9965 4233 608 8832 9282 9030 428 6550 6966 6597 6904 3135 6129 1545 
16 2316 3947 7792 8328 5369 5006 1030 6547 3594 4205 6062 97 6197 249 3161 1114 
17 9514 9869 530 4661 7638 2455 4910 3188 6125 7337 3680 1422 3315 7176 8661 1670 4321 
15 672 9469 8440 825 5771 730 4349 210 6475 4123 643 7971 7599 9372 6018 
8 1803 3740 984 7988 4249 2710 4810 1018 
16 5445 9316 6804 1121 4421 3068 1010 8588 8614 4940 3169 2954 5394 819 2308 6834 
17 375 4630 3317 8574 9806 4761 2881 3445 933 7000 3669 5134 8793 262 5281 8048 3069 
18 1066 5748 2118 4848 9559 9813 206 482 1986 8536 6563 1474 9817 7778 4470 9848 6801 9910 
16 2571 5089 7406 5636 7648 2539 5282 1221 2216 9179 9392 7679 350 7501 5909 3638 
19 2695 2566 5214 2657 4833 6202 7631 3632 8464 1111 8194 1721 7275 7483 3389 3272 2007 1356 8046 
19 5192 409 4794 2626 7372 9320 9602 1955 3426 9575 4973 3468 4744 3685 194 4043 3027 8679 2448 
15 7561 6003 6192 5541 7430 9487 497 9180 7342 7037 4939 894 8200 1763 7432 
19 1315 9012 9890 8784 3821 2681 720 9815 1628 3537 871 7150 5008 5140 2237 3774 1821 3252 3536 
18 1515 245 6307 9543 8462 565 5996 2780 9105 2382 7663 9100 1016 5317 3635 1789 3705 6152 
18 6002 8040 3129 3991 1313 5516 1218 9874 7557 1755 7019 5457 9836 2125 9754 5950 6988 5254 
17 6263 3403 502 8309 6255 8198 9631 4720 7884 6575 5830 6247 6850 8031 6855 9258 89 
19 7499 5285 248 1804 697 5829 4109 1054 718 5347 6729 7191 2857 7609 3292 1882 2269 9509 3288 
20 1335 5507 3541 9078 4502 7255 3830 6265 6220 5816 8188 2173 3439 2760 624 693 798 9999 4898 7600 
21 7401 5090 4673 128 5025 5554 6450 8157 2783 3066 7994 4862 6009 799 5635 1947 4419 264 8982 8606 6518 
20 9675 326 284 7975 7249 7637 839 4657 1843 7668 6133 9478 230 9541 4135 4438 7280 1442 4275 8433 
19 5300 8835 4807 4299 41 3263 6942 1777 9042 1565 5426 4068 4802 6995 6382 9519 6830 9840 5646 
20 700 6296 1518 1640 8382 8351 8346 4686 4088 9065 1346 8809 9687 8099 5556 5498 6499 3330 807 9099 
21 713 1655 3786 1908 1904 9830 4875 3199 1634 9464 2178 9135 5064 688 6692 9686 3337 9601 8762 7767 7904 
20 9084 7666 9286 8915 1240 6922 5686 1 9341 2706 5910 4772 5864 1682 6581 5589 4465 2502 0 2625 
22 8708 3490 199 4980 1276 4867 7086 7876 9353 6503 633 4404 849 285 7680 742 3178 3516 8946 4361 7368 2998 
23 4742 5535 6711 9805 1223 3866 1830 2973 5120 4826 5712 3022 8609 9232 3731 3432 9474 4950 7153 7835 8913 1427 2491 
21 7119 5205 7465 168 7574 5955 3073 2167 951 5287 9158 7811 3940 6114 1286 5639 3312 8139 129 4022 7181 
22 6831 4665 9640 1527 5699 3717 6836 2518 780 9512 2551 141 5764 6699 8780 9403 6622 8975 995 2593 8070 6828 
21 7475 4153 2904 3200 3462 3475 9633 9382 57 4141 4704 2240 4433 3278 4698 6298 4100 6363 2812 1586 4191 
23 6815 8434 1200 9944 3544 6360 9485 439 4705 2686 5917 7643 8667 9229 6462 1842 9663 9528 8998 5813 6365 3941 7509 
23 7429 655 9926 69 2605 3816 5757 5777 9297 3375 5054 2982 5660 2075 5062 4415 581 3650 1289 3324 6207 6911 4220 
22 1005 2440 9045 8816 7580 2399 6069 989 95 267 6523 9381 5782 8820 2882 3689 1666 8340 3926 7753 3903 2868 
21 4214 975 6718 6128 6413 3083 4246 4285 9757 511 3502 2473 4366 4584 6416 2777 7635 8886 5705 251 437 
23 3253 9144 8338 9705 7243 4225 3411 3108 2305 5668 146 3453 4274 2527 1428 1513 6387 2615 605 4500 9986 8119 1680 
21 5497 1233 2537 6012 7226 8133 4733 3915 4003 2937 6089 524 9810 5658 684 905 7703 486 31 2298 2337 
19 3693 7236 8554 3105 1997 7870 6474 2916 8298 2480 550 7924 9658 9055 5997 5828 4580 4823 7899 
24 4094 9628 5957 7602 8285 7085 6058 6186 9696 4920 6021 8653 656 9364 5962 6907 2630 5072 8958 7771 9076 8929 6514 4432 
21 622 3605 6029 802 5663 9549 3875 4202 9625 6141 5241 105 6910 320 5734 2582 2678 3964 5348 3298 9967 
25 2920 419 7874 615 135 8823 950 3602 417 4064 2036 7710 7494 8110 5809 8239 2128 5171 3061 6320 7218 5669 8080 6348 143 
22 117 1500 8868 640 6338 3191 1994 1508 9002 4645 5913 3393 9741 6104 2805 2851 6072 2619 1940 1118 3134 8265 
23 9707 7737 8991 290 5602 9104 6710 2425 7690 164 6512 559 5994 6562 3534 8857 9748 2876 2481 3265 1751 9648 391 
23 8329 5182 9254 7554 3114 4020 98 3966 2333 378 4481 5622 7516 3722 8935 8822 9732 3277 1478 879 8430 6371 4795 
25 5086 9680 4782 8521 7572 3921 8747 8856 9654 1723 1797 7434 4024 7555 5021 7316 1781 7363 8153 940 6495 4763 8251 3504 1003 
22 568 8146 9947 6984 6903 5756 3783 3840 354 5815 3952 2680 4012 967 5851 6362 3552 6477 6217 5842 5821 4662 
25 4601 5212 2497 846 4703 1550 5888 9657 1503 9562 2934 2731 376 4344 1553 6297 1464 8334 5168 9880 6509 7997 1035 3890 1374 
25 5299 3554 956 4016 3938 3972 9524 4558 7683 1580 830 5650 6580 2406 9505 9160 4121 7940 600 8819 8276 362 5147 7146 8594 
21 2135 4250 7312 2261 9634 3585 6000 8419 1873 3051 8167 6618 2368 8620 9784 7782 8632 6397 4015 5883 1216 
24 8102 7172 4050 483 119 4410 5240 5156 4602 4245 9949 1977 2966 9644 7630 2670 5479 6124 4373 5776 9865 9642 4320 644 
25 1305 9743 9769 7567 8637 5892 2992 2967 6818 9345 9620 5495 6313 3205 3624 7267 6680 592 5000 7815 7854 4412 1426 8622 9004 
23 8640 2856 3058 782 9557 4938 4115 6771 3220 6402 5690 5674 189 4074 1709 9153 8297 5164 1021 9301 5294 6060 4865 
24 4379 5566 1729 6352 6749 3666 1792 7787 6498 4028 4409 2653 3122 3829 2907 7014 2561 7528 8704 4936 9231 609 2858 4177 
24 8703 5719 172 9314 6856 7686 6316 1272 1963 2639 6356 8937 921 8851 5211 680 9462 8473 884 4005 631 5811 8885 2100 
24 3855 8085 9795 8766 596 9951 506 4957 4029 1627 9751 9062 6251 5260 1561 5391 5561 589 8356 5098 3020 6349 1385 9891 
10 306 6793 7556 155 71 9862 7930 7059 8726 5412 
24 5860 3036 7323 3615 3885 266 5477 3795 8791 5012 9130 607 7387 377 6066 2021 776 4925 6226 4212 3633 6914 1642 6935 
23 8310 4613 3906 4656 4658 8219 1460 2577 9064 5751 9681 6013 876 852 880 2923 7720 3320 3515 5141 3702 2806 8900 
23 2949 6842 1201 8989 3319 6454 4376 8093 2442 9457 8353 1864 2330 8097 3905 9533 8986 8906 7056 9253 3703 1285 1009 
25 7861 3583 7190 8772 4869 9511 6742 1601 4137 5234 330 8529 3345 5847 8481 5176 9659 8061 5255 9788 8999 5664 8581 1652 5467 
29 6916 665 9871 6764 6392 5620 1386 32 6425 1863 8682 3565 6526 3414 4035 645 3227 9238 8237 6868 7926 7330 6564 5197 5320 8202 9184 1088 4399 
25 677 8681 5511 6615 5779 5627 5107 9819 5303 2235 8768 2999 348 2852 5465 2122 2933 9444 1316 1533 4122 4175 7408 7476 6889 
23 4059 7382 2570 2663 9450 5539 2651 5678 5503 9118 6078 8506 2790 5608 6306 4000 8077 5570 8845 9966 6015 6158 6170 
25 4494 982 2245 7698 3026 4291 152 9018 3842 9190 2323 7665 3181 8610 9833 7296 4235 6543 6225 7658 5365 5461 7836 7784 5653 
25 9325 3119 3616 8059 3542 9164 9477 7442 1175 753 3802 1537 9647 76 4824 7757 698 9933 5346 4572 1849 9760 4735 2172 204 
23 4150 5783 8796 9182 8079 381 5351 4396 9738 6537 7558 5724 5374 4496 3216 5094 4569 3296 548 8934 8215 3733 784 
21 7956 3420 5352 7628 8155 4914 9712 2060 8785 8909 8493 2645 6999 8881 9021 7367 3297 3864 8230 4811 8923 
24 1543 208 1491 6538 6119 1684 9872 6438 761 2464 9645 3338 4857 1282 7650 5763 1229 4573 9295 4599 5762 2411 6687 5647 
25 4008 7685 895 4297 7492 2250 9492 1913 8187 8795 5291 8421 8652 382 5941 538 1416 2063 1610 5877 4380 8949 2155 1439 7937 
26 9140 7883 2181 9116 8042 8128 6739 2635 6446 6023 6985 4595 4615 1768 7498 5373 946 6540 8344 1554 9672 2070 1847 8948 6322 5665 
25 6783 8034 3789 6357 2409 4101 3807 2997 3047 1693 2180 161 1239 3867 6582 6769 9072 1854 8231 5152 1936 3957 2747 6616 5078 
25 9888 6886 4659 611 2041 3112 2787 2952 4587 8831 5428 9576 9037 2602 6596 582 3699 5080 1538 7195 6894 1400 3742 6099 3620 
22 5245 7211 1222 1667 3701 7034 6927 6969 5366 6630 1660 1051 3323 9456 723 7071 7450 1615 7744 9714 4127 9993 
25 1978 2352 8575 7922 8368 2140 6601 7246 2077 5601 986 1181 1160 4639 6946 7682 7627 5350 7497 1007 6256 1333 9257 6 7069 
25 9305 4652 6703 8955 6261 6398 5656 1845 6034 5433 6132 772 8798 7490 6974 928 8471 5898 2454 3519 6725 3741 8319 4445 757 
25 6807 4139 9527 992 3054 922 8445 241 1106 2059 1487 7010 5238 3211 2115 7142 2142 5738 3091 4991 440 438 8623 3850 6080 
24 7928 6305 7847 1910 3879 3270 6648 6048 5135 9410 5628 4503 578 7078 5340 1772 9548 78 9047 3889 4530 6614 1744 948 
24 6228 7253 7840 8615 9419 3370 5453 832 823 5088 5405 5952 6674 4561 26 1918 9471 3810 2499 7189 5604 5404 1327 1288 
25 3156 9538 2781 7386 3038 6101 475 100 3818 8379 6989 369 1944 2407 9321 6301 5801 1056 9621 134 1808 1623 6311 8332 3914 
21 7399 3663 7209 2207 3493 7882 9273 4326 8761 9652 2037 2765 5502 6560 3805 9826 14 1663 9726 8201 1542 
27 3030 1496 572 2799 1647 1465 1281 9610 2600 3082 1245 8259 2119 8585 9639 9322 3173 4840 2285 2405 5326 3548 2136 4678 1633 1659 4192 
26 7040 5036 2741 4806 7208 9832 4585 66 422 6638 9209 2217 8806 708 7457 8182 1431 9894 3438 5802 9903 7788 3179 360 1087 9608 
26 3555 5187 1884 9171 7759 3721 4372 6652 102 3057 5799 3949 3117 9284 7143 9624 6602 2192 686 687 8565 5509 8619 8304 4753 2902 
27 3444 5267 5584 3194 1557 7785 5228 6584 4318 7692 7479 7448 4119 7503 2867 8904 7659 1818 7250 3682 7023 8568 8441 9664 3848 7688 6650 
25 4618 9761 7232 7364 92 5263 2033 8504 7092 7203 6024 8412 4872 8505 4832 8767 6116 9929 243 5518 620 21 5533 1225 5376 
26 273 4403 3732 8854 4007 2105 1215 9068 8530 9127 4544 8665 4063 8413 7488 561 4625 3570 1358 9588 7200 8561 9609 8538 7733 7615 
25 6695 6380 6814 5375 4990 7162 8191 8671 6216 4713 3759 3429 7633 8339 2546 4971 7699 1342 588 1108 2749 5683 6214 3611 316 
24 8962 8367 6809 9202 942 7732 3366 3993 1762 1746 7941 5001 4314 6678 7125 7510 8526 8828 7511 4952 836 8389 4812 2609 
26 2869 9375 9617 9537 1587 1324 4786 8037 2927 8236 6182 1613 553 2809 2315 7610 6513 4992 2283 2549 4774 427 7053 1367 702 7586 
25 6724 2776 5069 4017 1733 6272 3636 1079 7901 4764 5409 380 3609 2702 4072 4128 9083 2768 2476 539 2251 712 4931 432 7601 
22 734 3215 127 7477 1294 3435 7245 4605 7344 1415 1891 3959 1034 9943 4082 558 1893 3256 2300 4900 5953 9334 
27 3869 8876 6705 671 4171 3477 1369 2585 751 4880 8112 6336 3970 3434 6248 2246 938 2684 8284 8335 9739 8759 1354 5895 5198 8666 5563 
26 9393 9262 9923 8642 595 1349 225 8403 4643 529 7916 4371 6962 6566 1875 9376 3828 7090 288 80 2204 5812 4231 1341 4286 5179 
26 7463 1352 1232 6967 8951 4485 7912 7135 2696 5422 6346 7096 9561 4355 7274 4773 8063 6059 985 257 4144 4051 258 1645 7410 5471 
28 4855 169 2900 9678 2732 1686 9033 2831 7636 6643 4749 531 9134 156 5603 7830 1199 7392 1132 5470 8107 9245 8702 3676 2936 4140 1559 1825 
30 9216 1902 3190 6026 2613 6270 9710 2771 85 5642 9276 552 7856 3102 8523 6805 6243 7872 5221 5532 5908 8115 8010 6259 6720 2487 3492 6817 165 7964 
26 8518 4555 5837 7548 4593 8030 660 907 8176 8882 9242 1453 9159 9964 4441 6880 9397 1889 4468 9578 7094 5178 4054 5322 685 3688 
19 6745 2126 3775 2209 5579 5279 6041 6389 4768 5559 4173 8170 2510 8006 1280 4751 2677 6792 2530 
26 920 8094 6280 7276 4607 4099 2919 7041 4541 2745 8190 7933 883 7762 5306 6452 2694 9821 441 4152 3081 8240 6717 9567 9770 107 
27 84 7425 4986 9394 8973 617 8742 8595 9564 9546 1331 9458 990 353 2612 1979 515 6325 9682 5330 8394 2894 3503 5652 4339 5531 1212 
25 4377 6196 46 300 3482 3784 5766 2385 5050 6896 7282 9156 3469 5380 8160 9026 5384 1094 4340 3166 7127 3844 9878 579 8611 
30 4637 853 9981 1745 4021 8555 1355 7263 2482 5043 6639 8273 704 4256 8263 9822 5844 9607 4204 4730 9755 4385 6887 1703 5505 2342 6470 3637 2138 8850 
27 5769 9429 1263 5838 5866 2304 9742 2434 9466 1311 3958 3513 2320 9952 2121 5481 2729 6102 8549 1486 7672 5151 324 3441 2096 7878 9058 
10 4887 5284 25 815 3056 470 4808 1579 3229 7204 
30 769 5853 5082 7730 4664 6871 7595 1886 8151 9684 8116 292 4034 7043 2673 1436 847 3752 8218 8108 9363 7521 6075 1071 1347 5223 4510 3014 2983 2862 
25 4090 2404 9842 7411 2578 7642 7777 6570 7134 8938 2979 7513 6056 8534 2931 3210 8357 4252 8064 9708 148 5138 6761 2926 1055 
28 3988 9858 1169 1256 4930 5170 9475 9165 646 6213 3290 5701 3098 3524 115 7903 8150 7898 614 6755 8936 4004 5840 6145 1077 9895 9765 2326 
27 4307 2160 6698 252 775 7278 896 9972 2802 4966 2652 120 5100 1299 6460 1096 1814 7101 2263 5610 1819 8633 9540 1925 9599 8718 3158 
26 1833 8118 1968 2930 3124 2011 7171 9481 1441 9263 6589 6279 7729 1364 2042 3496 7352 2004 2433 7242 7050 1144 2637 488 2376 3500 
26 4842 3451 6172 9570 1189 91 1250 6407 7256 1511 9731 3981 4884 2052 5794 8431 6859 6282 4762 1296 2003 6355 5676 4672 2032 7524 
28 222 9177 444 2291 629 1182 1152 5400 1443 9035 3364 3326 7693 542 7727 8843 6165 4073 7340 1806 5298 179 6611 1481 18 2196 8862 2816 
27 5885 7808 9889 6719 7309 5695 2665 8695 6422 2044 709 1937 40 6848 7749 774 3592 9998 8525 5181 7892 651 9861 762 2698 5248 9573 
26 6706 8597 9846 2797 2076 2661 7315 5116 7746 2394 5087 2969 3811 979 2557 2722 2478 1525 9756 6184 7623 4174 5961 5536 4210 2373 
24 6961 3904 6784 1846 8272 674 8737 1509 5576 6672 1942 987 6832 9849 3494 4608 9798 2162 4148 8199 8341 8156 7295 1705 
28 957 159 4384 2187 8860 9948 4477 1098 8300 2377 2817 7745 9151 8014 1176 7334 272 7588 9919 7842 6281 9856 3917 1935 9211 9336 6019 5753 
27 4894 2675 6716 4400 8228 3062 2355 8694 1494 9900 7456 6121 6178 1831 2370 6146 7536 1026 2092 4333 1919 2815 1085 1699 8825 2090 1507 
27 24 9070 1631 8970 3746 9357 5193 8804 9962 5045 6657 3532 7629 8023 6932 9270 2461 6820 1423 5484 3728 9978 1303 7989 4069 8113 4277 
27 29 4356 2753 2360 4724 177 1109 4756 1985 6359 6893 2543 5861 8987 9379 2057 7062 5520 1033 9883 7747 2811 7859 323 8641 6127 4023 
29 1664 1862 7118 3531 4958 4089 1081 8378 4798 9604 6956 843 4331 3785 8782 8058 6157 2844 1702 816 5980 3431 1156 4612 4972 301 2697 4716 302 
25 297 1325 2362 9265 1583 1738 7066 8101 1211 3839 397 5684 4224 3454 744 4876 9653 5850 3634 8837 5949 1462 3571 2773 5460 
23 2944 4792 826 64 3418 254 461 691 7697 6677 4965 991 4442 5117 4727 3187 5084 351 7031 8508 7241 8947 1691 
25 8204 6081 9539 2640 4300 1859 5713 2275 9234 3165 1700 6426 6681 7754 3222 1435 2214 6545 7157 1795 3001 1213 4844 1473 2271 
25 2356 1475 4858 3793 6188 178 403 6374 2110 3099 4828 7080 9324 4924 9278 2016 7194 6928 5820 4436 3359 3771 2202 73 6291 
13 8088 8598 7192 4358 7121 7978 604 9580 2474 9398 2795 3679 2579 
30 5424 4497 374 8990 4888 6237 2386 4696 8220 7445 7761 6971 1412 4213 4328 8266 4623 9054 7259 3968 9718 3374 7291 4025 964 5736 8411 5749 7917 5977 
25 268 8324 3261 5014 74 9975 9101 546 5803 7466 1168 9912 5070 8721 9029 4942 5810 6431 3006 7520 5489 6845 1894 1408 962 
29 2559 1062 560 106 2667 9809 3465 6283 175 7769 993 9195 7187 6331 659 6925 7614 3031 8576 3919 7265 8294 6229 2759 2310 6032 329 8838 2358 
27 961 6082 6098 2505 2290 3675 6737 6476 1725 5951 8485 5899 9031 2270 7065 8745 2567 5136 3137 291 1654 2911 6035 4691 4364 5293 2617 
26 9283 969 425 9812 8827 7216 3770 949 4398 294 1523 8542 8953 2234 4539 7707 2364 7706 7718 2071 9615 5834 652 4261 722 4378 
28 372 6094 9928 2415 9132 9963 1521 1779 2453 3247 8243 2477 5031 8214 1710 9513 7164 6262 412 1253 8162 7775 8914 7478 2629 770 9146 3480 
28 1888 4130 4270 4195 7048 244 4327 1110 8687 6491 6902 8257 8617 2525 5933 959 7793 2715 9697 43 3980 1321 3911 6046 8893 6300 7436 4241 
30 2986 886 930 2924 4617 649 4045 3657 6587 9641 1595 458 4278 9424 3228 8662 4147 6824 3487 1042 5785 6511 2088 5010 312 3273 756 9552 6840 5269 
26 8520 7576 462 6593 6344 8018 8800 2260 2810 5632 8631 4244 9143 2374 8743 8624 9175 6264 8325 2334 7518 8095 9484 6895 7789 1060 
27 8342 7169 9655 3901 1480 3735 2045 5995 1943 4227 5310 9516 9264 6883 2154 2740 4852 8121 5401 5257 2514 6014 1813 7992 6465 6795 669 
26 8840 9272 147 4834 821 3373 9288 514 2292 6659 1644 3974 1297 3271 5250 6042 2431 5747 2889 850 8678 3143 4600 6576 8891 8414 
11 2591 5475 9448 9924 2091 1390 8753 764 8451 6241 6917 
20 1874 4347 9440 5792 2072 9896 3476 3547 9542 6891 5687 8469 4381 2379 5378 5431 3327 393 535 8636 
26 541 1455 7837 3648 9028 5550 9075 4944 1476 5835 2884 2220 4937 4532 3597 9780 4614 1409 3060 1895 5506 6501 750 2836 8468 2840 
23 1194 4879 8486 1302 3623 6268 4989 9553 2548 93 3186 1976 7285 7420 6773 5053 9961 191 5003 5644 6212 5020 1653 
28 445 3930 3896 2107 9027 3203 6367 9133 2388 1620 459 4397 2314 8956 1930 196 929 6873 2498 2462 2524 198 1878 9585 6323 6766 6644 7183 
30 3281 2558 715 4552 8869 9408 3146 7907 8560 1872 5160 2948 8981 1309 2156 2893 5486 9583 1371 4198 5383 322 7919 3280 7290 4401 54 1479 6994 1157 
28 9523 5967 934 4699 5702 7532 7515 3258 9612 8164 6882 9566 8407 3394 163 6085 2596 1283 1073 8270 3293 5638 8971 4172 5463 2922 2134 6993 
29 9799 7812 1458 4163 4353 1101 1257 7562 7103 3622 2395 2054 6727 1259 5105 5099 1747 8475 694 4092 8805 2381 3363 6287 6535 1074 926 6631 1304 
25 2008 9228 6163 8945 8510 8500 3798 8686 9082 6161 3790 1166 2439 3625 8437 2451 7130 6759 5229 5338 1126 1180 4779 5819 1185 
32 8395 7081 7984 2108 4775 711 286 3909 4871 1004 352 8984 8062 3646 2095 7829 4767 1393 8540 2599 8492 2793 8248 9453 4722 3387 706 6074 4901 1858 6087 6675 
13 476 9152 9547 6572 5590 8004 1058 1732 7233 6010 4142 4799 4542 
26 3149 9077 4105 2842 7764 3754 1912 2885 4895 4776 3305 4302 6898 4221 1394 3213 6813 8016 1836 5066 6335 5146 7705 9787 2516 7011 
13 1399 3776 6617 813 2124 2483 45 4176 4956 7437 7577 5361 4488 
29 4143 3621 396 4236 6393 5033 9222 2035 7271 2515 5514 6579 6746 4159 6775 9908 1590 5097 1622 9170 2144 1764 4548 5190 4752 9465 6603 5174 3032 
28 3471 5526 5915 7604 3155 7915 6865 4117 4638 4491 4113 7794 7770 3044 8007 216 5976 5396 4932 6555 3209 9661 5960 1092 7673 6249 7393 5446 
20 1778 2875 5452 4677 4114 9299 8755 7288 10 8931 8522 5733 6578 3206 8365 2592 1350 336 8331 9088 
25 55 4969 9089 2184 5009 2648 5123 6156 138 5564 8864 1960 736 6064 7351 153 8258 8387 5 8056 5580 3613 4820 2819 2509 
31 5341 3133 9388 7301 7197 2164 7715 8288 7569 508 1338 9248 5824 8645 8296 6218 1679 5708 9790 7100 2413 6530 4748 5430 33 8281 2133 3835 3347 8870 5874 
23 9864 9729 3895 7234 509 1752 2565 5770 1568 6683 5582 5104 3992 4985 9899 3125 6303 5327 3322 6445 5637 3791 4473 
29 6115 8801 9496 8316 7805 2467 5619 5356 4247 3466 7691 599 5219 3946 1531 6751 5268 9221 6823 9092 4351 2416 4577 6065 6936 1064 6405 1961 6096 
29 2912 1220 1790 3499 2972 5451 2906 9268 4907 1429 2547 118 4206 1820 8051 2402 6696 8705 1688 4712 9843 116 1780 9338 4757 8888 4570 1939 7036 
26 4687 4449 7873 4498 4594 3843 2921 4800 9911 1643 8229 7931 808 2444 6312 9534 7802 8720 2018 3700 7589 1362 188 828 6112 464 
30 2576 8664 2025 9632 2898 4853 1504 2174 4653 1716 4714 7724 833 8075 2048 7381 4654 947 1591 2284 8359 654 1749 4240 5258 911 3046 8078 973 7986 
21 5332 7207 1391 5998 7415 7843 4406 9056 6038 5166 450 9102 4915 5118 205 1049 4968 5946 2908 4281 1020 
30 5598 4046 2989 2568 9526 1589 8644 2206 516 8401 716 6757 9844 6067 8659 402 4472 3593 9358 7461 7504 2676 4715 5648 1219 9147 4996 7051 7918 6350 
24 6913 7592 485 9438 6106 2264 9701 1008 9441 3157 5959 7763 1320 4947 223 5379 4238 4272 6427 7736 8249 690 748 6191 
28 4788 1541 3505 9980 1117 5907 7564 9623 5101 4209 5700 121 8952 8026 3079 1946 510 3395 8081 226 3852 3063 4169 6028 4162 2608 9829 1107 
31 4346 5567 7817 2393 5074 9837 3085 4031 193 6386 1193 6930 3859 1048 1330 865 2796 4453 5314 8009 8432 6224 5103 6768 9124 3419 269 7390 8808 1204 7405 
27 157 9073 4689 1179 6134 6379 9303 8312 1466 8033 8444 7366 15 1787 6722 3748 7047 6679 7667 367 2148 2865 7563 3533 242 8374 7133 
12 7110 2913 220 8839 495 5625 1759 5599 5485 2277 8959 1086 
24 1973 5879 1069 2397 3782 7370 9789 4019 8193 5804 8917 9006 9946 3598 2380 647 6688 8483 9493 4976 3023 6676 8235 8925 
30 5161 9482 7573 8638 5709 7361 342 523 1799 3874 1045 9370 1791 5076 1104 1248 5201 6605 7009 183 996 1769 6945 6516 6976 5316 9501 9960 6154 9721 
12 5982 9366 4280 6947 6037 2995 4967 787 898 5758 7115 8865 
28 4495 3421 5878 2043 1292 9192 3691 365 544 9950 1271 3425 777 3845 918 3221 2087 4701 528 2428 1765 3407 4230 13 7742 707 4239 2114 
30 3103 52 6885 8072 9167 7145 1417 7167 3314 1896 1197 5386 7822 8103 5630 9433 889 4232 3813 7560 1816 9389 5925 5493 8663 8295 3427 471 3478 3836 
30 6160 9859 1639 2023 1198 355 30 2248 9823 5323 6179 6838 387 1264 912 4675 4906 4647 7790 8749 556 6561 207 1877 8206 9668 763 7017 8019 431 
31 9581 3584 4293 7474 7339 4784 9992 9319 1539 6915 2958 6909 7508 4866 7493 1392 5462 4628 9421 1368 5092 7741 9989 6142 3472 2970 804 6148 418 8275 4846 
32 1735 281 2040 7726 6808 7221 7894 4211 3765 7654 130 2065 8533 897 9611 1348 4892 1981 1861 9230 5247 361 2354 2668 1262 1811 6417 6005 1129 7756 4298 8879 
30 6965 3997 1584 4921 2366 2910 5372 9584 6103 6921 9074 5725 3231 9592 6203 1871 8126 2762 1446 8354 3300 9973 2517 2872 4998 5202 9290 5937 8503 5944 
29 1866 8691 8159 6391 8416 4111 1203 3710 1603 2534 1532 280 6120 9667 6451 8017 3356 1551 6117 5416 1712 9582 4431 4563 6991 6384 1923 3558 9759 
29 6424 1934 1638 8760 536 5534 215 2766 8603 6571 9038 9226 8494 6864 235 612 3595 7397 3360 9053 7247 5414 5912 5773 3343 4977 3591 1931 2273 
31 2941 3862 3372 3673 1692 7414 65 9106 3851 3750 4564 7045 4104 2769 8562 5188 4856 2332 1921 8590 8532 4335 4362 3900 2820 1788 9119 3304 7496 8260 3737 
31 5716 4062 4634 9882 8148 890 862 3498 2622 6800 3450 7998 9298 5302 1715 9724 4167 8293 1308 4747 1383 3447 3630 4030 2050 3868 1572 3730 2529 7467 9250 
27 580 275 4282 2086 9987 8550 3007 7422 9838 9720 7542 7857 4087 395 9103 9205 8672 3448 3074 2763 5357 1899 2879 3390 5889 7731 9097 
29 585 2846 9362 6905 7222 8746 2082 1188 2104 8928 2835 2229 3799 3075 9157 2078 8933 3159 5577 4626 5754 2258 1214 6108 2968 6051 6869 1456 2964 
20 499 8446 5569 7987 8186 1424 1396 484 6020 9435 42 4603 3820 7850 6432 6482 298 5618 3259 5399 
29 8406 1461 4426 9208 4734 2468 6443 5329 1448 857 463 1389 8918 7866 5527 8903 6874 5106 7800 3590 5945 7426 2127 4108 4134 3180 6113 7460 1403 
33 2020 2179 6140 4787 6211 9881 2417 8366 9694 4821 2901 8871 3509 9420 8988 9001 8901 2034 3847 9163 1310 28 1499 9275 3118 8757 3935 1397 5215 5973 3856 5707 5159 
14 2660 6378 9867 3973 1298 3794 2792 5634 3525 5737 5130 9977 3012 9711 
30 5381 4456 7920 6641 8502 1598 9328 5208 1924 6684 8109 8027 5256 9000 7407 1748 9508 4060 3686 2978 1535 1707 6309 2849 2726 9307 6093 7980 1722 6302 
29 7141 2241 319 586 1612 4086 6345 7712 8491 4667 1470 6223 6181 6437 5670 6406 5730 9460 870 7923 6506 5185 3927 7530 259 2993 4759 6242 4416 
29 7799 9734 4981 8799 5289 1656 4690 9141 4394 8551 7525 4642 8125 202 6866 518 7743 3234 8954 9945 2378 9040 6972 6435 2550 4157 6250 2329 5896 
27 8728 7806 5301 2272 4550 893 3757 9015 2141 6253 8450 9574 6235 9139 3714 8246 3736 1519 9081 8418 7584 4680 5831 8658 5549 1905 3612 
33 8179 6839 3846 7900 6642 7624 5901 9219 4685 8134 7120 7967 8511 2089 2607 3854 6963 5210 9333 4136 8247 4165 8922 3235 5703 9772 1231 869 16 5930 6819 9294 3097 
34 9979 6036 7647 4085 7389 3561 2874 7341 7305 7949 6201 4566 4499 6987 2281 9240 9934 2829 7823 3174 3154 2443 9593 3413 2850 6787 8165 5823 4668 3681 5544 9431 4042 3523 
28 3008 3308 8926 9968 9300 5041 4263 7149 5040 133 1774 3285 8807 9785 3449 1982 4345 6324 9422 3034 5236 8478 5787 944 4926 1987 3042 9380 
32 7640 9800 7231 5163 3127 2737 4125 5768 4014 2601 3761 2319 2513 9368 2383 7004 3121 936 4825 4899 5019 1690 3136 5852 2500 1258 4182 2987 7165 3853 9507 3184 
27 6607 2938 1907 8826 3269 9155 5519 8883 2713 1317 5692 1800 3877 9479 173 201 5132 7671 5772 8032 5126 8141 3563 6626 8716 392 2750 
34 9901 4266 8741 6821 5039 5305 7796 4343 2479 8814 8225 1810 2804 3463 2228 1967 1771 3039 3925 4443 5167 8299 2299 9699 5496 1957 1380 6899 5048 9555 79 1526 7459 7105 
29 7911 953 2309 5154 7006 6619 7594 9330 7502 2636 5155 255 8963 6519 7077 5016 2344 2991 1786 5993 2572 5612 7038 3642 8082 6230 5024 4983 7264 
30 3457 1911 2375 793 3924 5278 83 724 2 2935 501 3443 4651 6806 490 8646 1741 7046 6318 1444 5633 717 6408 3766 8836 6606 9154 6782 9117 1575 
21 7346 6708 1255 2621 8911 7262 5005 3404 8729 6790 4835 6577 1766 8778 1868 9057 9454 455 5825 5108 9005 
31 3743 2841 8460 4096 1897 1012 6953 3556 7205 1756 8307 3967 8650 2909 4711 6713 4009 916 5482 1604 9447 2587 7945 3018 4447 7954 9656 5836 9220 8740 9614 
13 3539 7962 6847 9594 8065 4166 9178 9958 3485 289 9764 3284 4049 
30 6456 8105 8627 3474 3295 3501 779 1840 9361 4718 4533 9302 3645 4777 6726 4582 4964 1307 4754 7853 5363 4427 7607 4551 2624 3223 8384 2069 994 8910 
30 5406 5026 2438 3963 2151 7266 1420 670 5583 3610 8547 6857 3070 67 7651 6728 3550 2017 8842 1606 3076 2350 3013 1754 8355 5893 7813 3559 2098 9909 
30 3025 4515 8764 5133 5411 3574 3436 2808 3428 3672 7384 9779 2863 7689 543 9758 9225 9630 2311 1457 6554 1238 5640 2083 3015 9791 7057 6958 7979 1472 
18 364 4916 2345 6447 5184 9939 9801 9807 9991 1927 1933 2877 6788 3965 8083 9129 9024 4841 
21 873 7587 1980 9085 7701 5143 866 8516 5364 4710 1753 2739 6812 9445 8053 4193 8790 1014 8322 9831 6342 
28 7229 2535 3282 5472 1681 2051 7148 5073 7440 4219 6292 9407 338 5083 7807 456 3567 3004 7960 2027 1484 5745 7625 1837 3898 9123 424 3825 
31 7088 754 6231 4357 3267 8976 2526 4486 4248 3948 9778 4365 3328 6240 8428 4330 4033 8291 9716 4850 752 5786 3526 564 1028 5897 7154 3792 140 2886 9673 
33 489 1592 7755 3661 8289 5417 6625 7462 9994 9983 2504 4055 7865 5523 9351 8688 8974 9879 5262 4093 3738 6802 1770 6525 3481 5450 2672 2703 1969 2488 8226 7358 7375 
30 3692 1876 4669 4851 2959 4562 11 4279 8916 3753 8136 5880 2633 6138 8383 9671 4388 3142 2682 8512 6276 5918 727 8570 9997 9745 1153 5900 7472 6934 
33 6649 4002 8268 5042 3772 2580 7620 4038 2501 6375 714 3977 7547 7566 7132 5473 8212 126 1914 970 8127 1839 2242 7328 1694 9148 4341 5432 855 2940 4766 2664 8301 
28 2774 9043 7645 8693 399 3999 695 7021 5004 692 6730 8960 282 2139 3101 4770 34 3506 8476 2001 4974 4254 822 7669 6481 2203 3619 452 
32 8509 3377 6290 9022 683 6888 3339 4692 5385 575 3470 5464 6353 4893 5353 2218 3 887 7879 1566 217 505 4168 1760 4183 8685 2353 1187 3455 8279 8238 7700 
32 583 1328 6810 3077 4106 2859 6779 2945 9941 639 9110 7791 5023 1041 1123 3606 5172 1047 4845 5349 4461 7942 5115 185 9587 5469 8866 3113 6978 8195 805 7996 
32 61 5992 9378 6743 2137 9023 6920 8400 800 8140 5694 7626 7935 3907 3340 5122 1029 238 7944 5862 5052 9665 4963 5035 5761 7304 2830 6627 9010 4479 664 590 
30 5343 1395 7394 7220 5442 5929 2614 924 1337 6908 8177 90 4988 5999 37 6459 1668 3551 8161 5186 363 7634 3600 8810 3248 5750 1095 3690 9736 4962 
33 5304 9722 689 5767 6983 618 7091 2341 151 1720 9247 7178 2631 5651 3182 304 4264 6234 9498 7999 2197 7661 6176 1243 6949 4284 3303 4269 4242 7968 8927 7951 9677 
35 6694 2452 6488 8692 6423 6772 9114 4290 2116 7750 3894 5872 434 4487 8545 8748 9884 5704 8470 9490 2506 9355 4032 7798 2447 2685 4817 8417 4671 4934 9067 1983 7906 9461 247 
32 6633 8261 4590 4688 1130 1783 2024 4843 4543 1822 2153 1624 6047 9136 122 3902 112 9709 5904 8314 7095 4439 4322 1661 5286 3998 1991 5845 2287 4332 4929 7281 
33 741 9150 8872 6415 6926 274 283 3115 5139 4457 4591 2390 2244 5180 7529 9783 7570 7507 6326 1649 2903 7388 2466 8436 571 9885 1495 8487 6070 4040 9827 5312 3048 
17 4011 2837 6799 6444 1078 9239 1025 1119 5492 9098 7452 1802 6979 5978 3719 998 3643 
31 1528 5537 7298 3123 2400 4997 9337 8601 2437 9706 3416 405 1031 8616 5389 9113 8264 4632 8584 4368 340 9399 673 5331 829 2929 9266 7416 5551 7343 2457 
31 5222 6712 5689 7007 6982 4489 2268 4809 3392 2595 5911 4682 5313 9767 740 4312 293 7273 2254 339 5420 3019 3832 593 2564 2827 5011 9206 9700 9304 7834 
32 1993 3065 5715 5032 678 2205 3251 1236 1217 5529 1534 8074 1471 6939 9142 1468 4547 5981 3796 7551 487 5203 1432 6624 919 9439 7591 5696 4079 4697 5714 1540 
21 368 6043 6167 8343 9292 517 7403 9930 7786 6938 3344 6531 2918 574 2503 8409 6388 4540 1359 8122 1120 
31 4586 1075 5191 2861 6682 4440 7286 6970 732 2175 3316 5587 4251 4979 9384 3351 8129 125 803 7419 6709 8944 356 6267 7240 7136 4116 1990 7235 3954 1437 
35 8420 8067 7781 2109 7237 17 5958 366 8649 3573 6366 527 8750 9816 1767 5243 279 6542 6171 278 8817 6396 467 8689 334 7168 2249 860 4556 2347 7828 1573 1726 5063 5037 
33 1353 1988 6863 239 9917 357 3893 5600 1154 1870 6897 3052 7024 6816 3011 9213 863 256 1235 3266 6376 4001 4076 8241 1080 75 5121 5928 6661 1149 7943 8943 4189 
15 5091 4746 4423 5963 2093 8286 785 3662 1490 9660 7310 2888 3041 3264 3975 
25 7355 4044 4518 6861 2955 2854 1834 909 6862 6785 7106 6539 8221 9423 3171 7201 9455 6653 3464 3978 2855 1274 3797 5044 6221 
23 4467 5061 1501 5102 6083 453 6339 2947 473 3016 634 3962 1853 1975 6180 2182 4061 7833 7597 2847 1599 5030 7042 
33 7877 232 2994 9955 6940 9428 1387 958 386 3009 8544 2532 1832 2213 8961 6187 9554 3473 3489 9470 3237 9688 8846 875 1268 1413 4448 7959 3945 6941 1115 3310 1805 
32 4066 4549 8242 9643 6609 4075 6522 1277 2159 2129 1761 3808 4620 2340 103 2756 4407 4464 4621 9957 8233 745 2890 9437 8579 287 7722 2131 5047 1137 4292 4987 
32 8564 6122 728 6774 4805 3201 3150 537 6778 3072 5233 9571 6436 1714 5308 8725 1050 7735 3660 7734 9400 6478 8466 8756 988 7544 7027 3718 6464 8877 6964 4538 
32 7318 4660 1516 3241 5216 3141 1402 1314 9112 3045 5986 7326 8811 8593 9988 3139 5292 4430 5943 5793 1237 9050 2728 2168 167 844 5581 176 7427 8507 5661 5449 
32 8559 5259 9480 8833 2990 2960 6833 6442 4190 5249 8993 4429 8169 1629 8415 1275 733 1065 6612 1964 6054 2215 888 8011 8393 8657 7983 648 7160 9061 1646 231 
25 7347 7538 1953 9183 8591 6574 2231 6629 3763 6858 6846 9863 4258 3599 4505 6372 8651 3268 2002 3644 2976 6573 327 4133 4310 
32 8189 7819 3212 512 9185 6414 8997 261 77 8673 4217 1597 6505 8621 4978 4993 6733 5512 5002 7179 6604 3788 8643 8172 1124 9898 4961 314 5362 8124 9834 1569 
35 8675 1345 7402 859 433 999 3979 4459 6105 4237 4912 6137 6486 7353 276 22 7860 7260 8025 3406 3756 6131 4565 6588 5427 8496 1793 5546 8964 9676 2666 9034 3350 2019 5855 
23 6879 8656 5565 2956 8841 8166 4265 2634 7016 8863 2552 8844 5217 7871 1241 5354 8501 8608 7826 7202 2492 3863 4120 
22 3291 4919 7552 8049 9331 4881 2325 7454 2721 1351 6948 2553 4708 2392 8349 8142 4375 4785 4490 8453 7252 4393 
33 3564 4890 1357 6655 2039 4567 6565 3233 6006 9193 4316 6798 7018 4903 9727 1266 809 5778 6977 8495 6758 3376 1375 6354 5671 9413 4367 8528 2730 4683 5988 2724 5884 
17 9954 4188 3913 2611 3553 4053 2257 9367 5807 7970 1059 9373 5926 7863 3928 4568 5859 
33 2327 4067 663 1850 6714 4218 6130 3053 171 2062 1145 9194 4878 8524 8539 8513 3078 9237 812 1485 972 5542 6284 4402 6892 9984 5157 9210 82 6315 6294 9374 6690 
30 9411 333 9224 6205 4369 4460 6975 9335 2084 7708 2348 4359 4970 9091 8813 2644 8969 5093 7646 8829 5336 7875 1556 7947 4095 8391 9747 5935 3687 5173 
